 start_time :2019-12-31 14:24:38 
 batch_size :12 
 rate     iter   epoch  | valid   top@1    top@5    map@5  | train    top@1    top@5    map@5 | batch    top@1    top@5    map@5 |  time          
---------------------------------------------------------------------------------------------------------------------------------------------------------------------------
 start_time :2019-12-31 14:49:09 
 batch_size :12 
 rate     iter   epoch  | valid   top@1    top@5    map@5  | train    top@1    top@5    map@5 | batch    top@1    top@5    map@5 |  time          
---------------------------------------------------------------------------------------------------------------------------------------------------------------------------
 start_time :2019-12-31 15:08:11 
 batch_size :12 
 rate     iter   epoch  | valid   top@1    top@5    map@5  | train    top@1    top@5    map@5 | batch    top@1    top@5    map@5 |  time          
---------------------------------------------------------------------------------------------------------------------------------------------------------------------------
0.00030  0.00 k  0.00  | 1.661    30.997    30.997    0.3100    0.6000 | 0.000    0.000    0.000 | 0.000     0.000    0.000 |  0 hr 00 min 
 start_time :2019-12-31 15:23:09 
 batch_size :3 
 rate     iter   epoch  | valid   top@1    top@5    map@5  | train    top@1    top@5    map@5 | batch    top@1    top@5    map@5 |  time          
---------------------------------------------------------------------------------------------------------------------------------------------------------------------------
0.00030  0.00 k  0.00  | 1.675    30.997    30.997    0.3100    0.6000 | 0.000    0.000    0.000 | 0.000     0.000    0.000 |  0 hr 01 min 
0.00030  0.20 k  0.10  | 1.468    30.997    31.132    0.3106    0.6000 | 1.732    0.167    0.003 | 1.971     0.000    0.000 |  0 hr 05 min 
0.00030  0.40 k  0.19  | 1.459    30.997    30.997    0.3100    0.6000 | 1.726    0.000    0.002 | 1.489     0.000    0.000 |  0 hr 09 min 
0.00030  0.60 k  0.29  | 1.449    30.997    31.132    0.3104    0.6000 | 1.765    0.167    0.002 | 1.893     0.000    0.000 |  0 hr 14 min 
0.00030  0.80 k  0.39  | 1.448    30.997    30.997    0.3100    0.6000 | 1.739    0.000    0.002 | 1.749     0.000    0.000 |  0 hr 18 min 
0.00030  1.00 k  0.49  | 1.481    30.997    30.997    0.3100    0.6000 | 1.769    0.000    0.002 | 1.921     0.000    0.000 |  0 hr 23 min 
0.00030  1.20 k  0.58  | 1.516    30.997    30.997    0.3100    0.6000 | 1.764    0.000    0.004 | 1.831     0.000    0.000 |  0 hr 27 min 
0.00030  1.40 k  0.68  | 1.601    30.997    31.267    0.3107    0.6000 | 1.749    0.000    0.002 | 1.868     0.000    0.000 |  0 hr 31 min 
0.00030  1.60 k  0.78  | 1.511    30.997    30.997    0.3100    0.6000 | 1.752    0.000    0.003 | 1.618     0.000    0.017 |  0 hr 36 min 
0.00030  1.80 k  0.88  | 1.520    30.997    31.132    0.3106    0.6000 | 1.733    0.667    0.016 | 1.684     8.333    0.083 |  0 hr 40 min 
0.00030  2.00 k  0.97  | 1.627    30.997    30.997    0.3100    0.7000 | 1.772    1.167    0.024 | 1.669     0.000    0.000 |  0 hr 44 min 
0.00030  2.20 k  1.07  | 1.534    30.997    31.267    0.3106    0.6000 | 1.800    0.833    0.019 | 1.711     0.000    0.000 |  0 hr 49 min 
0.00030  2.40 k  1.17  | 1.484    30.997    31.132    0.3106    0.6000 | 1.740    2.833    0.047 | 1.963     0.000    0.000 |  0 hr 53 min 
0.00030  2.60 k  1.27  | 1.604    30.997    30.997    0.3100    0.6000 | 1.759    3.000    0.056 | 1.717     16.667    0.167 |  0 hr 58 min 
0.00030  2.80 k  1.36  | 1.564    30.997    30.997    0.3100    0.6000 | 1.737    5.167    0.074 | 1.771     16.667    0.167 |  1 hr 02 min 
0.00030  3.00 k  1.46  | 1.556    30.997    30.997    0.3100    0.6000 | 1.757    6.667    0.104 | 1.928     8.333    0.153 |  1 hr 07 min 
0.00030  3.20 k  1.56  | 1.508    30.997    31.132    0.3104    0.6000 | 1.751    9.167    0.119 | 1.822     8.333    0.083 |  1 hr 11 min 
0.00030  3.40 k  1.66  | 1.517    30.997    31.132    0.3106    0.6000 | 1.732    9.333    0.112 | 1.656     8.333    0.083 |  1 hr 15 min 
0.00030  3.60 k  1.75  | 1.673    30.997    31.132    0.3104    0.7000 | 1.735    6.000    0.076 | 1.855     0.000    0.017 |  1 hr 20 min 
0.00030  3.80 k  1.85  | 1.581    30.997    31.132    0.3106    0.6000 | 1.738    10.500    0.126 | 1.753     16.667    0.167 |  1 hr 24 min 
0.00030  4.00 k  1.95  | 1.620    30.997    30.997    0.3100    0.6000 | 1.779    9.667    0.120 | 1.714     8.333    0.128 |  1 hr 29 min 
0.00030  4.20 k  2.05  | 1.653    30.997    31.132    0.3106    0.6000 | 1.731    11.333    0.130 | 1.591     8.333    0.083 |  1 hr 33 min 
0.00030  4.40 k  2.14  | 1.613    30.997    31.132    0.3106    0.6000 | 1.752    6.833    0.090 | 1.706     8.333    0.083 |  1 hr 37 min 
0.00030  4.60 k  2.24  | 1.605    30.997    31.132    0.3104    0.6000 | 1.738    7.333    0.092 | 1.580     0.000    0.017 |  1 hr 42 min 
0.00030  4.80 k  2.34  | 1.607    30.997    31.132    0.3106    0.6000 | 1.749    12.333    0.142 | 1.952     0.000    0.000 |  1 hr 46 min 
0.00030  5.00 k  2.44  | 1.720    30.997    30.997    0.3100    0.7000 | 1.730    11.333    0.132 | 1.698     25.000    0.250 |  1 hr 50 min 
0.00030  5.20 k  2.53  | 1.635    30.997    31.132    0.3104    0.6000 | 1.756    9.667    0.112 | 1.702     0.000    0.000 |  1 hr 55 min 
0.00030  5.40 k  2.63  | 1.716    30.997    31.132    0.3103    0.7000 | 1.681    11.833    0.144 | 1.594     8.333    0.139 |  1 hr 59 min 
0.00030  5.60 k  2.73  | 1.696    30.997    30.997    0.3100    0.7000 | 1.736    9.500    0.122 | 1.889     8.333    0.083 |  2 hr 04 min 
0.00030  5.80 k  2.83  | 1.605    30.997    31.267    0.3113    0.6000 | 1.736    12.167    0.138 | 1.645     16.667    0.167 |  2 hr 08 min 
0.00030  6.00 k  2.92  | 1.607    30.997    31.267    0.3106    0.6000 | 1.722    12.500    0.145 | 1.768     0.000    0.000 |  2 hr 13 min 
0.00030  6.20 k  3.02  | 1.660    30.997    31.267    0.3108    0.6000 | 1.712    13.500    0.146 | 1.704     25.000    0.250 |  2 hr 17 min 
0.00030  6.40 k  3.12  | 1.601    30.997    31.267    0.3109    0.6000 | 1.716    11.333    0.147 | 1.596     25.000    0.250 |  2 hr 21 min 
0.00030  6.60 k  3.22  | 1.716    30.997    31.132    0.3104    0.7000 | 1.753    10.333    0.129 | 1.680     0.000    0.086 |  2 hr 26 min 
0.00030  6.80 k  3.31  | 1.767    30.997    30.997    0.3100    0.7000 | 1.727    14.000    0.161 | 1.781     16.667    0.167 |  2 hr 30 min 
0.00030  7.00 k  3.41  | 1.659    30.997    31.402    0.3110    0.7000 | 1.733    13.500    0.155 | 1.715     8.333    0.083 |  2 hr 35 min 
0.00030  7.20 k  3.51  | 1.772    30.997    31.132    0.3104    0.7000 | 1.727    13.833    0.157 | 1.663     25.000    0.250 |  2 hr 39 min 
0.00030  7.40 k  3.61  | 1.630    30.997    31.536    0.3120    0.8000 | 1.720    11.667    0.135 | 1.838     8.333    0.083 |  2 hr 43 min 
0.00030  7.60 k  3.70  | 1.721    30.997    31.402    0.3113    0.7000 | 1.696    12.500    0.153 | 1.714     16.667    0.215 |  2 hr 48 min 
0.00030  7.80 k  3.80  | 1.732    30.863    31.402    0.3111    0.9000 | 1.695    14.167    0.165 | 1.636     25.000    0.271 |  2 hr 52 min 
0.00030  8.00 k  3.90  | 1.737    30.728    31.402    0.3097    0.9000 | 1.712    15.500    0.178 | 1.683     25.000    0.250 |  2 hr 56 min 
0.00030  8.20 k  4.00  | 1.730    30.997    31.806    0.3125    0.7000 | 1.677    14.500    0.177 | 1.799     8.333    0.111 |  3 hr 01 min 
0.00030  8.40 k  4.09  | 1.773    30.863    31.132    0.3096    0.9000 | 1.677    15.167    0.182 | 1.608     16.667    0.167 |  3 hr 05 min 
0.00030  8.60 k  4.19  | 1.809    30.997    31.806    0.3131    0.9000 | 1.681    17.500    0.202 | 1.773     16.667    0.208 |  3 hr 10 min 
0.00030  8.80 k  4.29  | 1.819    30.728    31.671    0.3101    0.9000 | 1.699    16.167    0.190 | 1.697     16.667    0.225 |  3 hr 14 min 
0.00030  9.00 k  4.39  | 1.845    30.728    31.267    0.3095    0.8000 | 1.695    16.833    0.186 | 1.756     8.333    0.083 |  3 hr 19 min 
0.00030  9.20 k  4.48  | 1.837    30.728    31.941    0.3111    0.9000 | 1.677    15.333    0.189 | 1.665     25.000    0.250 |  3 hr 23 min 
0.00030  9.40 k  4.58  | 1.779    30.728    31.671    0.3110    0.9000 | 1.689    12.667    0.170 | 1.517     0.000    0.086 |  3 hr 27 min 
0.00030  9.60 k  4.68  | 1.795    30.997    31.402    0.3109    0.9000 | 1.665    14.500    0.180 | 1.557     16.667    0.194 |  3 hr 32 min 
0.00030  9.80 k  4.78  | 1.828    30.728    31.671    0.3108    0.9000 | 1.640    14.833    0.186 | 1.681     0.000    0.042 |  3 hr 36 min 
0.00030 10.00 k  4.87  | 1.812    30.997    32.075    0.3135    0.9000 | 1.642    15.500    0.193 | 1.564     16.667    0.194 |  3 hr 41 min 
0.00030 10.20 k  4.97  | 1.773    30.997    32.075    0.3133    0.7000 | 1.666    15.833    0.197 | 1.564     16.667    0.188 |  3 hr 45 min 
0.00030 10.40 k  5.07  | 1.764    30.997    31.941    0.3142    0.8000 | 1.648    16.167    0.205 | 1.655     16.667    0.194 |  3 hr 50 min 
0.00030 10.60 k  5.17  | 1.873    30.997    32.210    0.3148    0.9000 | 1.630    16.667    0.217 | 1.726     8.333    0.125 |  3 hr 54 min 
0.00030 10.80 k  5.26  | 1.819    30.997    32.345    0.3159    0.9000 | 1.628    19.833    0.250 | 1.673     33.333    0.403 |  3 hr 58 min 
 start_time :2020-01-01 15:57:17 
 batch_size :3 
  start from10800, l_rate =0.0003 
freeze=False, batch_size=3, min_num_class=10 
 start_time :2020-01-01 16:02:01 
 batch_size :3 
  start from10600, l_rate =0.0003 
freeze=False, batch_size=3, min_num_class=10 
 rate     iter   epoch  | valid   top@1    top@5    map@5  | train    top@1    top@5    map@5 | batch    top@1    top@5    map@5 |  time          
---------------------------------------------------------------------------------------------------------------------------------------------------------------------------
0.00030 10.60 k  5.17  | 1.870    30.997    32.075    0.3135    0.8000 | 0.000    0.000    0.000 | 0.000     0.000    0.000 |  0 hr 01 min 
0.00030 10.80 k  5.26  | 1.848    30.997    32.480    0.3161    0.9000 | 1.606    19.667    0.243 | 1.887     16.667    0.208 |  0 hr 05 min 
0.00030 11.00 k  5.36  | 1.901    30.863    32.210    0.3133    0.9000 | 1.593    17.833    0.234 | 1.649     16.667    0.194 |  0 hr 09 min 
0.00030 11.20 k  5.46  | 1.782    30.997    32.749    0.3167    0.8000 | 1.612    19.000    0.230 | 1.818     16.667    0.211 |  0 hr 14 min 
0.00030 11.40 k  5.56  | 1.836    30.863    32.884    0.3153    0.9000 | 1.629    18.667    0.243 | 2.022     16.667    0.167 |  0 hr 18 min 
0.00030 11.60 k  5.65  | 1.855    30.997    32.749    0.3170    0.8000 | 1.650    17.000    0.233 | 1.521     16.667    0.250 |  0 hr 23 min 
0.00030 11.80 k  5.75  | 1.939    30.997    32.749    0.3173    0.9000 | 1.598    20.000    0.251 | 1.524     8.333    0.194 |  0 hr 27 min 
0.00030 12.00 k  5.85  | 1.949    30.997    33.154    0.3191    0.9000 | 1.621    19.167    0.246 | 1.637     25.000    0.278 |  0 hr 31 min 
0.00030 12.20 k  5.95  | 1.852    30.997    33.019    0.3187    0.9000 | 1.582    19.833    0.258 | 1.642     8.333    0.125 |  0 hr 36 min 
0.00030 12.40 k  6.04  | 1.830    30.728    32.884    0.3162    0.9000 | 1.539    23.667    0.301 | 1.571     41.667    0.417 |  0 hr 40 min 
0.00030 12.60 k  6.14  | 1.957    30.997    32.749    0.3177    0.9000 | 1.624    22.000    0.279 | 1.642     16.667    0.208 |  0 hr 44 min 
0.00030 12.80 k  6.24  | 1.853    30.997    33.019    0.3192    0.9000 | 1.593    22.667    0.280 | 1.520     16.667    0.211 |  0 hr 49 min 
0.00030 13.00 k  6.34  | 1.931    31.132    33.019    0.3193    0.8000 | 1.578    22.500    0.295 | 2.030     8.333    0.208 |  0 hr 53 min 
0.00030 13.20 k  6.43  | 1.855    30.997    33.423    0.3202    0.9000 | 1.562    24.833    0.311 | 1.308     25.000    0.311 |  0 hr 58 min 
0.00030 13.40 k  6.53  | 1.910    31.267    33.154    0.3213    0.7000 | 1.575    22.167    0.290 | 1.555     25.000    0.292 |  1 hr 02 min 
0.00030 13.60 k  6.63  | 1.860    31.536    33.423    0.3233    0.7000 | 1.579    24.500    0.328 | 1.576     25.000    0.403 |  1 hr 06 min 
0.00030 13.80 k  6.73  | 1.798    30.997    33.154    0.3190    0.8000 | 1.539    29.167    0.363 | 1.479     33.333    0.444 |  1 hr 11 min 
0.00030 14.00 k  6.82  | 1.861    31.267    33.827    0.3225    0.8000 | 1.494    29.167    0.358 | 1.627     33.333    0.354 |  1 hr 15 min 
0.00030 14.20 k  6.92  | 1.859    31.132    33.962    0.3234    0.8000 | 1.526    28.333    0.357 | 1.903     25.000    0.361 |  1 hr 19 min 
0.00030 14.40 k  7.02  | 1.943    30.997    33.558    0.3207    0.8000 | 1.502    29.833    0.385 | 1.313     50.000    0.597 |  1 hr 24 min 
0.00030 14.60 k  7.12  | 1.917    31.267    33.693    0.3224    0.8000 | 1.498    30.000    0.372 | 1.641     33.333    0.396 |  1 hr 28 min 
0.00030 14.80 k  7.21  | 1.866    31.267    33.558    0.3229    0.8000 | 1.500    29.000    0.380 | 1.603     16.667    0.211 |  1 hr 33 min 
0.00030 15.00 k  7.31  | 1.879    31.402    34.232    0.3262    0.7000 | 1.477    31.833    0.403 | 1.487     25.000    0.479 |  1 hr 37 min 
0.00030 15.20 k  7.41  | 1.872    31.267    33.962    0.3247    0.7000 | 1.461    34.667    0.430 | 1.434     41.667    0.458 |  1 hr 42 min 
0.00030 15.40 k  7.51  | 1.873    31.536    33.827    0.3252    0.8000 | 1.419    36.667    0.465 | 1.344     41.667    0.458 |  1 hr 46 min 
0.00030 15.60 k  7.60  | 1.979    31.267    33.962    0.3251    0.8000 | 1.460    37.000    0.452 | 1.635     33.333    0.371 |  1 hr 51 min 
0.00030 15.80 k  7.70  | 1.858    31.536    33.827    0.3257    0.7000 | 1.409    36.500    0.459 | 1.253     58.333    0.646 |  1 hr 55 min 
0.00030 16.00 k  7.80  | 1.811    31.267    33.827    0.3243    0.7000 | 1.407    37.833    0.475 | 1.078     75.000    0.767 |  2 hr 00 min 
0.00030 16.20 k  7.90  | 1.896    31.267    33.693    0.3240    0.8000 | 1.392    42.000    0.511 | 1.454     16.667    0.319 |  2 hr 04 min 
0.00030 16.40 k  7.99  | 1.861    31.671    34.097    0.3275    0.7000 | 1.365    43.167    0.515 | 1.227     50.000    0.711 |  2 hr 09 min 
0.00030 16.60 k  8.09  | 1.869    31.402    34.097    0.3271    0.8000 | 1.385    41.667    0.498 | 1.446     16.667    0.322 |  2 hr 13 min 
0.00030 16.80 k  8.19  | 1.891    31.806    34.232    0.3291    0.7000 | 1.334    48.167    0.565 | 1.294     16.667    0.308 |  2 hr 18 min 
0.00030 17.00 k  8.29  | 1.884    31.806    34.097    0.3288    0.8000 | 1.289    51.000    0.596 | 1.144     50.000    0.562 |  2 hr 22 min 
0.00030 17.20 k  8.38  | 1.893    32.345    34.367    0.3331    0.7000 | 1.289    49.667    0.588 | 1.144     58.333    0.644 |  2 hr 27 min 
0.00030 17.40 k  8.48  | 1.924    31.671    34.097    0.3284    0.8000 | 1.294    51.500    0.602 | 1.237     58.333    0.694 |  2 hr 31 min 
0.00030 17.60 k  8.58  | 1.929    32.075    34.097    0.3295    0.7000 | 1.275    54.000    0.619 | 1.191     66.667    0.694 |  2 hr 35 min 
0.00030 17.80 k  8.68  | 1.879    32.075    34.232    0.3308    0.7000 | 1.308    52.833    0.607 | 1.624     25.000    0.319 |  2 hr 40 min 
0.00030 18.00 k  8.77  | 1.872    32.075    34.501    0.3316    0.8000 | 1.228    53.833    0.628 | 1.177     33.333    0.537 |  2 hr 44 min 
0.00030 18.20 k  8.87  | 1.867    32.749    34.097    0.3342    0.7000 | 1.260    58.000    0.651 | 1.113     83.333    0.875 |  2 hr 49 min 
0.00030 18.40 k  8.97  | 1.894    32.075    34.367    0.3322    0.8000 | 1.198    59.000    0.667 | 1.282     50.000    0.558 |  2 hr 53 min 
0.00030 18.60 k  9.07  | 1.815    32.210    34.501    0.3331    0.7000 | 1.223    56.500    0.656 | 1.475     41.667    0.500 |  2 hr 58 min 
0.00030 18.80 k  9.16  | 1.842    31.941    34.501    0.3312    0.7000 | 1.202    60.333    0.675 | 1.345     41.667    0.433 |  3 hr 02 min 
0.00030 19.00 k  9.26  | 1.886    32.480    34.232    0.3331    0.7000 | 1.195    63.500    0.705 | 0.858     75.000    0.787 |  3 hr 07 min 
0.00030 19.20 k  9.36  | 1.849    32.749    34.367    0.3354    0.7000 | 1.114    64.167    0.712 | 1.336     66.667    0.688 |  3 hr 11 min 
0.00030 19.40 k  9.46  | 1.858    32.615    34.367    0.3345    0.7000 | 1.151    64.833    0.714 | 1.459     50.000    0.604 |  3 hr 16 min 
0.00030 19.60 k  9.55  | 1.882    32.884    34.367    0.3360    0.7000 | 1.151    64.333    0.720 | 1.111     75.000    0.812 |  3 hr 20 min 
0.00030 19.80 k  9.65  | 1.837    32.749    34.367    0.3351    0.7000 | 1.179    62.500    0.704 | 1.107     83.333    0.875 |  3 hr 25 min 
0.00030 20.00 k  9.75  | 1.845    32.749    34.367    0.3354    0.7000 | 1.106    68.000    0.750 | 0.990     91.667    0.958 |  3 hr 29 min 
0.00030 20.20 k  9.85  | 1.834    32.884    34.367    0.3358    0.7000 | 1.057    70.333    0.769 | 0.996     91.667    0.917 |  3 hr 34 min 
0.00030 20.40 k  9.94  | 1.845    33.019    34.501    0.3373    0.7000 | 1.079    69.667    0.769 | 0.970     83.333    0.875 |  3 hr 38 min 
0.00030 20.60 k 10.04  | 1.858    33.019    34.501    0.3374    0.7000 | 1.069    70.333    0.771 | 0.954     91.667    0.917 |  3 hr 43 min 
0.00030 20.80 k 10.14  | 1.878    33.019    34.501    0.3376    0.7000 | 1.038    72.167    0.784 | 0.915     83.333    0.867 |  3 hr 47 min 
0.00030 21.00 k 10.24  | 1.858    33.288    34.501    0.3389    0.7000 | 1.011    75.333    0.805 | 1.078     83.333    0.833 |  3 hr 52 min 
0.00030 21.20 k 10.33  | 1.852    33.154    34.501    0.3381    0.7000 | 0.996    74.500    0.800 | 0.729     100.000    1.000 |  3 hr 56 min 
0.00030 21.40 k 10.43  | 1.871    33.693    34.501    0.3410    0.6000 | 1.028    71.833    0.783 | 0.933     66.667    0.750 |  4 hr 01 min 
0.00030 21.60 k 10.53  | 1.879    32.884    34.501    0.3367    0.8000 | 1.021    74.500    0.806 | 0.611     100.000    1.000 |  4 hr 05 min 
0.00030 21.80 k 10.63  | 1.891    33.558    34.501    0.3401    0.7000 | 1.023    72.167    0.791 | 1.233     50.000    0.667 |  4 hr 10 min 
0.00030 22.00 k 10.72  | 1.866    33.558    34.501    0.3403    0.7000 | 0.961    77.167    0.825 | 0.687     100.000    1.000 |  4 hr 14 min 
0.00030 22.20 k 10.82  | 1.893    33.558    34.501    0.3401    0.7000 | 0.952    78.333    0.830 | 0.960     91.667    0.944 |  4 hr 18 min 
0.00030 22.40 k 10.92  | 1.894    33.558    34.501    0.3401    0.7000 | 0.959    74.833    0.809 | 0.808     75.000    0.794 |  4 hr 23 min 
0.00030 22.60 k 11.02  | 1.900    33.693    34.501    0.3407    0.7000 | 0.893    79.667    0.854 | 1.170     66.667    0.771 |  4 hr 28 min 
0.00030 22.80 k 11.11  | 1.923    33.423    34.501    0.3394    0.7000 | 0.913    81.333    0.858 | 0.628     91.667    0.917 |  4 hr 32 min 
0.00030 23.00 k 11.21  | 1.919    33.423    34.501    0.3392    0.6000 | 0.946    78.000    0.833 | 0.853     83.333    0.861 |  4 hr 36 min 
0.00030 23.20 k 11.31  | 1.936    33.693    34.501    0.3410    0.7000 | 0.895    79.833    0.848 | 0.833     75.000    0.812 |  4 hr 41 min 
0.00030 23.40 k 11.41  | 1.929    33.693    34.501    0.3410    0.7000 | 0.895    79.500    0.846 | 1.050     66.667    0.792 |  4 hr 45 min 
0.00030 23.60 k 11.50  | 1.937    33.423    34.501    0.3394    0.7000 | 0.899    79.667    0.852 | 0.859     66.667    0.778 |  4 hr 50 min 
0.00030 23.80 k 11.60  | 1.958    33.827    34.501    0.3414    0.7000 | 0.836    82.500    0.872 | 0.618     100.000    1.000 |  4 hr 55 min 
0.00030 24.00 k 11.70  | 1.945    33.827    34.501    0.3416    0.7000 | 0.857    83.833    0.878 | 0.813     83.333    0.889 |  4 hr 59 min 
0.00030 24.20 k 11.80  | 1.943    33.827    34.367    0.3410    0.7000 | 0.807    83.333    0.880 | 0.661     91.667    0.958 |  5 hr 03 min 
0.00030 24.40 k 11.89  | 1.948    34.232    34.501    0.3437    0.7000 | 0.845    82.000    0.869 | 1.419     75.000    0.819 |  5 hr 08 min 
0.00030 24.60 k 11.99  | 1.955    33.827    34.636    0.3418    0.7000 | 0.814    82.500    0.878 | 0.676     83.333    0.903 |  5 hr 13 min 
0.00030 24.80 k 12.09  | 1.944    33.693    34.636    0.3413    0.6000 | 0.793    81.667    0.874 | 0.607     91.667    0.938 |  5 hr 17 min 
0.00030 25.00 k 12.19  | 1.972    33.827    34.501    0.3416    0.7000 | 0.779    86.167    0.901 | 0.624     91.667    0.958 |  5 hr 21 min 
0.00030 25.20 k 12.28  | 1.968    33.827    34.501    0.3414    0.8000 | 0.747    86.333    0.902 | 0.749     100.000    1.000 |  5 hr 26 min 
0.00030 25.40 k 12.38  | 1.983    34.097    34.636    0.3433    0.7000 | 0.827    83.000    0.875 | 0.800     91.667    0.938 |  5 hr 30 min 
0.00030 25.60 k 12.48  | 1.998    33.827    34.501    0.3412    0.7000 | 0.768    85.500    0.897 | 0.484     100.000    1.000 |  5 hr 35 min 
0.00030 25.80 k 12.58  | 1.968    33.693    34.501    0.3410    0.6000 | 0.800    84.833    0.887 | 0.790     91.667    0.944 |  5 hr 39 min 
0.00030 26.00 k 12.67  | 1.976    33.962    34.636    0.3425    0.7000 | 0.794    84.167    0.887 | 0.549     91.667    0.958 |  5 hr 44 min 
0.00030 26.20 k 12.77  | 1.978    33.827    34.501    0.3416    0.7000 | 0.743    85.500    0.897 | 0.751     83.333    0.892 |  5 hr 49 min 
0.00030 26.40 k 12.87  | 1.989    33.558    34.636    0.3406    0.7000 | 0.710    86.500    0.909 | 1.041     91.667    0.917 |  5 hr 53 min 
0.00030 26.60 k 12.97  | 1.986    33.693    34.501    0.3410    0.7000 | 0.793    86.333    0.903 | 0.719     91.667    0.917 |  5 hr 57 min 
0.00030 26.80 k 13.06  | 1.988    33.693    34.771    0.3418    0.8000 | 0.767    84.333    0.890 | 0.726     91.667    0.938 |  6 hr 02 min 
0.00030 27.00 k 13.16  | 1.992    34.097    34.636    0.3434    0.7000 | 0.740    85.167    0.895 | 0.761     83.333    0.875 |  6 hr 07 min 
0.00030 27.20 k 13.26  | 2.003    34.097    34.636    0.3433    0.8000 | 0.679    87.500    0.917 | 0.810     75.000    0.847 |  6 hr 11 min 
0.00030 27.40 k 13.36  | 2.000    33.962    34.501    0.3423    0.7000 | 0.671    89.333    0.926 | 0.602     91.667    0.917 |  6 hr 16 min 
0.00030 27.60 k 13.45  | 2.013    33.962    34.501    0.3423    0.7000 | 0.761    86.500    0.900 | 1.032     83.333    0.833 |  6 hr 20 min 
0.00030 27.80 k 13.55  | 2.010    34.097    34.636    0.3437    0.7000 | 0.700    86.667    0.908 | 0.536     91.667    0.944 |  6 hr 25 min 
0.00030 28.00 k 13.65  | 2.004    33.827    34.636    0.3419    0.7000 | 0.737    87.333    0.908 | 0.691     91.667    0.917 |  6 hr 29 min 
0.00030 28.20 k 13.75  | 2.012    33.693    34.771    0.3416    0.7000 | 0.699    89.000    0.920 | 0.525     100.000    1.000 |  6 hr 34 min 
0.00030 28.40 k 13.84  | 2.005    33.962    34.636    0.3424    0.6000 | 0.675    87.333    0.911 | 0.522     100.000    1.000 |  6 hr 38 min 
0.00030 28.60 k 13.94  | 2.021    33.693    34.771    0.3420    0.7000 | 0.677    87.167    0.911 | 0.527     91.667    0.958 |  6 hr 43 min 
0.00030 28.80 k 14.04  | 2.021    33.962    34.636    0.3428    0.7000 | 0.703    87.000    0.904 | 0.916     83.333    0.833 |  6 hr 47 min 
0.00030 29.00 k 14.14  | 2.028    34.097    34.771    0.3433    0.7000 | 0.718    85.500    0.897 | 0.742     83.333    0.875 |  6 hr 52 min 
0.00030 29.20 k 14.23  | 2.024    34.097    34.771    0.3435    0.7000 | 0.621    90.333    0.937 | 0.686     83.333    0.917 |  6 hr 56 min 
0.00030 29.40 k 14.33  | 2.036    33.962    34.501    0.3423    0.8000 | 0.642    88.500    0.919 | 1.035     75.000    0.794 |  7 hr 01 min 
0.00030 29.60 k 14.43  | 2.045    33.827    34.636    0.3419    0.7000 | 0.644    89.833    0.927 | 0.453     91.667    0.958 |  7 hr 05 min 
0.00030 29.80 k 14.53  | 2.049    33.962    34.636    0.3430    0.7000 | 0.750    85.000    0.892 | 0.651     91.667    0.933 |  7 hr 10 min 
0.00030 30.00 k 14.62  | 2.055    33.693    34.636    0.3412    0.7000 | 0.719    86.167    0.901 | 0.904     83.333    0.882 |  7 hr 14 min 
0.00030 30.20 k 14.72  | 2.061    34.097    34.771    0.3436    0.7000 | 0.630    88.167    0.919 | 0.850     75.000    0.836 |  7 hr 19 min 
0.00030 30.40 k 14.82  | 2.049    33.827    34.771    0.3426    0.7000 | 0.709    86.500    0.909 | 0.749     75.000    0.792 |  7 hr 23 min 
0.00030 30.60 k 14.92  | 2.048    34.097    34.771    0.3441    0.7000 | 0.643    88.667    0.917 | 1.692     75.000    0.750 |  7 hr 28 min 
0.00030 30.80 k 15.01  | 2.052    34.232    34.771    0.3446    0.7000 | 0.648    90.333    0.933 | 1.158     75.000    0.833 |  7 hr 32 min 
0.00030 31.00 k 15.11  | 2.067    33.827    34.636    0.3421    0.7000 | 0.668    87.667    0.916 | 0.945     91.667    0.917 |  7 hr 37 min 
0.00030 31.20 k 15.21  | 2.069    34.097    34.636    0.3437    0.7000 | 0.684    86.833    0.905 | 0.705     83.333    0.861 |  7 hr 41 min 
0.00030 31.40 k 15.31  | 2.063    33.693    34.636    0.3413    0.7000 | 0.594    91.167    0.938 | 0.348     100.000    1.000 |  7 hr 46 min 
0.00030 31.60 k 15.40  | 2.069    34.367    34.636    0.3450    0.7000 | 0.603    90.667    0.935 | 0.428     100.000    1.000 |  7 hr 50 min 
0.00030 31.80 k 15.50  | 2.077    34.097    34.771    0.3441    0.8000 | 0.640    89.333    0.927 | 0.713     91.667    0.958 |  7 hr 55 min 
0.00030 32.00 k 15.60  | 2.057    34.232    34.906    0.3451    0.7000 | 0.667    88.667    0.921 | 0.506     100.000    1.000 |  7 hr 59 min 
0.00030 32.20 k 15.70  | 2.068    34.097    34.636    0.3437    0.7000 | 0.646    90.000    0.925 | 0.329     91.667    0.958 |  8 hr 04 min 
0.00030 32.40 k 15.79  | 2.080    34.232    34.771    0.3446    0.7000 | 0.572    92.167    0.946 | 0.790     83.333    0.850 |  8 hr 08 min 
0.00030 32.60 k 15.89  | 2.079    34.097    34.771    0.3443    0.8000 | 0.642    90.000    0.930 | 0.643     75.000    0.854 |  8 hr 13 min 
0.00030 32.80 k 15.99  | 2.064    34.367    34.771    0.3455    0.7000 | 0.606    90.833    0.937 | 0.447     100.000    1.000 |  8 hr 17 min 
0.00030 33.00 k 16.09  | 2.081    34.232    34.771    0.3446    0.7000 | 0.610    90.667    0.938 | 0.454     91.667    0.958 |  8 hr 22 min 
0.00030 33.20 k 16.18  | 2.095    33.827    34.636    0.3421    0.7000 | 0.613    89.833    0.932 | 0.743     83.333    0.903 |  8 hr 26 min 
0.00030 33.40 k 16.28  | 2.088    33.693    34.771    0.3421    0.8000 | 0.596    90.500    0.937 | 0.370     100.000    1.000 |  8 hr 31 min 
0.00030 33.60 k 16.38  | 2.077    34.232    34.771    0.3448    0.7000 | 0.622    89.000    0.926 | 0.553     91.667    0.958 |  8 hr 35 min 
0.00030 33.80 k 16.48  | 2.094    33.962    34.771    0.3437    0.7000 | 0.614    89.000    0.927 | 0.610     83.333    0.903 |  8 hr 40 min 
0.00030 34.00 k 16.57  | 2.090    34.232    34.771    0.3448    0.7000 | 0.622    89.833    0.929 | 0.466     91.667    0.944 |  8 hr 44 min 
0.00030 34.20 k 16.67  | 2.105    34.232    34.771    0.3446    0.7000 | 0.619    88.000    0.924 | 0.597     91.667    0.938 |  8 hr 49 min 
0.00030 34.40 k 16.77  | 2.112    34.097    34.771    0.3441    0.7000 | 0.633    90.667    0.932 | 0.646     83.333    0.875 |  8 hr 53 min 
0.00030 34.60 k 16.87  | 2.095    33.827    34.771    0.3428    0.8000 | 0.589    88.833    0.926 | 0.524     100.000    1.000 |  8 hr 58 min 
0.00030 34.80 k 16.96  | 2.117    33.962    34.771    0.3430    0.7000 | 0.557    92.667    0.953 | 0.453     91.667    0.958 |  9 hr 02 min 
0.00030 35.00 k 17.06  | 2.102    34.097    34.771    0.3441    0.7000 | 0.613    89.833    0.931 | 0.828     66.667    0.778 |  9 hr 07 min 
0.00030 35.20 k 17.16  | 2.113    33.827    34.771    0.3428    0.8000 | 0.560    92.333    0.950 | 0.349     100.000    1.000 |  9 hr 11 min 
0.00030 35.40 k 17.25  | 2.104    34.367    34.906    0.3460    0.7000 | 0.501    92.333    0.953 | 0.418     100.000    1.000 |  9 hr 16 min 
0.00030 35.60 k 17.35  | 2.100    34.501    34.771    0.3461    0.6000 | 0.547    91.167    0.944 | 0.762     83.333    0.878 |  9 hr 20 min 
0.00030 35.80 k 17.45  | 2.107    34.097    34.771    0.3441    0.8000 | 0.528    93.167    0.956 | 0.587     100.000    1.000 |  9 hr 25 min 
0.00030 36.00 k 17.55  | 2.104    34.097    34.771    0.3439    0.7000 | 0.565    91.500    0.944 | 0.556     91.667    0.944 |  9 hr 29 min 
0.00030 36.20 k 17.64  | 2.097    34.367    34.771    0.3457    0.7000 | 0.550    91.333    0.942 | 0.309     100.000    1.000 |  9 hr 34 min 
0.00030 36.40 k 17.74  | 2.119    34.097    34.906    0.3445    0.7000 | 0.542    93.833    0.961 | 0.326     100.000    1.000 |  9 hr 38 min 
0.00030 36.60 k 17.84  | 2.117    34.097    34.771    0.3440    0.7000 | 0.590    90.000    0.931 | 0.483     91.667    0.917 |  9 hr 43 min 
0.00030 36.80 k 17.94  | 2.115    33.962    34.636    0.3430    0.7000 | 0.566    91.333    0.940 | 0.397     100.000    1.000 |  9 hr 47 min 
0.00030 37.00 k 18.03  | 2.116    33.827    34.771    0.3425    0.7000 | 0.583    90.500    0.934 | 0.796     83.333    0.833 |  9 hr 52 min 
0.00030 37.20 k 18.13  | 2.123    34.232    34.771    0.3446    0.6000 | 0.488    93.667    0.958 | 0.287     100.000    1.000 |  9 hr 57 min 
0.00030 37.40 k 18.23  | 2.116    33.827    34.636    0.3421    0.7000 | 0.549    92.000    0.948 | 0.340     100.000    1.000 | 10 hr 01 min 
0.00030 37.60 k 18.33  | 2.117    33.962    34.906    0.3437    0.7000 | 0.589    92.167    0.943 | 0.979     83.333    0.861 | 10 hr 05 min 
0.00030 37.80 k 18.42  | 2.125    34.097    34.771    0.3436    0.8000 | 0.587    90.833    0.941 | 0.722     91.667    0.944 | 10 hr 10 min 
0.00030 38.00 k 18.52  | 2.110    33.962    34.771    0.3434    0.6000 | 0.549    93.333    0.950 | 0.449     91.667    0.958 | 10 hr 14 min 
0.00030 38.20 k 18.62  | 2.114    34.232    34.771    0.3450    0.7000 | 0.532    93.667    0.955 | 0.528     91.667    0.944 | 10 hr 19 min 
0.00030 38.40 k 18.72  | 2.117    34.097    34.771    0.3443    0.8000 | 0.568    91.167    0.940 | 0.586     91.667    0.917 | 10 hr 23 min 
0.00030 38.60 k 18.81  | 2.123    34.097    34.771    0.3443    0.6000 | 0.569    91.667    0.944 | 0.605     91.667    0.958 | 10 hr 28 min 
0.00030 38.80 k 18.91  | 2.115    34.232    34.771    0.3448    0.6000 | 0.565    90.167    0.935 | 0.719     83.333    0.861 | 10 hr 32 min 
0.00030 39.00 k 19.01  | 2.121    34.097    34.771    0.3437    0.6000 | 0.565    92.500    0.947 | 1.379     75.000    0.819 | 10 hr 37 min 
0.00030 39.20 k 19.11  | 2.132    34.097    34.771    0.3441    0.6000 | 0.557    90.833    0.937 | 0.377     91.667    0.958 | 10 hr 42 min 
0.00030 39.40 k 19.20  | 2.133    34.232    34.501    0.3437    0.7000 | 0.578    90.167    0.936 | 0.413     100.000    1.000 | 10 hr 46 min 
0.00030 39.60 k 19.30  | 2.134    33.962    34.636    0.3424    0.7000 | 0.574    89.167    0.929 | 0.402     100.000    1.000 | 10 hr 50 min 
0.00030 39.80 k 19.40  | 2.126    34.232    34.771    0.3446    0.8000 | 0.563    90.833    0.940 | 0.901     83.333    0.875 | 10 hr 55 min 
0.00030 40.00 k 19.50  | 2.134    34.097    34.771    0.3439    0.7000 | 0.556    91.833    0.943 | 0.397     100.000    1.000 | 10 hr 59 min 
0.00030 40.20 k 19.59  | 2.121    34.097    34.771    0.3441    0.7000 | 0.574    92.000    0.944 | 0.465     91.667    0.958 | 11 hr 04 min 
0.00030 40.40 k 19.69  | 2.130    34.097    34.771    0.3439    0.8000 | 0.506    93.167    0.954 | 0.421     100.000    1.000 | 11 hr 08 min 
0.00030 40.60 k 19.79  | 2.139    33.827    34.771    0.3428    0.7000 | 0.546    91.167    0.939 | 0.616     91.667    0.917 | 11 hr 13 min 
0.00030 40.80 k 19.89  | 2.130    33.693    34.771    0.3421    0.9000 | 0.565    90.833    0.937 | 0.640     91.667    0.944 | 11 hr 17 min 
0.00030 41.00 k 19.98  | 2.125    34.097    34.771    0.3441    0.6000 | 0.533    92.333    0.947 | 0.759     91.667    0.933 | 11 hr 22 min 
0.00030 41.20 k 20.08  | 2.144    34.232    34.771    0.3446    0.7000 | 0.496    92.667    0.950 | 0.565     91.667    0.944 | 11 hr 26 min 
0.00030 41.40 k 20.18  | 2.133    33.962    34.771    0.3434    0.6000 | 0.531    91.667    0.947 | 0.520     91.667    0.917 | 11 hr 31 min 
0.00030 41.60 k 20.28  | 2.134    34.232    34.771    0.3450    0.8000 | 0.519    92.167    0.949 | 0.716     83.333    0.854 | 11 hr 35 min 
0.00030 41.80 k 20.37  | 2.145    34.097    34.771    0.3443    0.7000 | 0.532    93.500    0.955 | 0.489     100.000    1.000 | 11 hr 40 min 
0.00030 42.00 k 20.47  | 2.152    34.232    34.771    0.3450    0.7000 | 0.546    90.500    0.938 | 0.263     100.000    1.000 | 11 hr 44 min 
0.00030 42.20 k 20.57  | 2.153    33.827    34.906    0.3432    0.8000 | 0.541    91.333    0.946 | 0.521     100.000    1.000 | 11 hr 49 min 
0.00030 42.40 k 20.67  | 2.159    33.962    34.906    0.3436    0.8000 | 0.531    91.833    0.946 | 0.448     91.667    0.944 | 11 hr 53 min 
0.00030 42.60 k 20.76  | 2.165    34.232    34.771    0.3450    0.8000 | 0.532    92.167    0.946 | 0.330     100.000    1.000 | 11 hr 58 min 
0.00030 42.80 k 20.86  | 2.177    34.232    34.636    0.3443    0.8000 | 0.559    92.167    0.946 | 0.526     100.000    1.000 | 12 hr 02 min 
0.00030 43.00 k 20.96  | 2.163    34.232    34.636    0.3443    0.7000 | 0.569    93.167    0.953 | 0.480     91.667    0.958 | 12 hr 07 min 
0.00030 43.20 k 21.06  | 2.163    34.097    34.771    0.3443    0.6000 | 0.512    92.500    0.952 | 0.471     91.667    0.944 | 12 hr 11 min 
0.00030 43.40 k 21.15  | 2.165    34.232    34.636    0.3443    0.7000 | 0.479    93.000    0.958 | 0.502     83.333    0.917 | 12 hr 16 min 
0.00030 43.60 k 21.25  | 2.157    34.232    34.771    0.3450    0.7000 | 0.539    91.167    0.940 | 0.324     100.000    1.000 | 12 hr 21 min 
0.00030 43.80 k 21.35  | 2.176    34.232    34.771    0.3448    0.8000 | 0.523    93.167    0.953 | 0.320     100.000    1.000 | 12 hr 25 min 
0.00030 44.00 k 21.45  | 2.165    34.097    34.771    0.3440    0.8000 | 0.497    93.500    0.956 | 0.267     91.667    0.958 | 12 hr 29 min 
0.00030 44.20 k 21.54  | 2.169    34.367    34.771    0.3457    0.6000 | 0.554    90.500    0.937 | 0.563     91.667    0.938 | 12 hr 34 min 
0.00030 44.40 k 21.64  | 2.186    34.232    34.771    0.3447    0.7000 | 0.460    93.667    0.958 | 0.356     91.667    0.958 | 12 hr 39 min 
0.00030 44.60 k 21.74  | 2.174    34.097    34.906    0.3447    0.7000 | 0.513    92.667    0.955 | 0.759     91.667    0.958 | 12 hr 43 min 
0.00030 44.80 k 21.84  | 2.177    34.232    34.771    0.3450    0.7000 | 0.518    92.500    0.950 | 0.701     83.333    0.861 | 12 hr 47 min 
0.00030 45.00 k 21.93  | 2.189    34.367    34.771    0.3452    0.7000 | 0.532    91.500    0.944 | 0.311     100.000    1.000 | 12 hr 52 min 
0.00030 45.20 k 22.03  | 2.183    34.367    34.771    0.3457    0.6000 | 0.570    91.167    0.938 | 0.283     100.000    1.000 | 12 hr 57 min 
0.00030 45.40 k 22.13  | 2.192    33.962    34.771    0.3437    0.7000 | 0.488    92.000    0.950 | 0.394     83.333    0.903 | 13 hr 01 min 
0.00030 45.60 k 22.23  | 2.200    33.962    34.771    0.3433    0.7000 | 0.508    92.167    0.947 | 0.397     91.667    0.958 | 13 hr 05 min 
0.00030 45.80 k 22.32  | 2.200    34.367    34.771    0.3455    0.7000 | 0.513    91.833    0.946 | 0.323     100.000    1.000 | 13 hr 10 min 
0.00030 46.00 k 22.42  | 2.186    34.501    34.771    0.3464    0.7000 | 0.482    92.167    0.951 | 0.270     100.000    1.000 | 13 hr 15 min 
0.00030 46.20 k 22.52  | 2.199    34.232    34.771    0.3450    0.8000 | 0.461    93.333    0.961 | 0.446     91.667    0.958 | 13 hr 19 min 
0.00030 46.40 k 22.62  | 2.204    34.097    34.771    0.3443    0.8000 | 0.554    89.167    0.933 | 0.619     91.667    0.944 | 13 hr 23 min 
0.00030 46.60 k 22.71  | 2.193    34.097    34.771    0.3443    0.7000 | 0.516    92.667    0.955 | 0.715     91.667    0.917 | 13 hr 28 min 
0.00030 46.80 k 22.81  | 2.210    34.232    34.771    0.3448    0.7000 | 0.469    92.500    0.952 | 0.386     100.000    1.000 | 13 hr 33 min 
0.00030 47.00 k 22.91  | 2.210    34.097    34.771    0.3443    0.8000 | 0.498    92.167    0.953 | 0.519     83.333    0.917 | 13 hr 37 min 
0.00030 47.20 k 23.01  | 2.216    34.097    34.771    0.3443    0.7000 | 0.519    92.500    0.947 | 0.629     91.667    0.917 | 13 hr 41 min 
0.00030 47.40 k 23.10  | 2.218    34.232    34.771    0.3450    0.8000 | 0.496    94.167    0.962 | 0.438     91.667    0.958 | 13 hr 46 min 
0.00030 47.60 k 23.20  | 2.220    34.367    34.906    0.3460    0.7000 | 0.513    93.000    0.952 | 0.637     91.667    0.958 | 13 hr 51 min 
0.00030 47.80 k 23.30  | 2.225    34.367    34.771    0.3457    0.7000 | 0.478    92.667    0.955 | 0.599     100.000    1.000 | 13 hr 55 min 
0.00030 48.00 k 23.40  | 2.232    33.962    34.771    0.3434    0.7000 | 0.478    92.500    0.955 | 0.319     100.000    1.000 | 14 hr 00 min 
0.00030 48.20 k 23.49  | 2.234    34.367    34.771    0.3457    0.7000 | 0.480    93.667    0.955 | 0.456     100.000    1.000 | 14 hr 04 min 
0.00030 48.40 k 23.59  | 2.230    34.367    34.771    0.3457    0.7000 | 0.513    93.000    0.954 | 0.417     91.667    0.958 | 14 hr 09 min 
0.00030 48.60 k 23.69  | 2.238    34.232    34.771    0.3450    0.7000 | 0.488    93.167    0.956 | 0.884     75.000    0.833 | 14 hr 13 min 
0.00030 48.80 k 23.79  | 2.238    34.232    34.771    0.3450    0.7000 | 0.484    92.833    0.957 | 0.352     100.000    1.000 | 14 hr 18 min 
0.00030 49.00 k 23.88  | 2.240    34.232    34.771    0.3450    0.6000 | 0.540    92.000    0.943 | 0.678     91.667    0.917 | 14 hr 22 min 
0.00030 49.20 k 23.98  | 2.237    34.232    34.771    0.3450    0.7000 | 0.496    93.167    0.951 | 0.418     83.333    0.917 | 14 hr 27 min 
0.00030 49.40 k 24.08  | 2.241    34.367    34.771    0.3455    0.6000 | 0.516    92.000    0.945 | 0.679     91.667    0.933 | 14 hr 31 min 
0.00030 49.60 k 24.18  | 2.250    34.232    34.771    0.3450    0.7000 | 0.410    96.167    0.975 | 0.335     83.333    0.896 | 14 hr 36 min 
0.00030 49.80 k 24.27  | 2.262    34.501    34.771    0.3464    0.6000 | 0.496    91.167    0.941 | 0.532     91.667    0.958 | 14 hr 40 min 
0.00030 50.00 k 24.37  | 2.255    34.232    34.771    0.3450    0.6000 | 0.499    93.667    0.959 | 0.576     91.667    0.933 | 14 hr 45 min 
0.00030 50.20 k 24.47  | 2.261    34.367    34.771    0.3457    0.7000 | 0.497    93.500    0.958 | 0.575     91.667    0.958 | 14 hr 49 min 
0.00030 50.40 k 24.57  | 2.262    34.232    34.771    0.3450    0.7000 | 0.477    92.667    0.950 | 0.262     91.667    0.944 | 14 hr 54 min 
0.00030 50.60 k 24.66  | 2.260    34.232    34.771    0.3450    0.8000 | 0.486    93.667    0.960 | 0.298     100.000    1.000 | 14 hr 58 min 
0.00030 50.80 k 24.76  | 2.271    34.232    34.771    0.3450    0.6000 | 0.498    93.833    0.956 | 0.432     91.667    0.944 | 15 hr 03 min 
0.00030 51.00 k 24.86  | 2.264    34.367    34.771    0.3457    0.6000 | 0.473    92.500    0.953 | 0.289     100.000    1.000 | 15 hr 07 min 
0.00030 51.20 k 24.96  | 2.254    34.232    34.906    0.3453    0.7000 | 0.496    92.000    0.950 | 0.429     91.667    0.958 | 15 hr 12 min 
0.00030 51.40 k 25.05  | 2.261    34.232    34.771    0.3450    0.6000 | 0.462    93.833    0.958 | 0.409     91.667    0.944 | 15 hr 16 min 
0.00030 51.60 k 25.15  | 2.273    34.232    34.771    0.3450    0.6000 | 0.476    94.000    0.960 | 0.497     100.000    1.000 | 15 hr 21 min 
0.00030 51.80 k 25.25  | 2.265    33.962    34.771    0.3437    0.7000 | 0.451    94.167    0.961 | 0.263     100.000    1.000 | 15 hr 25 min 
0.00030 52.00 k 25.35  | 2.277    34.097    34.771    0.3443    0.6000 | 0.434    94.667    0.964 | 0.524     91.667    0.958 | 15 hr 30 min 
0.00030 52.20 k 25.44  | 2.278    33.827    34.771    0.3430    0.8000 | 0.540    90.333    0.935 | 0.404     91.667    0.958 | 15 hr 34 min 
0.00030 52.40 k 25.54  | 2.273    34.367    34.771    0.3457    0.7000 | 0.477    94.000    0.959 | 0.389     100.000    1.000 | 15 hr 39 min 
0.00030 52.60 k 25.64  | 2.294    34.097    34.771    0.3441    0.7000 | 0.457    93.333    0.958 | 0.611     83.333    0.917 | 15 hr 43 min 
0.00030 52.80 k 25.74  | 2.290    34.232    34.771    0.3450    0.7000 | 0.448    94.000    0.964 | 0.178     100.000    1.000 | 15 hr 48 min 
0.00030 53.00 k 25.83  | 2.281    34.636    34.771    0.3468    0.7000 | 0.420    94.667    0.968 | 0.649     91.667    0.958 | 15 hr 52 min 
0.00030 53.20 k 25.93  | 2.284    34.367    34.771    0.3452    0.6000 | 0.485    92.000    0.949 | 0.395     100.000    1.000 | 15 hr 57 min 
0.00030 53.40 k 26.03  | 2.276    34.367    34.771    0.3457    0.6000 | 0.492    92.333    0.947 | 0.323     100.000    1.000 | 16 hr 01 min 
0.00030 53.60 k 26.13  | 2.294    34.232    34.771    0.3450    0.7000 | 0.470    94.667    0.965 | 0.397     91.667    0.944 | 16 hr 06 min 
0.00030 53.80 k 26.22  | 2.291    34.232    34.771    0.3450    0.7000 | 0.446    93.833    0.960 | 1.098     75.000    0.819 | 16 hr 10 min 
0.00030 54.00 k 26.32  | 2.291    34.232    34.771    0.3450    0.7000 | 0.465    93.167    0.954 | 0.197     100.000    1.000 | 16 hr 15 min 
0.00030 54.20 k 26.42  | 2.293    34.097    34.771    0.3443    0.6000 | 0.525    91.833    0.944 | 0.673     83.333    0.903 | 16 hr 19 min 
0.00030 54.40 k 26.52  | 2.295    34.232    34.636    0.3443    0.8000 | 0.423    95.333    0.969 | 0.282     100.000    1.000 | 16 hr 24 min 
0.00030 54.60 k 26.61  | 2.308    34.232    34.771    0.3448    0.7000 | 0.444    94.667    0.964 | 0.237     100.000    1.000 | 16 hr 28 min 
0.00030 54.80 k 26.71  | 2.312    34.097    34.771    0.3443    0.8000 | 0.435    94.000    0.962 | 0.241     100.000    1.000 | 16 hr 33 min 
0.00030 55.00 k 26.81  | 2.312    34.097    34.771    0.3443    0.8000 | 0.467    93.000    0.954 | 0.277     100.000    1.000 | 16 hr 37 min 
0.00030 55.20 k 26.91  | 2.321    33.962    34.636    0.3430    0.8000 | 0.489    92.833    0.954 | 0.528     91.667    0.958 | 16 hr 42 min 
0.00030 55.40 k 27.00  | 2.317    34.501    34.771    0.3461    0.7000 | 0.487    92.667    0.951 | 0.595     91.667    0.917 | 16 hr 46 min 
0.00030 55.60 k 27.10  | 2.324    34.367    34.771    0.3457    0.6000 | 0.462    91.500    0.944 | 0.784     75.000    0.792 | 16 hr 51 min 
0.00030 55.80 k 27.20  | 2.336    34.097    34.771    0.3443    0.6000 | 0.480    92.833    0.952 | 0.326     100.000    1.000 | 16 hr 55 min 
0.00030 56.00 k 27.30  | 2.339    34.232    34.771    0.3450    0.7000 | 0.463    93.833    0.959 | 0.280     100.000    1.000 | 17 hr 00 min 
0.00030 56.20 k 27.39  | 2.324    34.232    34.771    0.3448    0.6000 | 0.458    93.000    0.955 | 0.611     83.333    0.917 | 17 hr 04 min 
0.00030 56.40 k 27.49  | 2.322    34.501    34.771    0.3461    0.7000 | 0.449    93.333    0.956 | 0.349     91.667    0.944 | 17 hr 09 min 
0.00030 56.60 k 27.59  | 2.318    34.367    34.771    0.3457    0.7000 | 0.418    93.833    0.962 | 0.391     100.000    1.000 | 17 hr 13 min 
0.00030 56.80 k 27.69  | 2.337    34.097    34.771    0.3443    0.7000 | 0.472    92.667    0.954 | 0.344     91.667    0.944 | 17 hr 18 min 
0.00030 57.00 k 27.78  | 2.340    33.962    34.771    0.3437    0.8000 | 0.482    92.000    0.944 | 0.411     91.667    0.944 | 17 hr 23 min 
0.00030 57.20 k 27.88  | 2.337    34.232    34.906    0.3453    0.7000 | 0.462    93.500    0.958 | 0.381     91.667    0.958 | 17 hr 27 min 
0.00030 57.40 k 27.98  | 2.342    34.232    34.771    0.3450    0.6000 | 0.419    94.667    0.967 | 0.420     100.000    1.000 | 17 hr 32 min 
0.00030 57.60 k 28.08  | 2.343    33.962    34.771    0.3437    0.6000 | 0.467    93.167    0.952 | 0.322     100.000    1.000 | 17 hr 36 min 
0.00030 57.80 k 28.17  | 2.351    34.097    34.771    0.3443    0.7000 | 0.436    93.000    0.956 | 0.306     91.667    0.958 | 17 hr 41 min 
0.00030 58.00 k 28.27  | 2.356    34.232    34.771    0.3450    0.7000 | 0.475    93.500    0.955 | 0.252     100.000    1.000 | 17 hr 45 min 
0.00030 58.20 k 28.37  | 2.345    34.097    34.771    0.3443    0.6000 | 0.451    92.667    0.952 | 0.377     100.000    1.000 | 17 hr 50 min 
0.00030 58.40 k 28.47  | 2.349    34.367    34.771    0.3457    0.6000 | 0.434    94.000    0.960 | 0.419     100.000    1.000 | 17 hr 54 min 
0.00030 58.60 k 28.56  | 2.348    34.232    34.771    0.3450    0.6000 | 0.468    94.000    0.956 | 0.488     91.667    0.958 | 17 hr 59 min 
0.00030 58.80 k 28.66  | 2.345    34.501    34.771    0.3464    0.6000 | 0.464    93.833    0.959 | 0.769     83.333    0.917 | 18 hr 03 min 
0.00030 59.00 k 28.76  | 2.353    34.367    34.771    0.3457    0.7000 | 0.495    92.667    0.949 | 0.463     91.667    0.958 | 18 hr 08 min 
0.00030 59.20 k 28.86  | 2.342    33.962    34.771    0.3437    0.7000 | 0.445    93.167    0.953 | 0.255     91.667    0.958 | 18 hr 12 min 
0.00030 59.40 k 28.95  | 2.355    34.232    34.771    0.3450    0.7000 | 0.438    94.167    0.960 | 0.514     91.667    0.917 | 18 hr 17 min 
0.00030 59.60 k 29.05  | 2.353    34.367    34.771    0.3457    0.8000 | 0.477    92.000    0.946 | 0.313     100.000    1.000 | 18 hr 21 min 
0.00030 59.80 k 29.15  | 2.370    34.097    34.771    0.3443    0.9000 | 0.477    92.333    0.952 | 0.455     100.000    1.000 | 18 hr 26 min 
0.00030 60.00 k 29.25  | 2.370    34.097    34.771    0.3443    0.8000 | 0.475    92.500    0.952 | 0.355     91.667    0.958 | 18 hr 30 min 
0.00030 60.20 k 29.34  | 2.361    34.367    34.771    0.3457    0.7000 | 0.448    93.333    0.956 | 0.448     91.667    0.958 | 18 hr 35 min 
0.00030 60.40 k 29.44  | 2.377    34.367    34.771    0.3457    0.7000 | 0.454    93.500    0.955 | 0.816     83.333    0.875 | 18 hr 39 min 
0.00030 60.60 k 29.54  | 2.377    34.232    34.771    0.3446    0.7000 | 0.475    92.000    0.948 | 0.531     91.667    0.958 | 18 hr 44 min 
0.00030 60.80 k 29.64  | 2.376    34.367    34.771    0.3457    0.7000 | 0.431    94.333    0.962 | 0.800     91.667    0.917 | 18 hr 48 min 
0.00030 61.00 k 29.73  | 2.381    34.097    34.771    0.3443    0.6000 | 0.413    95.167    0.967 | 0.208     100.000    1.000 | 18 hr 53 min 
0.00030 61.20 k 29.83  | 2.376    34.232    34.771    0.3450    0.6000 | 0.481    91.167    0.942 | 0.799     75.000    0.819 | 18 hr 58 min 
0.00030 61.40 k 29.93  | 2.385    34.097    34.771    0.3443    0.6000 | 0.431    93.000    0.955 | 0.284     100.000    1.000 | 19 hr 02 min 
0.00030 61.60 k 30.03  | 2.377    34.232    34.771    0.3450    0.6000 | 0.382    95.167    0.969 | 0.601     83.333    0.861 | 19 hr 07 min 
0.00030 61.80 k 30.12  | 2.380    34.501    34.771    0.3461    0.5000 | 0.457    92.833    0.951 | 0.332     100.000    1.000 | 19 hr 11 min 
0.00030 62.00 k 30.22  | 2.382    34.367    34.771    0.3457    0.7000 | 0.442    93.667    0.961 | 0.334     100.000    1.000 | 19 hr 16 min 
0.00030 62.20 k 30.32  | 2.375    33.962    34.771    0.3437    0.6000 | 0.477    92.833    0.952 | 0.229     100.000    1.000 | 19 hr 20 min 
0.00030 62.40 k 30.42  | 2.386    34.232    34.771    0.3448    0.7000 | 0.452    93.000    0.954 | 0.309     100.000    1.000 | 19 hr 25 min 
0.00030 62.60 k 30.51  | 2.387    34.367    34.771    0.3457    0.7000 | 0.440    93.167    0.954 | 0.317     100.000    1.000 | 19 hr 29 min 
0.00030 62.80 k 30.61  | 2.385    34.501    34.771    0.3464    0.8000 | 0.420    93.667    0.958 | 0.441     91.667    0.944 | 19 hr 34 min 
0.00030 63.00 k 30.71  | 2.394    34.232    34.771    0.3450    0.6000 | 0.453    92.667    0.954 | 0.410     83.333    0.903 | 19 hr 38 min 
0.00030 63.20 k 30.81  | 2.393    34.367    34.771    0.3457    0.7000 | 0.450    92.667    0.953 | 0.796     91.667    0.917 | 19 hr 43 min 
0.00030 63.40 k 30.90  | 2.400    34.367    34.771    0.3457    0.6000 | 0.469    92.500    0.953 | 1.000     83.333    0.875 | 19 hr 47 min 
0.00030 63.60 k 31.00  | 2.405    34.097    34.771    0.3443    0.7000 | 0.415    95.167    0.967 | 0.212     100.000    1.000 | 19 hr 52 min 
0.00030 63.80 k 31.10  | 2.402    34.367    34.771    0.3457    0.7000 | 0.445    92.000    0.949 | 0.877     66.667    0.715 | 19 hr 56 min 
0.00030 64.00 k 31.20  | 2.400    34.367    34.771    0.3457    0.6000 | 0.461    93.500    0.957 | 0.269     91.667    0.958 | 20 hr 01 min 
0.00030 64.20 k 31.29  | 2.402    34.232    34.771    0.3450    0.7000 | 0.499    91.667    0.941 | 0.254     100.000    1.000 | 20 hr 05 min 
0.00030 64.40 k 31.39  | 2.402    34.367    34.771    0.3457    0.6000 | 0.457    93.000    0.954 | 0.404     100.000    1.000 | 20 hr 10 min 
0.00030 64.60 k 31.49  | 2.405    34.232    34.771    0.3450    0.7000 | 0.449    93.667    0.959 | 0.575     83.333    0.917 | 20 hr 14 min 
0.00030 64.80 k 31.59  | 2.410    34.232    34.771    0.3450    0.8000 | 0.431    92.167    0.954 | 0.577     83.333    0.889 | 20 hr 19 min 
0.00030 65.00 k 31.68  | 2.414    33.827    34.771    0.3430    0.7000 | 0.455    92.333    0.949 | 0.323     100.000    1.000 | 20 hr 23 min 
0.00030 65.20 k 31.78  | 2.422    34.097    34.771    0.3443    0.7000 | 0.462    92.833    0.950 | 0.185     100.000    1.000 | 20 hr 28 min 
0.00030 65.40 k 31.88  | 2.432    34.232    34.771    0.3450    0.6000 | 0.483    91.833    0.947 | 0.178     100.000    1.000 | 20 hr 32 min 
0.00030 65.60 k 31.98  | 2.423    34.232    34.771    0.3450    0.8000 | 0.463    92.000    0.946 | 0.256     100.000    1.000 | 20 hr 37 min 
0.00030 65.80 k 32.07  | 2.426    34.367    34.771    0.3457    0.7000 | 0.440    92.333    0.952 | 0.391     100.000    1.000 | 20 hr 41 min 
0.00030 66.00 k 32.17  | 2.426    34.367    34.771    0.3457    0.6000 | 0.425    93.167    0.954 | 0.286     91.667    0.958 | 20 hr 46 min 
0.00030 66.20 k 32.27  | 2.424    34.097    34.771    0.3443    0.6000 | 0.427    93.667    0.957 | 0.413     91.667    0.958 | 20 hr 50 min 
0.00030 66.40 k 32.37  | 2.433    34.367    34.771    0.3457    0.7000 | 0.489    92.000    0.943 | 0.420     91.667    0.958 | 20 hr 55 min 
0.00030 66.60 k 32.46  | 2.428    34.097    34.771    0.3443    0.6000 | 0.457    92.833    0.949 | 0.259     100.000    1.000 | 21 hr 00 min 
0.00030 66.80 k 32.56  | 2.433    34.367    34.771    0.3457    0.7000 | 0.465    92.167    0.948 | 0.332     100.000    1.000 | 21 hr 04 min 
0.00030 67.00 k 32.66  | 2.432    34.232    34.771    0.3450    0.6000 | 0.471    93.000    0.950 | 0.454     91.667    0.958 | 21 hr 08 min 
