 start_time :2020-01-20 23:16:37 
 batch_size :5 
  start from26000, l_rate =0.0003 
freeze=True, batch_size=5, min_num_class=0 
 rate     iter   epoch  | valid   top@1    top@5    map@5  | train    top@1    top@5    map@5 | batch    top@1    top@5    map@5 |  time          
---------------------------------------------------------------------------------------------------------------------------------------------------------------------------
0.00030 26.00 k 19.70  | 2.541    37.466    37.601    0.3753    0.8000 | 0.000    0.000    0.000 | 0.000     0.000    0.000 |  0 hr 00 min 
0.00030 26.20 k 19.85  | 2.383    37.601    46.631    0.4081    0.8000 | 2.615    28.800    0.304 | 2.692     25.000    0.277 |  0 hr 04 min 
0.00030 26.40 k 20.01  | 2.252    37.466    54.178    0.4448    0.4000 | 2.496    27.700    0.314 | 2.567     25.000    0.329 |  0 hr 08 min 
0.00030 26.60 k 20.16  | 2.139    37.332    56.334    0.4545    0.3000 | 2.319    28.700    0.344 | 2.262     30.000    0.392 |  0 hr 12 min 
0.00030 26.80 k 20.31  | 2.095    38.679    61.590    0.4845    0.2000 | 2.312    26.200    0.340 | 2.306     25.000    0.383 |  0 hr 16 min 
0.00030 27.00 k 20.46  | 2.080    40.296    66.038    0.5102    0.2000 | 2.279    25.700    0.332 | 2.225     25.000    0.300 |  0 hr 20 min 
0.00030 27.20 k 20.61  | 2.065    42.857    65.229    0.5230    0.2000 | 2.131    25.600    0.382 | 2.339     25.000    0.342 |  0 hr 24 min 
0.00030 27.40 k 20.76  | 2.058    44.609    70.081    0.5551    0.2000 | 2.156    25.400    0.364 | 1.975     25.000    0.452 |  0 hr 27 min 
0.00030 27.60 k 20.91  | 2.011    46.361    75.472    0.5908    0.2000 | 2.141    25.600    0.361 | 2.230     25.000    0.317 |  0 hr 31 min 
0.00030 27.80 k 21.07  | 1.945    48.787    74.528    0.5929    0.2000 | 2.111    25.200    0.367 | 2.142     25.000    0.402 |  0 hr 35 min 
0.00030 28.00 k 21.22  | 1.904    54.043    80.323    0.6524    0.2000 | 2.075    25.300    0.382 | 1.884     30.000    0.425 |  0 hr 39 min 
0.00030 28.20 k 21.37  | 1.883    49.730    71.024    0.5825    0.2000 | 1.929    25.600    0.404 | 1.830     25.000    0.404 |  0 hr 43 min 
0.00030 28.40 k 21.52  | 1.844    51.482    73.046    0.5984    0.2000 | 1.947    25.600    0.389 | 1.895     25.000    0.398 |  0 hr 46 min 
0.00030 28.60 k 21.67  | 1.853    52.291    72.776    0.6059    0.2000 | 1.980    25.100    0.387 | 2.037     25.000    0.362 |  0 hr 50 min 
0.00030 28.80 k 21.82  | 1.824    54.043    76.415    0.6315    0.2000 | 1.979    25.400    0.386 | 1.850     25.000    0.404 |  0 hr 54 min 
0.00030 29.00 k 21.98  | 1.790    54.987    79.245    0.6450    0.2000 | 1.976    25.400    0.388 | 1.835     30.000    0.450 |  0 hr 58 min 
0.00030 29.20 k 22.13  | 1.753    43.801    72.776    0.5652    0.3000 | 1.817    26.600    0.410 | 1.671     25.000    0.467 |  1 hr 02 min 
0.00030 29.40 k 22.28  | 1.791    55.121    72.776    0.6207    0.2000 | 1.860    26.000    0.401 | 1.779     25.000    0.400 |  1 hr 06 min 
0.00030 29.60 k 22.43  | 1.799    54.447    73.585    0.6224    0.2000 | 1.884    26.200    0.403 | 1.948     30.000    0.402 |  1 hr 09 min 
0.00030 29.80 k 22.58  | 1.756    53.235    73.720    0.6142    0.2000 | 1.917    26.500    0.388 | 1.743     25.000    0.463 |  1 hr 13 min 
0.00030 30.00 k 22.73  | 1.721    54.447    72.776    0.6158    0.2000 | 1.926    26.100    0.383 | 1.873     25.000    0.342 |  1 hr 17 min 
0.00030 30.20 k 22.88  | 1.745    44.879    74.933    0.5821    0.3000 | 1.763    26.800    0.427 | 1.997     25.000    0.350 |  1 hr 21 min 
0.00030 30.40 k 23.04  | 1.718    47.035    78.302    0.6032    0.3000 | 1.840    26.000    0.401 | 1.751     25.000    0.450 |  1 hr 25 min 
0.00030 30.60 k 23.19  | 1.696    49.730    75.337    0.6126    0.3000 | 1.832    25.900    0.391 | 2.001     25.000    0.354 |  1 hr 28 min 
0.00030 30.80 k 23.34  | 1.823    53.908    69.677    0.6057    0.2000 | 1.888    25.700    0.383 | 1.796     25.000    0.388 |  1 hr 32 min 
0.00030 31.00 k 23.49  | 1.688    50.674    76.280    0.6185    0.3000 | 1.865    25.300    0.353 | 1.800     25.000    0.417 |  1 hr 36 min 
0.00030 31.20 k 23.64  | 1.700    47.439    76.954    0.6042    0.3000 | 1.738    27.600    0.429 | 1.760     25.000    0.396 |  1 hr 40 min 
0.00030 31.40 k 23.79  | 1.702    50.270    74.933    0.6099    0.3000 | 1.776    27.900    0.404 | 1.892     25.000    0.375 |  1 hr 44 min 
0.00030 31.60 k 23.95  | 1.675    51.213    76.685    0.6211    0.3000 | 1.813    26.600    0.398 | 1.928     25.000    0.375 |  1 hr 47 min 
0.00030 31.80 k 24.10  | 1.687    52.830    78.032    0.6357    0.3000 | 1.800    26.300    0.386 | 1.632     25.000    0.481 |  1 hr 51 min 
0.00030 32.00 k 24.25  | 1.661    52.022    80.728    0.6451    0.3000 | 1.880    25.900    0.364 | 1.966     25.000    0.300 |  1 hr 55 min 
0.00030 32.20 k 24.40  | 1.715    46.496    78.437    0.6062    0.3000 | 1.672    28.100    0.432 | 1.540     40.000    0.525 |  1 hr 59 min 
0.00030 32.40 k 24.55  | 1.700    52.156    74.259    0.6163    0.3000 | 1.707    26.700    0.421 | 1.567     25.000    0.475 |  2 hr 02 min 
0.00030 32.60 k 24.70  | 1.663    54.178    75.606    0.6323    0.3000 | 1.751    26.800    0.398 | 1.824     30.000    0.425 |  2 hr 06 min 
0.00030 32.80 k 24.86  | 1.678    53.774    78.841    0.6466    0.3000 | 1.811    27.200    0.386 | 1.793     25.000    0.400 |  2 hr 10 min 
0.00030 33.00 k 25.01  | 1.625    53.908    75.472    0.6287    0.3000 | 1.829    25.600    0.367 | 1.876     25.000    0.367 |  2 hr 13 min 
0.00030 33.20 k 25.16  | 1.663    50.270    71.429    0.5889    0.3000 | 1.652    27.200    0.433 | 1.831     25.000    0.350 |  2 hr 17 min 
0.00030 33.40 k 25.31  | 1.659    52.156    75.876    0.6241    0.3000 | 1.747    26.800    0.408 | 1.502     25.000    0.475 |  2 hr 21 min 
0.00030 33.60 k 25.46  | 1.641    55.660    78.302    0.6527    0.3000 | 1.754    26.500    0.395 | 1.667     25.000    0.445 |  2 hr 25 min 
0.00030 33.80 k 25.61  | 1.609    57.143    76.685    0.6516    0.3000 | 1.799    26.400    0.379 | 1.861     25.000    0.350 |  2 hr 28 min 
0.00030 34.00 k 25.76  | 1.588    57.682    81.536    0.6776    0.3000 | 1.810    25.900    0.368 | 2.072     25.000    0.300 |  2 hr 32 min 
0.00030 34.20 k 25.92  | 1.625    56.469    78.976    0.6637    0.3000 | 1.672    27.400    0.428 | 1.739     25.000    0.402 |  2 hr 36 min 
0.00030 34.40 k 26.07  | 1.612    57.547    77.089    0.6578    0.3000 | 1.685    26.700    0.417 | 1.583     40.000    0.512 |  2 hr 40 min 
0.00030 34.60 k 26.22  | 1.672    54.447    78.032    0.6482    0.3000 | 1.729    26.900    0.393 | 1.747     25.000    0.385 |  2 hr 43 min 
0.00030 34.80 k 26.37  | 1.550    62.399    80.593    0.6987    0.3000 | 1.737    26.600    0.381 | 1.743     25.000    0.377 |  2 hr 47 min 
0.00030 35.00 k 26.52  | 1.594    56.739    77.898    0.6526    0.3000 | 1.794    26.300    0.359 | 1.760     30.000    0.375 |  2 hr 51 min 
0.00030 35.20 k 26.67  | 1.643    54.043    77.493    0.6407    0.3000 | 1.631    27.000    0.435 | 1.541     30.000    0.496 |  2 hr 55 min 
0.00030 35.40 k 26.83  | 1.659    52.426    74.528    0.6170    0.3000 | 1.671    28.000    0.410 | 1.852     25.000    0.352 |  2 hr 59 min 
0.00030 35.60 k 26.98  | 1.573    55.930    76.011    0.6414    0.3000 | 1.725    27.200    0.392 | 1.766     25.000    0.342 |  3 hr 02 min 
0.00030 35.80 k 27.13  | 1.564    61.860    81.806    0.6980    0.3000 | 1.704    27.000    0.403 | 1.765     25.000    0.375 |  3 hr 06 min 
0.00030 36.00 k 27.28  | 1.571    56.469    77.493    0.6495    0.3000 | 1.749    26.300    0.363 | 1.708     25.000    0.375 |  3 hr 10 min 
0.00030 36.20 k 27.43  | 1.615    57.412    78.437    0.6586    0.3000 | 1.608    28.900    0.450 | 1.363     40.000    0.608 |  3 hr 14 min 
0.00030 36.40 k 27.58  | 1.585    55.121    73.585    0.6254    0.3000 | 1.648    26.900    0.411 | 1.624     30.000    0.438 |  3 hr 17 min 
0.00030 36.60 k 27.73  | 1.544    60.377    78.841    0.6772    0.3000 | 1.670    27.100    0.405 | 1.673     30.000    0.370 |  3 hr 21 min 
0.00030 36.80 k 27.89  | 1.565    61.995    79.515    0.6908    0.3000 | 1.724    27.200    0.387 | 1.659     25.000    0.427 |  3 hr 25 min 
0.00030 37.00 k 28.04  | 1.567    59.164    78.302    0.6697    0.3000 | 1.748    26.700    0.380 | 1.661     40.000    0.500 |  3 hr 28 min 
0.00030 37.20 k 28.19  | 1.595    54.717    76.011    0.6348    0.3000 | 1.618    27.600    0.427 | 1.629     25.000    0.367 |  3 hr 32 min 
0.00030 37.40 k 28.34  | 1.682    51.887    71.159    0.6006    0.3000 | 1.645    27.600    0.419 | 1.533     30.000    0.472 |  3 hr 36 min 
0.00030 37.60 k 28.49  | 1.577    58.491    77.089    0.6611    0.3000 | 1.666    27.900    0.407 | 1.562     30.000    0.450 |  3 hr 40 min 
0.00030 37.80 k 28.64  | 1.599    58.491    75.741    0.6564    0.3000 | 1.715    27.400    0.390 | 1.953     25.000    0.317 |  3 hr 43 min 
0.00030 38.00 k 28.80  | 1.527    58.895    78.167    0.6668    0.3000 | 1.699    26.300    0.379 | 1.744     30.000    0.385 |  3 hr 47 min 
0.00030 38.20 k 28.95  | 1.603    57.412    80.458    0.6708    0.3000 | 1.585    28.500    0.449 | 1.599     25.000    0.425 |  3 hr 51 min 
0.00030 38.40 k 29.10  | 1.574    54.987    73.450    0.6263    0.3000 | 1.623    28.400    0.422 | 1.730     25.000    0.400 |  3 hr 55 min 
0.00030 38.60 k 29.25  | 1.577    57.547    75.741    0.6552    0.3000 | 1.638    27.500    0.406 | 1.698     25.000    0.325 |  3 hr 58 min 
0.00030 38.80 k 29.40  | 1.551    59.704    78.571    0.6705    0.3000 | 1.684    27.200    0.398 | 1.588     25.000    0.417 |  4 hr 02 min 
0.00030 39.00 k 29.55  | 1.523    64.825    83.154    0.7218    0.3000 | 1.700    26.200    0.388 | 1.822     25.000    0.350 |  4 hr 06 min 
0.00030 39.20 k 29.70  | 1.530    50.943    72.372    0.5974    0.3000 | 1.576    29.100    0.444 | 1.448     25.000    0.450 |  4 hr 10 min 
0.00030 39.40 k 29.86  | 1.589    55.795    76.819    0.6446    0.3000 | 1.621    28.300    0.425 | 1.451     35.000    0.562 |  4 hr 13 min 
0.00030 39.60 k 30.01  | 1.543    61.186    78.976    0.6849    0.3000 | 1.658    27.100    0.409 | 1.670     25.000    0.379 |  4 hr 17 min 
0.00030 39.80 k 30.16  | 1.530    62.534    80.997    0.7030    0.3000 | 1.657    27.600    0.402 | 1.761     30.000    0.325 |  4 hr 21 min 
0.00030 40.00 k 30.31  | 1.511    60.108    77.763    0.6697    0.3000 | 1.678    26.200    0.383 | 1.616     30.000    0.425 |  4 hr 25 min 
0.00030 40.20 k 30.46  | 1.535    58.086    77.493    0.6579    0.3000 | 1.557    28.800    0.459 | 1.530     25.000    0.414 |  4 hr 28 min 
0.00030 40.40 k 30.61  | 1.545    60.108    78.571    0.6768    0.3000 | 1.579    29.100    0.443 | 1.499     45.000    0.517 |  4 hr 32 min 
0.00030 40.60 k 30.77  | 1.566    58.221    77.763    0.6629    0.3000 | 1.625    27.200    0.410 | 1.784     25.000    0.302 |  4 hr 36 min 
0.00030 40.80 k 30.92  | 1.537    59.299    78.167    0.6682    0.3000 | 1.627    28.500    0.414 | 1.694     25.000    0.335 |  4 hr 40 min 
0.00030 41.00 k 31.07  | 1.527    63.747    84.906    0.7249    0.3000 | 1.647    28.100    0.407 | 1.547     30.000    0.429 |  4 hr 43 min 
0.00030 41.20 k 31.22  | 1.547    61.590    79.650    0.6912    0.3000 | 1.537    28.900    0.470 | 1.622     30.000    0.402 |  4 hr 47 min 
0.00030 41.40 k 31.37  | 1.571    61.051    79.650    0.6891    0.3000 | 1.572    30.000    0.457 | 1.573     30.000    0.442 |  4 hr 51 min 
0.00030 41.60 k 31.52  | 1.549    57.143    78.167    0.6546    0.3000 | 1.601    30.000    0.433 | 1.661     25.000    0.367 |  4 hr 55 min 
0.00030 41.80 k 31.68  | 1.542    61.860    83.288    0.7028    0.3000 | 1.642    28.900    0.415 | 1.605     40.000    0.467 |  4 hr 58 min 
0.00030 42.00 k 31.83  | 1.531    63.208    83.423    0.7123    0.3000 | 1.659    26.400    0.391 | 1.555     25.000    0.396 |  5 hr 02 min 
0.00030 42.20 k 31.98  | 1.530    57.817    79.111    0.6651    0.3000 | 1.537    29.300    0.472 | 1.491     30.000    0.483 |  5 hr 06 min 
0.00030 42.40 k 32.13  | 1.500    54.852    76.146    0.6326    0.3000 | 1.558    30.700    0.444 | 1.737     25.000    0.392 |  5 hr 10 min 
0.00030 42.60 k 32.28  | 1.528    57.278    75.472    0.6466    0.3000 | 1.566    29.600    0.435 | 1.737     30.000    0.360 |  5 hr 13 min 
0.00030 42.80 k 32.43  | 1.514    66.577    82.480    0.7318    0.3000 | 1.620    27.600    0.412 | 1.601     30.000    0.450 |  5 hr 17 min 
0.00030 43.00 k 32.58  | 1.488    66.307    85.175    0.7414    0.3000 | 1.641    27.300    0.398 | 1.548     25.000    0.425 |  5 hr 21 min 
0.00030 43.20 k 32.74  | 1.504    59.838    81.402    0.6842    0.3000 | 1.490    30.300    0.485 | 1.563     45.000    0.550 |  5 hr 25 min 
0.00030 43.40 k 32.89  | 1.505    60.108    79.245    0.6805    0.3000 | 1.522    31.000    0.463 | 1.695     35.000    0.417 |  5 hr 28 min 
0.00030 43.60 k 33.04  | 1.537    57.951    75.741    0.6529    0.3000 | 1.590    29.000    0.432 | 1.631     30.000    0.438 |  5 hr 32 min 
0.00030 43.80 k 33.19  | 1.483    61.456    81.941    0.6966    0.3000 | 1.593    27.700    0.423 | 1.504     35.000    0.475 |  5 hr 36 min 
0.00030 44.00 k 33.34  | 1.496    59.704    78.841    0.6738    0.3000 | 1.621    27.800    0.405 | 1.716     25.000    0.367 |  5 hr 39 min 
0.00030 44.20 k 33.49  | 1.497    59.973    79.784    0.6797    0.3000 | 1.507    30.300    0.485 | 1.388     30.000    0.500 |  5 hr 43 min 
0.00030 44.40 k 33.65  | 1.490    60.916    77.763    0.6733    0.3000 | 1.524    31.100    0.468 | 1.546     25.000    0.408 |  5 hr 47 min 
0.00030 44.60 k 33.80  | 1.494    58.491    75.067    0.6498    0.3000 | 1.555    30.700    0.450 | 1.549     25.000    0.350 |  5 hr 51 min 
0.00030 44.80 k 33.95  | 1.499    61.321    78.841    0.6843    0.3000 | 1.591    28.700    0.430 | 1.562     25.000    0.388 |  5 hr 54 min 
0.00030 45.00 k 34.10  | 1.460    65.364    81.267    0.7162    0.3000 | 1.611    28.100    0.415 | 1.617     30.000    0.400 |  5 hr 58 min 
0.00030 45.20 k 34.25  | 1.465    59.164    81.267    0.6793    0.3000 | 1.493    30.900    0.480 | 1.451     30.000    0.475 |  6 hr 02 min 
0.00030 45.40 k 34.40  | 1.468    59.030    76.415    0.6576    0.3000 | 1.516    32.100    0.468 | 1.373     30.000    0.500 |  6 hr 06 min 
0.00030 45.60 k 34.55  | 1.437    51.348    81.536    0.6522    0.4000 | 1.568    29.900    0.438 | 1.475     40.000    0.512 |  6 hr 10 min 
0.00030 45.80 k 34.71  | 1.447    64.690    78.571    0.7023    0.3000 | 1.597    28.500    0.406 | 1.639     30.000    0.408 |  6 hr 13 min 
0.00030 46.00 k 34.86  | 1.467    63.342    83.019    0.7115    0.3000 | 1.591    27.900    0.405 | 1.583     25.000    0.350 |  6 hr 17 min 
0.00030 46.20 k 35.01  | 1.446    50.000    82.480    0.6429    0.4000 | 1.482    31.900    0.488 | 1.485     25.000    0.429 |  6 hr 21 min 
0.00030 46.40 k 35.16  | 1.473    60.512    78.841    0.6791    0.3000 | 1.498    31.000    0.472 | 1.328     45.000    0.600 |  6 hr 25 min 
0.00030 46.60 k 35.31  | 1.471    62.668    81.806    0.7019    0.3000 | 1.560    29.900    0.430 | 1.427     35.000    0.508 |  6 hr 29 min 
0.00030 46.80 k 35.46  | 1.484    63.612    78.437    0.6934    0.3000 | 1.571    29.600    0.430 | 1.427     25.000    0.504 |  6 hr 32 min 
0.00030 47.00 k 35.62  | 1.457    65.768    82.075    0.7208    0.3000 | 1.569    28.400    0.420 | 1.639     25.000    0.392 |  6 hr 36 min 
0.00030 47.20 k 35.77  | 1.479    59.838    79.380    0.6768    0.3000 | 1.460    32.400    0.509 | 1.499     35.000    0.517 |  6 hr 40 min 
0.00030 47.40 k 35.92  | 1.458    58.086    74.124    0.6412    0.3000 | 1.484    31.800    0.480 | 1.468     30.000    0.504 |  6 hr 44 min 
0.00030 47.60 k 36.07  | 1.458    58.760    76.146    0.6547    0.3000 | 1.524    30.200    0.457 | 1.720     25.000    0.335 |  6 hr 47 min 
0.00030 47.80 k 36.22  | 1.501    65.364    80.728    0.7178    0.3000 | 1.557    29.000    0.431 | 1.466     25.000    0.443 |  6 hr 51 min 
0.00030 48.00 k 36.37  | 1.448    62.803    79.515    0.6969    0.3000 | 1.593    28.800    0.412 | 1.464     40.000    0.487 |  6 hr 55 min 
0.00030 48.20 k 36.52  | 1.444    49.730    84.097    0.6500    0.4000 | 1.482    31.400    0.488 | 1.452     35.000    0.575 |  6 hr 59 min 
0.00030 48.40 k 36.68  | 1.445    51.617    80.593    0.6455    0.4000 | 1.499    33.100    0.471 | 1.471     30.000    0.425 |  7 hr 02 min 
0.00030 48.60 k 36.83  | 1.439    63.208    78.167    0.6891    0.3000 | 1.561    29.700    0.439 | 1.619     25.000    0.431 |  7 hr 06 min 
0.00030 48.80 k 36.98  | 1.422    52.561    84.097    0.6720    0.4000 | 1.575    28.000    0.418 | 1.699     25.000    0.475 |  7 hr 10 min 
0.00030 49.00 k 37.13  | 1.460    61.590    77.763    0.6808    0.3000 | 1.580    29.800    0.420 | 1.556     30.000    0.442 |  7 hr 14 min 
0.00030 49.20 k 37.28  | 1.463    48.787    79.111    0.6230    0.4000 | 1.464    31.600    0.498 | 1.521     35.000    0.492 |  7 hr 18 min 
0.00030 49.40 k 37.43  | 1.446    51.482    82.480    0.6557    0.4000 | 1.479    32.500    0.481 | 1.599     25.000    0.400 |  7 hr 21 min 
0.00030 49.60 k 37.59  | 1.469    58.625    74.933    0.6506    0.3000 | 1.527    31.100    0.450 | 1.611     25.000    0.352 |  7 hr 25 min 
0.00030 49.80 k 37.74  | 1.455    50.000    82.749    0.6496    0.4000 | 1.539    29.900    0.442 | 1.570     25.000    0.400 |  7 hr 29 min 
0.00030 50.00 k 37.89  | 1.449    61.186    76.685    0.6749    0.3000 | 1.545    30.700    0.439 | 1.530     30.000    0.467 |  7 hr 33 min 
0.00030 50.20 k 38.04  | 1.449    48.922    83.558    0.6426    0.4000 | 1.438    33.100    0.514 | 1.390     35.000    0.575 |  7 hr 37 min 
0.00030 50.40 k 38.19  | 1.455    58.221    73.989    0.6453    0.3000 | 1.504    32.400    0.467 | 1.413     30.000    0.550 |  7 hr 40 min 
0.00030 50.60 k 38.34  | 1.452    50.809    83.558    0.6588    0.4000 | 1.539    31.000    0.443 | 1.553     25.000    0.400 |  7 hr 44 min 
0.00030 50.80 k 38.50  | 1.416    54.717    86.523    0.6893    0.4000 | 1.529    31.200    0.445 | 1.425     30.000    0.513 |  7 hr 48 min 
0.00030 51.00 k 38.65  | 1.428    62.399    78.706    0.6852    0.3000 | 1.562    29.100    0.425 | 1.603     25.000    0.425 |  7 hr 52 min 
0.00030 51.20 k 38.80  | 1.448    59.704    74.394    0.6551    0.3000 | 1.435    34.500    0.515 | 1.624     30.000    0.433 |  7 hr 56 min 
0.00030 51.40 k 38.95  | 1.427    55.256    82.210    0.6752    0.4000 | 1.465    32.900    0.483 | 1.547     40.000    0.467 |  7 hr 59 min 
0.00030 51.60 k 39.10  | 1.430    54.717    84.367    0.6800    0.4000 | 1.505    31.700    0.453 | 1.467     35.000    0.460 |  8 hr 03 min 
0.00030 51.80 k 39.25  | 1.427    52.022    86.388    0.6798    0.4000 | 1.512    31.700    0.446 | 1.343     50.000    0.610 |  8 hr 07 min 
0.00030 52.00 k 39.40  | 1.412    49.596    90.027    0.6818    0.4000 | 1.542    30.300    0.434 | 1.660     25.000    0.375 |  8 hr 10 min 
0.00030 52.20 k 39.56  | 1.433    51.078    83.423    0.6545    0.4000 | 1.449    34.300    0.515 | 1.327     45.000    0.667 |  8 hr 14 min 
0.00030 52.40 k 39.71  | 1.442    54.043    78.976    0.6531    0.4000 | 1.459    35.800    0.499 | 1.508     35.000    0.458 |  8 hr 18 min 
0.00030 52.60 k 39.86  | 1.440    52.695    81.671    0.6593    0.4000 | 1.506    31.500    0.459 | 1.473     25.000    0.425 |  8 hr 22 min 
0.00030 52.80 k 40.01  | 1.428    51.348    86.792    0.6766    0.4000 | 1.530    30.600    0.432 | 1.497     35.000    0.425 |  8 hr 26 min 
0.00030 53.00 k 40.16  | 1.432    50.000    87.332    0.6702    0.4000 | 1.547    29.600    0.426 | 1.572     25.000    0.402 |  8 hr 29 min 
0.00030 53.20 k 40.31  | 1.424    50.943    85.984    0.6648    0.4000 | 1.418    34.300    0.525 | 1.398     30.000    0.504 |  8 hr 33 min 
0.00030 53.40 k 40.47  | 1.440    52.291    81.806    0.6564    0.4000 | 1.457    34.900    0.487 | 1.436     45.000    0.502 |  8 hr 37 min 
0.00030 53.60 k 40.62  | 1.447    53.504    83.288    0.6701    0.4000 | 1.487    32.100    0.458 | 1.511     35.000    0.504 |  8 hr 41 min 
0.00030 53.80 k 40.77  | 1.457    54.043    81.941    0.6690    0.4000 | 1.532    30.700    0.435 | 1.569     30.000    0.422 |  8 hr 45 min 
0.00030 54.00 k 40.92  | 1.442    50.539    87.466    0.6788    0.4000 | 1.551    28.600    0.414 | 1.528     25.000    0.408 |  8 hr 48 min 
0.00030 54.20 k 41.07  | 1.429    53.369    84.906    0.6781    0.4000 | 1.435    34.300    0.511 | 1.332     35.000    0.575 |  8 hr 52 min 
0.00030 54.40 k 41.22  | 1.431    55.930    83.693    0.6837    0.4000 | 1.432    34.700    0.496 | 1.361     40.000    0.537 |  8 hr 56 min 
0.00030 54.60 k 41.37  | 1.404    60.108    85.984    0.7159    0.4000 | 1.480    34.100    0.471 | 1.605     30.000    0.400 |  9 hr 00 min 
0.00030 54.80 k 41.53  | 1.404    58.086    86.792    0.7079    0.4000 | 1.521    30.300    0.434 | 1.490     25.000    0.450 |  9 hr 04 min 
0.00030 55.00 k 41.68  | 1.429    52.291    88.140    0.6874    0.4000 | 1.527    30.000    0.430 | 1.490     25.000    0.442 |  9 hr 07 min 
0.00030 55.20 k 41.83  | 1.395    57.278    84.097    0.6918    0.4000 | 1.410    35.800    0.524 | 1.436     50.000    0.542 |  9 hr 11 min 
0.00030 55.40 k 41.98  | 1.415    54.717    83.558    0.6761    0.4000 | 1.459    34.000    0.487 | 1.278     40.000    0.642 |  9 hr 15 min 
0.00030 55.60 k 42.13  | 1.413    54.717    84.501    0.6859    0.4000 | 1.498    32.300    0.459 | 1.440     45.000    0.500 |  9 hr 19 min 
0.00030 55.80 k 42.28  | 1.401    56.199    85.310    0.6979    0.4000 | 1.508    32.500    0.457 | 1.560     40.000    0.450 |  9 hr 22 min 
0.00030 56.00 k 42.44  | 1.417    54.178    88.410    0.6987    0.4000 | 1.507    31.300    0.441 | 1.528     40.000    0.483 |  9 hr 26 min 
0.00030 56.20 k 42.59  | 1.411    52.426    84.906    0.6728    0.4000 | 1.424    34.000    0.525 | 1.246     45.000    0.650 |  9 hr 30 min 
0.00030 56.40 k 42.74  | 1.405    55.795    83.962    0.6849    0.4000 | 1.402    37.000    0.528 | 1.380     55.000    0.592 |  9 hr 34 min 
0.00030 56.60 k 42.89  | 1.395    58.895    85.445    0.7084    0.4000 | 1.469    33.500    0.470 | 1.501     40.000    0.463 |  9 hr 38 min 
0.00030 56.80 k 43.04  | 1.402    58.491    86.388    0.7097    0.4000 | 1.485    32.300    0.460 | 1.441     35.000    0.487 |  9 hr 41 min 
0.00030 57.00 k 43.19  | 1.402    54.178    90.296    0.7056    0.4000 | 1.519    29.400    0.431 | 1.535     30.000    0.388 |  9 hr 45 min 
0.00030 57.20 k 43.34  | 1.407    55.121    85.849    0.6891    0.4000 | 1.396    36.700    0.535 | 1.370     35.000    0.510 |  9 hr 49 min 
0.00030 57.40 k 43.50  | 1.392    60.377    84.906    0.7134    0.4000 | 1.429    36.500    0.506 | 1.515     25.000    0.404 |  9 hr 53 min 
0.00030 57.60 k 43.65  | 1.406    58.760    84.232    0.7025    0.4000 | 1.456    35.300    0.484 | 1.464     45.000    0.550 |  9 hr 57 min 
0.00030 57.80 k 43.80  | 1.390    60.243    87.601    0.7289    0.4000 | 1.486    33.100    0.459 | 1.619     35.000    0.412 | 10 hr 00 min 
0.00030 58.00 k 43.95  | 1.394    58.491    90.162    0.7291    0.4000 | 1.501    30.200    0.437 | 1.450     25.000    0.435 | 10 hr 04 min 
0.00030 58.20 k 44.10  | 1.386    58.625    85.984    0.7093    0.4000 | 1.420    35.700    0.518 | 1.495     30.000    0.475 | 10 hr 08 min 
0.00030 58.40 k 44.25  | 1.386    59.973    82.075    0.6973    0.4000 | 1.415    36.800    0.509 | 1.431     35.000    0.517 | 10 hr 11 min 
0.00030 58.60 k 44.41  | 1.392    60.647    85.580    0.7182    0.4000 | 1.447    36.500    0.498 | 1.549     30.000    0.408 | 10 hr 15 min 
0.00030 58.80 k 44.56  | 1.389    59.434    86.523    0.7177    0.4000 | 1.486    32.700    0.453 | 1.419     30.000    0.487 | 10 hr 19 min 
0.00030 59.00 k 44.71  | 1.376    60.916    90.296    0.7410    0.4000 | 1.495    32.100    0.445 | 1.424     40.000    0.504 | 10 hr 22 min 
0.00030 59.20 k 44.86  | 1.363    62.129    88.679    0.7363    0.4000 | 1.396    38.200    0.543 | 1.482     30.000    0.504 | 10 hr 26 min 
0.00030 59.40 k 45.01  | 1.367    62.534    83.288    0.7184    0.4000 | 1.417    38.400    0.516 | 1.466     45.000    0.592 | 10 hr 30 min 
0.00030 59.60 k 45.16  | 1.364    63.342    85.175    0.7305    0.4000 | 1.459    34.100    0.476 | 1.511     35.000    0.458 | 10 hr 34 min 
0.00030 59.80 k 45.32  | 1.368    64.960    86.253    0.7446    0.4000 | 1.462    33.900    0.466 | 1.491     30.000    0.400 | 10 hr 38 min 
0.00030 60.00 k 45.47  | 1.364    63.477    89.757    0.7510    0.4000 | 1.492    31.800    0.438 | 1.526     30.000    0.388 | 10 hr 41 min 
0.00030 60.20 k 45.62  | 1.353    63.747    85.984    0.7350    0.4000 | 1.384    37.600    0.552 | 1.583     25.000    0.479 | 10 hr 45 min 
0.00030 60.40 k 45.77  | 1.366    62.668    83.423    0.7165    0.4000 | 1.418    37.300    0.513 | 1.464     30.000    0.467 | 10 hr 49 min 
0.00030 60.60 k 45.92  | 1.356    65.768    83.827    0.7368    0.4000 | 1.441    36.200    0.494 | 1.543     35.000    0.474 | 10 hr 53 min 
0.00030 60.80 k 46.07  | 1.364    64.286    87.466    0.7448    0.4000 | 1.471    33.400    0.463 | 1.519     35.000    0.377 | 10 hr 56 min 
0.00030 61.00 k 46.22  | 1.380    63.747    88.949    0.7482    0.4000 | 1.472    32.200    0.453 | 1.583     25.000    0.321 | 11 hr 00 min 
0.00030 61.20 k 46.38  | 1.377    63.881    83.019    0.7205    0.4000 | 1.387    40.200    0.547 | 1.504     35.000    0.517 | 11 hr 04 min 
0.00030 61.40 k 46.53  | 1.378    63.208    84.232    0.7238    0.4000 | 1.404    38.900    0.520 | 1.314     40.000    0.600 | 11 hr 08 min 
0.00030 61.60 k 46.68  | 1.371    65.768    84.097    0.7360    0.4000 | 1.436    37.000    0.496 | 1.498     30.000    0.377 | 11 hr 11 min 
0.00030 61.80 k 46.83  | 1.370    67.116    85.849    0.7509    0.4000 | 1.456    37.000    0.483 | 1.528     25.000    0.417 | 11 hr 15 min 
0.00030 62.00 k 46.98  | 1.386    65.499    90.027    0.7646    0.4000 | 1.499    33.400    0.439 | 1.504     30.000    0.425 | 11 hr 19 min 
0.00030 62.20 k 47.13  | 1.392    63.073    86.388    0.7324    0.4000 | 1.392    41.100    0.553 | 1.305     45.000    0.613 | 11 hr 23 min 
0.00030 62.40 k 47.29  | 1.385    66.577    83.423    0.7364    0.4000 | 1.411    38.600    0.526 | 1.303     45.000    0.600 | 11 hr 27 min 
0.00030 62.60 k 47.44  | 1.375    64.825    85.445    0.7380    0.4000 | 1.422    38.200    0.492 | 1.496     25.000    0.342 | 11 hr 30 min 
0.00030 62.80 k 47.59  | 1.364    67.116    87.197    0.7567    0.4000 | 1.455    35.500    0.473 | 1.520     35.000    0.463 | 11 hr 34 min 
0.00030 63.00 k 47.74  | 1.365    68.329    89.353    0.7744    0.4000 | 1.469    34.800    0.461 | 1.446     35.000    0.500 | 11 hr 38 min 
0.00030 63.20 k 47.89  | 1.350    67.925    87.601    0.7636    0.4000 | 1.362    41.000    0.568 | 1.339     45.000    0.573 | 11 hr 42 min 
0.00030 63.40 k 48.04  | 1.362    64.825    83.423    0.7302    0.4000 | 1.416    38.700    0.518 | 1.472     35.000    0.442 | 11 hr 46 min 
0.00030 63.60 k 48.19  | 1.366    68.464    83.019    0.7462    0.4000 | 1.415    39.700    0.518 | 1.373     45.000    0.575 | 11 hr 49 min 
0.00030 63.80 k 48.35  | 1.364    70.216    87.062    0.7736    0.4000 | 1.439    37.000    0.484 | 1.502     35.000    0.417 | 11 hr 53 min 
0.00030 64.00 k 48.50  | 1.364    69.542    89.623    0.7816    0.4000 | 1.456    35.300    0.463 | 1.481     35.000    0.438 | 11 hr 57 min 
0.00030 64.20 k 48.65  | 1.359    67.251    86.388    0.7539    0.4000 | 1.362    43.200    0.578 | 1.231     60.000    0.725 | 12 hr 01 min 
0.00030 64.40 k 48.80  | 1.355    65.094    83.693    0.7273    0.4000 | 1.377    44.900    0.568 | 1.276     55.000    0.645 | 12 hr 05 min 
0.00030 64.60 k 48.95  | 1.370    65.364    81.267    0.7203    0.4000 | 1.424    37.900    0.492 | 1.363     50.000    0.583 | 12 hr 08 min 
0.00030 64.80 k 49.10  | 1.353    71.429    88.005    0.7858    0.4000 | 1.452    36.100    0.465 | 1.514     25.000    0.400 | 12 hr 12 min 
0.00030 65.00 k 49.26  | 1.364    70.889    89.892    0.7938    0.4000 | 1.488    34.100    0.444 | 1.382     45.000    0.510 | 12 hr 16 min 
0.00030 65.20 k 49.41  | 1.365    67.790    87.871    0.7622    0.4000 | 1.381    42.000    0.556 | 1.475     35.000    0.452 | 12 hr 20 min 
0.00030 65.40 k 49.56  | 1.359    67.925    85.175    0.7496    0.4000 | 1.395    40.000    0.525 | 1.347     40.000    0.650 | 12 hr 24 min 
0.00030 65.60 k 49.71  | 1.363    67.251    83.558    0.7389    0.4000 | 1.445    36.700    0.479 | 1.430     40.000    0.479 | 12 hr 27 min 
0.00030 65.80 k 49.86  | 1.352    71.294    87.062    0.7806    0.4000 | 1.453    36.100    0.468 | 1.406     35.000    0.529 | 12 hr 31 min 
0.00030 66.00 k 50.01  | 1.346    71.833    88.949    0.7896    0.4000 | 1.472    34.700    0.453 | 1.389     35.000    0.517 | 12 hr 35 min 
0.00030 66.20 k 50.16  | 1.343    67.116    84.097    0.7422    0.4000 | 1.389    40.300    0.560 | 1.380     35.000    0.485 | 12 hr 39 min 
0.00030 66.40 k 50.32  | 1.339    66.712    83.962    0.7398    0.4000 | 1.396    41.400    0.527 | 1.492     30.000    0.406 | 12 hr 43 min 
0.00030 66.60 k 50.47  | 1.338    69.811    83.827    0.7546    0.4000 | 1.421    37.600    0.504 | 1.419     35.000    0.517 | 12 hr 46 min 
0.00030 66.80 k 50.62  | 1.341    71.833    86.927    0.7851    0.4000 | 1.449    37.700    0.477 | 1.416     35.000    0.450 | 12 hr 50 min 
0.00030 67.00 k 50.77  | 1.346    71.698    88.814    0.7891    0.4000 | 1.443    36.500    0.475 | 1.546     30.000    0.402 | 12 hr 54 min 
0.00030 67.20 k 50.92  | 1.353    64.016    84.636    0.7241    0.4000 | 1.352    45.500    0.591 | 1.321     40.000    0.602 | 12 hr 58 min 
0.00030 67.40 k 51.07  | 1.360    64.151    83.558    0.7195    0.4000 | 1.375    41.600    0.546 | 1.366     30.000    0.450 | 13 hr 02 min 
0.00030 67.60 k 51.23  | 1.358    68.059    83.558    0.7445    0.4000 | 1.411    40.300    0.512 | 1.384     40.000    0.487 | 13 hr 06 min 
0.00030 67.80 k 51.38  | 1.362    71.294    84.097    0.7685    0.4000 | 1.444    36.400    0.473 | 1.367     40.000    0.547 | 13 hr 09 min 
0.00030 68.00 k 51.53  | 1.352    69.542    88.949    0.7761    0.4000 | 1.443    39.200    0.479 | 1.434     35.000    0.463 | 13 hr 13 min 
0.00030 68.20 k 51.68  | 1.345    64.151    86.388    0.7312    0.4000 | 1.361    44.400    0.578 | 1.482     20.000    0.398 | 13 hr 17 min 
0.00030 68.40 k 51.83  | 1.334    71.024    86.253    0.7748    0.4000 | 1.393    41.300    0.535 | 1.356     45.000    0.567 | 13 hr 21 min 
0.00030 68.60 k 51.98  | 1.333    73.046    87.736    0.7918    0.4000 | 1.418    39.300    0.507 | 1.353     45.000    0.500 | 13 hr 24 min 
0.00030 68.80 k 52.14  | 1.333    68.329    86.523    0.7595    0.4000 | 1.427    39.700    0.497 | 1.380     50.000    0.550 | 13 hr 28 min 
0.00030 69.00 k 52.29  | 1.342    72.911    91.509    0.8107    0.4000 | 1.448    37.100    0.474 | 1.412     35.000    0.487 | 13 hr 32 min 
0.00030 69.20 k 52.44  | 1.331    69.946    89.353    0.7790    0.4000 | 1.353    46.000    0.589 | 1.284     50.000    0.652 | 13 hr 36 min 
0.00030 69.40 k 52.59  | 1.336    65.094    85.714    0.7328    0.4000 | 1.373    44.400    0.557 | 1.376     50.000    0.567 | 13 hr 39 min 
0.00030 69.60 k 52.74  | 1.340    65.633    85.310    0.7317    0.4000 | 1.412    41.300    0.511 | 1.572     35.000    0.425 | 13 hr 43 min 
0.00030 69.80 k 52.89  | 1.340    67.925    87.062    0.7612    0.4000 | 1.437    37.800    0.482 | 1.366     45.000    0.567 | 13 hr 47 min 
0.00030 70.00 k 53.04  | 1.335    74.394    90.431    0.8130    0.4000 | 1.441    37.700    0.467 | 1.428     40.000    0.435 | 13 hr 50 min 
0.00030 70.20 k 53.20  | 1.334    56.469    83.288    0.6740    0.4000 | 1.353    45.200    0.582 | 1.266     55.000    0.683 | 13 hr 54 min 
0.00030 70.40 k 53.35  | 1.327    64.960    85.714    0.7357    0.4000 | 1.415    41.300    0.521 | 1.443     50.000    0.552 | 13 hr 58 min 
0.00030 70.60 k 53.50  | 1.331    66.846    84.232    0.7435    0.4000 | 1.424    40.500    0.497 | 1.508     30.000    0.350 | 14 hr 02 min 
0.00030 70.80 k 53.65  | 1.333    64.151    86.253    0.7287    0.4000 | 1.428    40.000    0.494 | 1.516     35.000    0.492 | 14 hr 06 min 
0.00030 71.00 k 53.80  | 1.330    66.173    87.871    0.7532    0.4000 | 1.423    39.900    0.495 | 1.411     45.000    0.517 | 14 hr 09 min 
0.00030 71.20 k 53.95  | 1.325    62.803    86.388    0.7247    0.4000 | 1.360    47.800    0.587 | 1.379     40.000    0.517 | 14 hr 13 min 
0.00030 71.40 k 54.11  | 1.336    61.995    84.367    0.7069    0.4000 | 1.386    42.600    0.543 | 1.527     35.000    0.463 | 14 hr 17 min 
0.00030 71.60 k 54.26  | 1.326    62.803    83.423    0.7094    0.4000 | 1.426    41.300    0.505 | 1.463     45.000    0.475 | 14 hr 21 min 
0.00030 71.80 k 54.41  | 1.337    66.173    87.197    0.7482    0.4000 | 1.434    39.400    0.487 | 1.461     25.000    0.352 | 14 hr 24 min 
0.00030 72.00 k 54.56  | 1.341    64.690    88.679    0.7403    0.4000 | 1.456    37.800    0.468 | 1.474     40.000    0.510 | 14 hr 28 min 
0.00030 72.20 k 54.71  | 1.336    47.305    86.253    0.6523    0.5000 | 1.341    47.100    0.602 | 1.341     40.000    0.579 | 14 hr 32 min 
0.00030 72.40 k 54.86  | 1.342    57.682    83.423    0.6783    0.4000 | 1.379    45.400    0.562 | 1.295     55.000    0.667 | 14 hr 36 min 
0.00030 72.60 k 55.01  | 1.341    56.199    80.863    0.6588    0.4000 | 1.417    41.800    0.519 | 1.462     35.000    0.433 | 14 hr 40 min 
0.00030 72.80 k 55.17  | 1.334    59.299    83.423    0.6874    0.4000 | 1.425    41.100    0.500 | 1.354     40.000    0.537 | 14 hr 43 min 
0.00030 73.00 k 55.32  | 1.335    62.399    84.097    0.7055    0.4000 | 1.461    37.000    0.458 | 1.566     35.000    0.467 | 14 hr 47 min 
0.00030 73.20 k 55.47  | 1.327    48.383    85.040    0.6546    0.5000 | 1.349    47.900    0.595 | 1.283     80.000    0.817 | 14 hr 51 min 
0.00030 73.40 k 55.62  | 1.326    57.682    81.267    0.6660    0.4000 | 1.368    45.700    0.563 | 1.292     60.000    0.658 | 14 hr 55 min 
0.00030 73.60 k 55.77  | 1.340    46.496    84.501    0.6424    0.5000 | 1.423    41.500    0.507 | 1.542     30.000    0.443 | 14 hr 59 min 
0.00030 73.80 k 55.92  | 1.338    57.008    81.671    0.6609    0.4000 | 1.399    42.000    0.517 | 1.445     35.000    0.400 | 15 hr 02 min 
0.00030 74.00 k 56.08  | 1.329    43.396    88.949    0.6451    0.5000 | 1.444    37.000    0.463 | 1.378     60.000    0.685 | 15 hr 06 min 
0.00030 74.20 k 56.23  | 1.329    45.957    85.310    0.6388    0.5000 | 1.348    49.300    0.602 | 1.435     45.000    0.502 | 15 hr 10 min 
0.00030 74.40 k 56.38  | 1.330    48.113    84.501    0.6468    0.5000 | 1.375    44.200    0.547 | 1.475     45.000    0.500 | 15 hr 14 min 
0.00030 74.60 k 56.53  | 1.329    48.922    83.154    0.6466    0.5000 | 1.401    42.300    0.516 | 1.325     55.000    0.600 | 15 hr 18 min 
0.00030 74.80 k 56.68  | 1.332    46.900    86.927    0.6580    0.5000 | 1.437    41.200    0.495 | 1.346     40.000    0.550 | 15 hr 21 min 
0.00030 75.00 k 56.83  | 1.335    45.957    89.623    0.6682    0.5000 | 1.453    38.700    0.464 | 1.434     40.000    0.450 | 15 hr 25 min 
0.00030 75.20 k 56.98  | 1.337    49.057    85.849    0.6621    0.5000 | 1.353    48.900    0.599 | 1.360     45.000    0.525 | 15 hr 29 min 
0.00030 75.40 k 57.14  | 1.335    48.922    85.580    0.6587    0.5000 | 1.371    48.100    0.574 | 1.447     50.000    0.613 | 15 hr 33 min 
0.00030 75.60 k 57.29  | 1.333    50.270    85.445    0.6655    0.5000 | 1.420    43.100    0.515 | 1.458     50.000    0.525 | 15 hr 37 min 
0.00030 75.80 k 57.44  | 1.337    48.248    87.871    0.6651    0.5000 | 1.411    43.900    0.525 | 1.263     60.000    0.667 | 15 hr 40 min 
0.00030 76.00 k 57.59  | 1.351    43.935    88.005    0.6419    0.5000 | 1.442    41.100    0.482 | 1.455     35.000    0.408 | 15 hr 44 min 
0.00030 76.20 k 57.74  | 1.360    49.461    81.806    0.6346    0.5000 | 1.354    50.600    0.618 | 1.342     50.000    0.604 | 15 hr 48 min 
0.00030 76.40 k 57.89  | 1.353    48.518    81.671    0.6360    0.5000 | 1.367    46.400    0.568 | 1.313     60.000    0.675 | 15 hr 52 min 
0.00030 76.60 k 58.05  | 1.350    48.113    82.615    0.6420    0.5000 | 1.410    42.400    0.508 | 1.487     30.000    0.375 | 15 hr 56 min 
0.00030 76.80 k 58.20  | 1.343    46.361    83.827    0.6402    0.5000 | 1.427    40.800    0.489 | 1.490     35.000    0.385 | 16 hr 00 min 
0.00030 77.00 k 58.35  | 1.329    44.609    88.814    0.6527    0.5000 | 1.448    40.100    0.489 | 1.476     35.000    0.475 | 16 hr 03 min 
0.00030 77.20 k 58.50  | 1.328    49.596    84.771    0.6598    0.5000 | 1.352    50.300    0.610 | 1.343     40.000    0.625 | 16 hr 07 min 
0.00030 77.40 k 58.65  | 1.328    48.652    84.771    0.6536    0.5000 | 1.384    45.400    0.548 | 1.392     45.000    0.537 | 16 hr 11 min 
0.00030 77.60 k 58.80  | 1.333    49.461    85.714    0.6637    0.5000 | 1.387    45.400    0.550 | 1.289     70.000    0.750 | 16 hr 15 min 
0.00030 77.80 k 58.96  | 1.328    48.383    88.410    0.6722    0.5000 | 1.421    41.200    0.498 | 1.439     30.000    0.442 | 16 hr 19 min 
0.00030 78.00 k 59.11  | 1.336    46.900    89.892    0.6654    0.5000 | 1.426    41.800    0.495 | 1.358     50.000    0.625 | 16 hr 22 min 
0.00030 78.20 k 59.26  | 1.334    51.078    83.558    0.6605    0.5000 | 1.345    51.200    0.611 | 1.353     55.000    0.642 | 16 hr 26 min 
0.00030 78.40 k 59.41  | 1.335    49.596    84.097    0.6579    0.5000 | 1.362    50.800    0.598 | 1.294     75.000    0.750 | 16 hr 30 min 
0.00030 78.60 k 59.56  | 1.339    50.135    84.636    0.6609    0.5000 | 1.383    44.600    0.540 | 1.266     65.000    0.713 | 16 hr 34 min 
0.00030 78.80 k 59.71  | 1.338    48.248    83.693    0.6481    0.5000 | 1.404    43.800    0.509 | 1.427     40.000    0.477 | 16 hr 37 min 
0.00030 79.00 k 59.86  | 1.343    45.418    87.332    0.6505    0.5000 | 1.433    42.400    0.496 | 1.470     30.000    0.375 | 16 hr 41 min 
0.00030 79.20 k 60.02  | 1.331    48.518    85.580    0.6542    0.5000 | 1.348    51.300    0.608 | 1.434     55.000    0.637 | 16 hr 45 min 
0.00030 79.40 k 60.17  | 1.332    50.539    82.884    0.6537    0.5000 | 1.374    46.500    0.562 | 1.288     60.000    0.675 | 16 hr 49 min 
0.00030 79.60 k 60.32  | 1.338    50.809    81.536    0.6497    0.5000 | 1.390    43.100    0.526 | 1.394     50.000    0.554 | 16 hr 53 min 
0.00030 79.80 k 60.47  | 1.335    46.496    85.849    0.6493    0.5000 | 1.416    43.600    0.508 | 1.449     30.000    0.408 | 16 hr 56 min 
0.00030 80.00 k 60.62  | 1.330    46.631    89.353    0.6668    0.5000 | 1.438    42.000    0.493 | 1.445     45.000    0.502 | 17 hr 00 min 
0.00030 80.20 k 60.77  | 1.335    49.730    86.119    0.6608    0.5000 | 1.345    50.000    0.605 | 1.304     50.000    0.604 | 17 hr 04 min 
0.00030 80.40 k 60.93  | 1.331    51.887    83.558    0.6631    0.5000 | 1.362    48.200    0.577 | 1.336     50.000    0.592 | 17 hr 08 min 
0.00030 80.60 k 61.08  | 1.331    48.922    83.019    0.6473    0.5000 | 1.397    45.200    0.537 | 1.446     40.000    0.467 | 17 hr 12 min 
0.00030 80.80 k 61.23  | 1.334    49.326    84.097    0.6567    0.5000 | 1.415    41.900    0.503 | 1.440     45.000    0.450 | 17 hr 16 min 
0.00030 81.00 k 61.38  | 1.327    47.574    88.949    0.6703    0.5000 | 1.437    42.000    0.491 | 1.466     30.000    0.400 | 17 hr 19 min 
0.00030 81.20 k 61.53  | 1.326    50.943    85.714    0.6664    0.5000 | 1.337    53.700    0.629 | 1.279     60.000    0.683 | 17 hr 23 min 
0.00030 81.40 k 61.68  | 1.330    52.291    84.232    0.6688    0.5000 | 1.377    47.600    0.569 | 1.427     55.000    0.658 | 17 hr 27 min 
0.00030 81.60 k 61.83  | 1.328    50.404    85.040    0.6642    0.5000 | 1.371    48.400    0.569 | 1.339     50.000    0.692 | 17 hr 31 min 
0.00030 81.80 k 61.99  | 1.323    50.674    86.658    0.6768    0.5000 | 1.408    42.900    0.507 | 1.421     35.000    0.492 | 17 hr 35 min 
0.00030 82.00 k 62.14  | 1.333    47.978    89.218    0.6727    0.5000 | 1.437    41.500    0.488 | 1.424     35.000    0.460 | 17 hr 38 min 
0.00030 82.20 k 62.29  | 1.340    52.291    83.558    0.6622    0.5000 | 1.349    50.600    0.604 | 1.283     60.000    0.667 | 17 hr 42 min 
0.00030 82.40 k 62.44  | 1.338    51.482    84.097    0.6599    0.5000 | 1.380    47.900    0.571 | 1.599     45.000    0.592 | 17 hr 46 min 
0.00030 82.60 k 62.59  | 1.335    50.539    84.232    0.6583    0.5000 | 1.405    45.000    0.528 | 1.366     45.000    0.588 | 17 hr 50 min 
0.00030 82.80 k 62.74  | 1.333    50.270    86.253    0.6695    0.5000 | 1.412    44.400    0.506 | 1.383     55.000    0.600 | 17 hr 54 min 
0.00030 83.00 k 62.90  | 1.336    48.922    86.658    0.6663    0.5000 | 1.414    43.200    0.511 | 1.346     45.000    0.525 | 17 hr 57 min 
0.00030 83.20 k 63.05  | 1.337    48.518    85.580    0.6548    0.5000 | 1.355    49.800    0.609 | 1.354     35.000    0.500 | 18 hr 01 min 
0.00030 83.40 k 63.20  | 1.344    52.426    83.288    0.6611    0.5000 | 1.379    48.500    0.573 | 1.299     60.000    0.667 | 18 hr 05 min 
0.00030 83.60 k 63.35  | 1.320    53.908    83.558    0.6758    0.5000 | 1.391    45.200    0.537 | 1.376     50.000    0.567 | 18 hr 09 min 
0.00030 83.80 k 63.50  | 1.318    51.482    87.197    0.6801    0.5000 | 1.412    43.500    0.511 | 1.452     35.000    0.500 | 18 hr 13 min 
0.00030 84.00 k 63.65  | 1.328    51.213    88.814    0.6864    0.5000 | 1.431    43.400    0.509 | 1.476     35.000    0.400 | 18 hr 16 min 
0.00030 84.20 k 63.80  | 1.321    53.100    86.119    0.6809    0.5000 | 1.332    54.000    0.636 | 1.318     55.000    0.592 | 18 hr 20 min 
0.00030 84.40 k 63.96  | 1.322    51.887    84.232    0.6679    0.5000 | 1.372    49.500    0.579 | 1.501     50.000    0.535 | 18 hr 24 min 
0.00030 84.60 k 64.11  | 1.344    53.774    83.019    0.6714    0.5000 | 1.392    47.300    0.552 | 1.462     45.000    0.467 | 18 hr 28 min 
0.00030 84.80 k 64.26  | 1.342    51.887    85.714    0.6777    0.5000 | 1.403    45.200    0.524 | 1.468     25.000    0.350 | 18 hr 32 min 
0.00030 85.00 k 64.41  | 1.339    48.383    87.871    0.6713    0.5000 | 1.424    42.100    0.496 | 1.401     35.000    0.404 | 18 hr 35 min 
0.00030 85.20 k 64.56  | 1.338    53.774    86.253    0.6856    0.5000 | 1.345    52.900    0.620 | 1.254     70.000    0.775 | 18 hr 39 min 
0.00030 85.40 k 64.71  | 1.356    51.078    82.210    0.6499    0.5000 | 1.388    47.700    0.566 | 1.425     40.000    0.496 | 18 hr 43 min 
0.00030 85.60 k 64.87  | 1.340    53.369    84.097    0.6775    0.5000 | 1.377    46.900    0.553 | 1.391     45.000    0.585 | 18 hr 47 min 
0.00030 85.80 k 65.02  | 1.342    52.561    86.388    0.6829    0.5000 | 1.414    43.300    0.515 | 1.401     40.000    0.487 | 18 hr 50 min 
0.00030 86.00 k 65.17  | 1.339    49.596    90.162    0.6852    0.5000 | 1.434    43.800    0.496 | 1.370     50.000    0.550 | 18 hr 54 min 
0.00030 86.20 k 65.32  | 1.346    50.135    85.310    0.6597    0.5000 | 1.327    55.000    0.637 | 1.323     50.000    0.588 | 18 hr 58 min 
0.00030 86.40 k 65.47  | 1.342    53.235    83.154    0.6688    0.5000 | 1.359    51.200    0.600 | 1.490     30.000    0.379 | 19 hr 02 min 
0.00030 86.60 k 65.62  | 1.352    50.943    82.615    0.6554    0.5000 | 1.384    49.100    0.572 | 1.284     70.000    0.725 | 19 hr 06 min 
0.00030 86.80 k 65.78  | 1.349    51.348    85.310    0.6680    0.5000 | 1.406    45.100    0.517 | 1.331     45.000    0.550 | 19 hr 09 min 
0.00030 87.00 k 65.93  | 1.349    50.135    86.927    0.6727    0.5000 | 1.427    42.900    0.497 | 1.453     30.000    0.400 | 19 hr 13 min 
0.00030 87.20 k 66.08  | 1.337    50.674    84.771    0.6602    0.5000 | 1.338    54.600    0.625 | 1.370     50.000    0.567 | 19 hr 17 min 
0.00030 87.40 k 66.23  | 1.344    49.596    84.501    0.6552    0.5000 | 1.390    46.400    0.554 | 1.397     40.000    0.535 | 19 hr 21 min 
0.00030 87.60 k 66.38  | 1.332    50.943    85.445    0.6704    0.5000 | 1.387    46.100    0.549 | 1.438     45.000    0.525 | 19 hr 25 min 
0.00030 87.80 k 66.53  | 1.332    49.730    85.984    0.6674    0.5000 | 1.397    44.500    0.519 | 1.285     60.000    0.725 | 19 hr 28 min 
0.00030 88.00 k 66.68  | 1.330    50.404    88.544    0.6838    0.5000 | 1.434    43.400    0.493 | 1.398     45.000    0.467 | 19 hr 32 min 
0.00030 88.20 k 66.84  | 1.330    49.865    86.523    0.6664    0.5000 | 1.348    52.900    0.620 | 1.258     50.000    0.622 | 19 hr 36 min 
0.00030 88.40 k 66.99  | 1.326    53.774    84.501    0.6771    0.5000 | 1.373    48.800    0.570 | 1.358     45.000    0.537 | 19 hr 40 min 
0.00030 88.60 k 67.14  | 1.330    49.057    85.714    0.6624    0.5000 | 1.399    46.700    0.541 | 1.536     30.000    0.475 | 19 hr 44 min 
0.00030 88.80 k 67.29  | 1.334    53.100    84.367    0.6749    0.5000 | 1.407    44.700    0.518 | 1.369     30.000    0.500 | 19 hr 47 min 
0.00030 89.00 k 67.44  | 1.325    51.482    91.240    0.6973    0.5000 | 1.426    40.400    0.475 | 1.521     35.000    0.400 | 19 hr 51 min 
0.00030 89.20 k 67.59  | 1.324    49.596    87.871    0.6737    0.5000 | 1.348    54.300    0.629 | 1.385     45.000    0.550 | 19 hr 55 min 
0.00030 89.40 k 67.75  | 1.328    49.730    86.388    0.6654    0.5000 | 1.362    51.300    0.588 | 1.472     45.000    0.475 | 19 hr 59 min 
0.00030 89.60 k 67.90  | 1.337    52.156    84.367    0.6732    0.5000 | 1.409    43.900    0.522 | 1.440     35.000    0.400 | 20 hr 02 min 
0.00030 89.80 k 68.05  | 1.332    51.887    85.714    0.6727    0.5000 | 1.403    43.700    0.509 | 1.454     25.000    0.350 | 20 hr 06 min 
0.00030 90.00 k 68.20  | 1.333    49.596    88.005    0.6770    0.5000 | 1.413    45.800    0.523 | 1.436     40.000    0.442 | 20 hr 10 min 
0.00030 90.20 k 68.35  | 1.330    51.617    87.736    0.6777    0.5000 | 1.331    54.000    0.627 | 1.307     45.000    0.588 | 20 hr 14 min 
0.00030 90.40 k 68.50  | 1.341    54.987    83.962    0.6788    0.5000 | 1.376    49.200    0.574 | 1.318     45.000    0.583 | 20 hr 18 min 
0.00030 90.60 k 68.65  | 1.332    51.078    85.984    0.6739    0.5000 | 1.387    47.600    0.549 | 1.471     45.000    0.475 | 20 hr 21 min 
0.00030 90.80 k 68.81  | 1.330    52.830    87.197    0.6869    0.5000 | 1.416    44.600    0.511 | 1.530     35.000    0.402 | 20 hr 25 min 
0.00030 91.00 k 68.96  | 1.331    49.730    87.871    0.6728    0.5000 | 1.429    41.900    0.489 | 1.344     40.000    0.521 | 20 hr 29 min 
0.00030 91.20 k 69.11  | 1.335    51.887    86.253    0.6719    0.5000 | 1.322    57.100    0.653 | 1.235     65.000    0.738 | 20 hr 33 min 
0.00030 91.40 k 69.26  | 1.332    54.313    83.154    0.6717    0.5000 | 1.354    51.000    0.598 | 1.456     30.000    0.400 | 20 hr 36 min 
0.00030 91.60 k 69.41  | 1.325    52.156    84.636    0.6707    0.5000 | 1.394    46.400    0.539 | 1.428     50.000    0.600 | 20 hr 40 min 
0.00030 91.80 k 69.56  | 1.331    51.348    83.423    0.6646    0.5000 | 1.414    43.000    0.505 | 1.536     30.000    0.377 | 20 hr 44 min 
0.00030 92.00 k 69.72  | 1.320    50.000    89.757    0.6860    0.5000 | 1.426    43.300    0.495 | 1.418     40.000    0.460 | 20 hr 48 min 
0.00030 92.20 k 69.87  | 1.320    51.078    89.892    0.6863    0.5000 | 1.345    53.800    0.633 | 1.347     55.000    0.633 | 20 hr 52 min 
0.00030 92.40 k 70.02  | 1.329    52.561    84.906    0.6716    0.5000 | 1.369    48.800    0.584 | 1.389     40.000    0.467 | 20 hr 55 min 
0.00030 92.60 k 70.17  | 1.329    51.617    85.175    0.6726    0.5000 | 1.380    47.500    0.549 | 1.391     45.000    0.585 | 20 hr 59 min 
0.00030 92.80 k 70.32  | 1.325    52.022    87.062    0.6828    0.5000 | 1.397    45.200    0.522 | 1.413     45.000    0.500 | 21 hr 03 min 
0.00030 93.00 k 70.47  | 1.326    50.674    89.353    0.6842    0.5000 | 1.418    44.000    0.506 | 1.478     40.000    0.454 | 21 hr 06 min 
0.00030 93.20 k 70.62  | 1.325    55.121    87.601    0.6976    0.5000 | 1.352    50.800    0.605 | 1.389     50.000    0.571 | 21 hr 10 min 
0.00030 93.40 k 70.78  | 1.327    54.987    84.501    0.6843    0.5000 | 1.360    51.100    0.588 | 1.399     55.000    0.617 | 21 hr 14 min 
0.00030 93.60 k 70.93  | 1.326    50.943    85.175    0.6678    0.5000 | 1.405    46.200    0.530 | 1.361     50.000    0.575 | 21 hr 18 min 
0.00030 93.80 k 71.08  | 1.321    53.774    87.601    0.6936    0.5000 | 1.406    45.700    0.521 | 1.375     40.000    0.542 | 21 hr 22 min 
0.00030 94.00 k 71.23  | 1.332    50.404    88.140    0.6792    0.5000 | 1.428    42.600    0.495 | 1.491     40.000    0.452 | 21 hr 25 min 
0.00030 94.20 k 71.38  | 1.321    53.504    88.544    0.6954    0.5000 | 1.348    53.000    0.617 | 1.277     75.000    0.762 | 21 hr 29 min 
0.00030 94.40 k 71.53  | 1.326    53.100    84.906    0.6778    0.5000 | 1.358    50.400    0.581 | 1.250     70.000    0.775 | 21 hr 33 min 
0.00030 94.60 k 71.69  | 1.329    50.404    87.332    0.6772    0.5000 | 1.379    46.900    0.545 | 1.450     35.000    0.425 | 21 hr 37 min 
0.00030 94.80 k 71.84  | 1.326    50.809    88.814    0.6885    0.5000 | 1.410    45.200    0.517 | 1.326     40.000    0.502 | 21 hr 41 min 
0.00030 95.00 k 71.99  | 1.335    49.191    88.410    0.6694    0.5000 | 1.432    42.000    0.487 | 1.693     35.000    0.429 | 21 hr 44 min 
0.00030 95.20 k 72.14  | 1.334    50.809    85.310    0.6632    0.5000 | 1.349    54.300    0.634 | 1.305     45.000    0.592 | 21 hr 48 min 
0.00030 95.40 k 72.29  | 1.332    52.965    83.827    0.6702    0.5000 | 1.393    48.000    0.565 | 1.387     45.000    0.542 | 21 hr 52 min 
0.00030 95.60 k 72.44  | 1.331    52.695    82.480    0.6691    0.5000 | 1.396    46.900    0.539 | 1.444     45.000    0.485 | 21 hr 56 min 
0.00030 95.80 k 72.60  | 1.318    52.965    86.119    0.6837    0.5000 | 1.416    43.000    0.506 | 1.368     45.000    0.585 | 22 hr 00 min 
0.00030 96.00 k 72.75  | 1.312    53.639    90.296    0.7085    0.5000 | 1.413    45.900    0.521 | 1.375     35.000    0.492 | 22 hr 04 min 
0.00030 96.20 k 72.90  | 1.327    52.561    86.119    0.6798    0.5000 | 1.355    53.200    0.624 | 1.376     45.000    0.558 | 22 hr 08 min 
0.00030 96.40 k 73.05  | 1.331    51.887    83.827    0.6678    0.5000 | 1.373    51.100    0.588 | 1.437     40.000    0.450 | 22 hr 11 min 
0.00030 96.60 k 73.20  | 1.324    52.695    86.119    0.6806    0.5000 | 1.391    45.500    0.532 | 1.354     55.000    0.617 | 22 hr 15 min 
0.00030 96.80 k 73.35  | 1.328    51.887    87.466    0.6840    0.5000 | 1.409    43.500    0.519 | 1.416     40.000    0.429 | 22 hr 19 min 
0.00030 97.00 k 73.50  | 1.333    51.617    89.353    0.6899    0.5000 | 1.423    41.800    0.491 | 1.362     45.000    0.575 | 22 hr 22 min 
0.00030 97.20 k 73.66  | 1.327    55.256    87.736    0.7018    0.5000 | 1.334    54.600    0.636 | 1.271     70.000    0.764 | 22 hr 26 min 
0.00030 97.40 k 73.81  | 1.335    54.717    83.558    0.6785    0.5000 | 1.363    50.900    0.586 | 1.409     50.000    0.525 | 22 hr 30 min 
0.00030 97.60 k 73.96  | 1.324    56.334    85.445    0.6976    0.5000 | 1.384    46.200    0.548 | 1.487     40.000    0.442 | 22 hr 34 min 
0.00030 97.80 k 74.11  | 1.326    52.965    87.062    0.6877    0.5000 | 1.403    46.500    0.529 | 1.281     55.000    0.588 | 22 hr 38 min 
0.00030 98.00 k 74.26  | 1.328    53.908    87.601    0.6933    0.5000 | 1.423    42.800    0.499 | 1.521     35.000    0.375 | 22 hr 41 min 
0.00030 98.20 k 74.41  | 1.337    50.809    85.175    0.6646    0.5000 | 1.371    51.400    0.602 | 1.316     60.000    0.696 | 22 hr 45 min 
0.00030 98.40 k 74.57  | 1.331    54.043    84.097    0.6739    0.5000 | 1.356    52.700    0.600 | 1.317     50.000    0.642 | 22 hr 49 min 
0.00030 98.60 k 74.72  | 1.329    52.561    84.771    0.6757    0.5000 | 1.396    46.800    0.547 | 1.392     40.000    0.517 | 22 hr 53 min 
0.00030 98.80 k 74.87  | 1.324    54.178    87.736    0.6957    0.5000 | 1.414    43.800    0.508 | 1.417     40.000    0.467 | 22 hr 57 min 
0.00030 99.00 k 75.02  | 1.321    50.809    89.623    0.6913    0.5000 | 1.421    43.200    0.497 | 1.463     40.000    0.504 | 23 hr 01 min 
0.00030 99.20 k 75.17  | 1.328    54.852    85.714    0.6865    0.5000 | 1.336    54.400    0.628 | 1.451     35.000    0.450 | 23 hr 04 min 
0.00030 99.40 k 75.32  | 1.324    54.043    85.580    0.6896    0.5000 | 1.368    52.200    0.600 | 1.479     55.000    0.588 | 23 hr 08 min 
0.00030 99.60 k 75.47  | 1.333    53.504    85.310    0.6828    0.5000 | 1.401    47.400    0.545 | 1.458     25.000    0.368 | 23 hr 12 min 
0.00030 99.80 k 75.63  | 1.331    54.987    87.332    0.6986    0.5000 | 1.397    45.800    0.530 | 1.463     30.000    0.400 | 23 hr 16 min 
0.00030 100.00 k 75.78  | 1.340    51.213    86.253    0.6733    0.5000 | 1.430    44.400    0.505 | 1.418     55.000    0.575 | 23 hr 20 min 
0.00030 100.20 k 75.93  | 1.338    51.213    86.388    0.6714    0.5000 | 1.338    54.100    0.624 | 1.234     80.000    0.867 | 23 hr 24 min 
0.00030 100.40 k 76.08  | 1.337    52.965    85.714    0.6773    0.5000 | 1.370    50.400    0.584 | 1.346     50.000    0.577 | 23 hr 27 min 
0.00030 100.60 k 76.23  | 1.331    54.043    84.906    0.6833    0.5000 | 1.392    48.300    0.551 | 1.467     60.000    0.613 | 23 hr 31 min 
0.00030 100.80 k 76.38  | 1.315    53.908    88.140    0.6963    0.5000 | 1.419    43.800    0.511 | 1.369     45.000    0.525 | 23 hr 35 min 
0.00030 101.00 k 76.54  | 1.316    53.369    88.544    0.6970    0.5000 | 1.412    44.500    0.507 | 1.458     35.000    0.442 | 23 hr 39 min 
0.00030 101.20 k 76.69  | 1.327    51.213    88.410    0.6829    0.5000 | 1.349    55.000    0.638 | 1.463     50.000    0.622 | 23 hr 43 min 
0.00030 101.40 k 76.84  | 1.317    54.313    85.175    0.6856    0.5000 | 1.359    51.700    0.601 | 1.485     40.000    0.517 | 23 hr 46 min 
0.00030 101.60 k 76.99  | 1.319    54.717    84.097    0.6840    0.5000 | 1.392    47.900    0.549 | 1.482     30.000    0.392 | 23 hr 50 min 
0.00030 101.80 k 77.14  | 1.324    51.078    86.253    0.6756    0.5000 | 1.396    48.100    0.546 | 1.458     65.000    0.675 | 23 hr 54 min 
0.00030 102.00 k 77.29  | 1.327    52.022    87.736    0.6858    0.5000 | 1.412    44.500    0.508 | 1.426     45.000    0.525 | 23 hr 58 min 
0.00030 102.20 k 77.44  | 1.318    55.930    84.636    0.6845    0.5000 | 1.333    56.800    0.646 | 1.328     65.000    0.685 | 24 hr 01 min 
0.00030 102.40 k 77.60  | 1.323    53.369    85.040    0.6790    0.5000 | 1.365    50.700    0.582 | 1.314     65.000    0.688 | 24 hr 05 min 
0.00030 102.60 k 77.75  | 1.331    53.100    83.962    0.6684    0.5000 | 1.389    47.800    0.553 | 1.314     55.000    0.642 | 24 hr 09 min 
0.00030 102.80 k 77.90  | 1.324    53.100    85.445    0.6794    0.5000 | 1.408    43.800    0.521 | 1.464     40.000    0.467 | 24 hr 13 min 
0.00030 103.00 k 78.05  | 1.323    50.404    88.544    0.6835    0.5000 | 1.410    45.100    0.518 | 1.387     35.000    0.442 | 24 hr 16 min 
0.00030 103.20 k 78.20  | 1.328    50.135    88.679    0.6791    0.5000 | 1.344    54.800    0.643 | 1.247     70.000    0.760 | 24 hr 20 min 
0.00030 103.40 k 78.35  | 1.327    53.235    83.558    0.6678    0.5000 | 1.360    49.900    0.587 | 1.429     40.000    0.467 | 24 hr 24 min 
