 start_time :2020-01-12 19:38:49 
 batch_size :5 
  start from22600, l_rate =0.0003 
freeze=True, batch_size=5, min_num_class=0 
 rate     iter   epoch  | valid   top@1    top@5    map@5  | train    top@1    top@5    map@5 | batch    top@1    top@5    map@5 |  time          
---------------------------------------------------------------------------------------------------------------------------------------------------------------------------
0.00030 22.60 k 18.36  | 2.792    34.636    34.906    0.3477    0.7000 | 0.000    0.000    0.000 | 0.000     0.000    0.000 |  0 hr 00 min 
0.00030 22.80 k 18.52  | 2.619    34.636    43.261    0.3766    0.3000 | 2.698    29.400    0.309 | 2.828     25.000    0.250 |  0 hr 04 min 
0.00030 23.00 k 18.68  | 2.436    34.501    50.270    0.4070    0.4000 | 2.585    28.000    0.310 | 2.597     25.000    0.267 |  0 hr 08 min 
0.00030 23.20 k 18.85  | 2.334    34.232    54.178    0.4263    0.4000 | 2.439    27.900    0.330 | 2.563     25.000    0.275 |  0 hr 12 min 
0.00030 23.40 k 19.01  | 2.266    34.501    62.668    0.4650    0.2000 | 2.410    26.000    0.325 | 2.348     25.000    0.379 |  0 hr 16 min 
0.00030 23.60 k 19.17  | 2.234    35.984    64.151    0.4839    0.2000 | 2.339    25.700    0.329 | 2.274     25.000    0.308 |  0 hr 19 min 
0.00030 23.80 k 19.33  | 2.197    37.466    62.264    0.4795    0.2000 | 2.223    25.700    0.360 | 2.327     25.000    0.410 |  0 hr 23 min 
0.00030 24.00 k 19.50  | 2.129    40.970    66.442    0.5223    0.2000 | 2.228    25.200    0.356 | 2.267     25.000    0.371 |  0 hr 27 min 
0.00030 24.20 k 19.66  | 2.133    41.375    73.989    0.5546    0.2000 | 2.181    25.600    0.366 | 2.135     25.000    0.352 |  0 hr 31 min 
0.00030 24.40 k 19.82  | 2.077    44.340    76.685    0.5857    0.2000 | 2.190    25.200    0.354 | 2.114     25.000    0.350 |  0 hr 35 min 
0.00030 24.60 k 19.98  | 2.048    46.361    78.706    0.6026    0.2000 | 2.175    25.500    0.339 | 2.180     25.000    0.348 |  0 hr 39 min 
0.00030 24.80 k 20.15  | 1.990    45.418    68.194    0.5449    0.2000 | 1.996    25.700    0.398 | 1.903     25.000    0.352 |  0 hr 42 min 
0.00030 25.00 k 20.31  | 1.974    46.631    68.059    0.5511    0.2000 | 1.978    25.900    0.386 | 2.032     25.000    0.342 |  0 hr 46 min 
0.00030 25.20 k 20.47  | 1.967    51.213    73.450    0.6037    0.2000 | 2.067    25.100    0.363 | 2.037     25.000    0.375 |  0 hr 50 min 
0.00030 25.40 k 20.63  | 1.861    52.426    72.642    0.6074    0.2000 | 2.064    25.600    0.367 | 2.097     25.000    0.335 |  0 hr 54 min 
0.00030 25.60 k 20.80  | 1.813    40.431    73.854    0.5533    0.3000 | 2.056    25.300    0.361 | 1.969     25.000    0.410 |  0 hr 57 min 
0.00030 25.80 k 20.96  | 1.857    49.057    69.946    0.5732    0.2000 | 1.918    25.700    0.399 | 2.038     25.000    0.404 |  1 hr 02 min 
0.00030 26.00 k 21.12  | 1.851    43.531    73.181    0.5641    0.3000 | 1.914    25.400    0.387 | 1.831     25.000    0.388 |  1 hr 05 min 
0.00030 26.20 k 21.28  | 1.879    50.404    71.833    0.5871    0.2000 | 1.935    25.400    0.376 | 1.855     25.000    0.467 |  1 hr 09 min 
0.00030 26.40 k 21.45  | 1.948    58.895    77.898    0.6708    0.2000 | 1.986    25.200    0.368 | 1.996     25.000    0.371 |  1 hr 13 min 
0.00030 26.60 k 21.61  | 1.820    43.127    77.763    0.5820    0.3000 | 1.975    25.600    0.363 | 1.978     25.000    0.275 |  1 hr 17 min 
0.00030 26.80 k 21.77  | 1.832    51.078    71.563    0.5913    0.2000 | 1.855    26.100    0.401 | 2.060     25.000    0.362 |  1 hr 21 min 
0.00030 27.00 k 21.93  | 1.809    44.744    76.685    0.5878    0.3000 | 1.863    25.800    0.394 | 1.870     25.000    0.379 |  1 hr 25 min 
0.00030 27.20 k 22.10  | 1.835    52.156    68.194    0.5865    0.2000 | 1.872    26.000    0.384 | 1.774     25.000    0.425 |  1 hr 29 min 
0.00030 27.40 k 22.26  | 1.871    52.695    68.733    0.5906    0.2000 | 1.934    25.900    0.370 | 1.804     25.000    0.433 |  1 hr 33 min 
0.00030 27.60 k 22.42  | 1.706    50.135    75.472    0.6068    0.3000 | 1.928    25.600    0.348 | 1.800     25.000    0.375 |  1 hr 36 min 
0.00030 27.80 k 22.58  | 1.795    44.744    74.528    0.5769    0.3000 | 1.793    26.200    0.414 | 1.804     30.000    0.429 |  1 hr 40 min 
0.00030 28.00 k 22.75  | 1.728    50.943    73.315    0.6036    0.3000 | 1.793    26.300    0.404 | 1.713     25.000    0.400 |  1 hr 44 min 
0.00030 28.20 k 22.91  | 1.792    46.765    74.798    0.5921    0.3000 | 1.836    26.300    0.386 | 1.648     25.000    0.417 |  1 hr 48 min 
0.00030 28.40 k 23.07  | 1.709    52.426    75.876    0.6257    0.3000 | 1.884    25.800    0.366 | 2.031     25.000    0.317 |  1 hr 52 min 
0.00030 28.60 k 23.23  | 1.753    47.439    72.642    0.5856    0.3000 | 1.881    25.400    0.360 | 1.940     25.000    0.318 |  1 hr 56 min 
0.00030 28.80 k 23.40  | 1.734    47.439    70.889    0.5732    0.3000 | 1.686    26.900    0.428 | 1.654     25.000    0.416 |  2 hr 00 min 
0.00030 29.00 k 23.56  | 1.764    46.631    73.854    0.5902    0.3000 | 1.778    27.400    0.410 | 2.063     25.000    0.379 |  2 hr 04 min 
0.00030 29.20 k 23.72  | 1.767    49.865    72.642    0.5963    0.3000 | 1.815    26.500    0.389 | 1.876     25.000    0.325 |  2 hr 08 min 
0.00030 29.40 k 23.88  | 1.707    53.235    73.989    0.6202    0.3000 | 1.818    26.600    0.380 | 1.911     25.000    0.329 |  2 hr 12 min 
0.00030 29.60 k 24.05  | 1.682    53.774    78.437    0.6438    0.3000 | 1.874    25.500    0.352 | 1.979     30.000    0.325 |  2 hr 15 min 
0.00030 29.80 k 24.21  | 1.751    47.844    70.755    0.5785    0.3000 | 1.644    28.400    0.439 | 1.655     25.000    0.402 |  2 hr 19 min 
0.00030 30.00 k 24.37  | 1.701    50.404    75.202    0.6095    0.3000 | 1.727    27.100    0.407 | 1.804     25.000    0.362 |  2 hr 23 min 
0.00030 30.20 k 24.53  | 1.712    52.156    76.146    0.6255    0.3000 | 1.762    26.400    0.389 | 1.980     30.000    0.335 |  2 hr 27 min 
0.00030 30.40 k 24.70  | 1.699    55.256    76.415    0.6443    0.3000 | 1.812    26.300    0.382 | 1.727     30.000    0.433 |  2 hr 31 min 
0.00030 30.60 k 24.86  | 1.645    51.887    73.585    0.6079    0.3000 | 1.797    26.000    0.380 | 1.821     25.000    0.350 |  2 hr 35 min 
0.00030 30.80 k 25.02  | 1.731    50.539    74.663    0.6072    0.3000 | 1.654    28.100    0.441 | 1.761     25.000    0.338 |  2 hr 39 min 
0.00030 31.00 k 25.18  | 1.703    51.078    74.528    0.6079    0.3000 | 1.713    27.100    0.419 | 1.691     25.000    0.439 |  2 hr 42 min 
0.00030 31.20 k 25.35  | 1.653    54.717    74.933    0.6299    0.3000 | 1.762    27.200    0.384 | 1.694     25.000    0.418 |  2 hr 46 min 
0.00030 31.40 k 25.51  | 1.895    35.310    59.164    0.4551    0.3000 | 1.780    25.900    0.379 | 1.909     25.000    0.325 |  2 hr 50 min 
0.00030 31.60 k 25.67  | 1.671    54.987    79.784    0.6586    0.3000 | 1.773    26.000    0.382 | 1.720     25.000    0.350 |  2 hr 53 min 
0.00030 31.80 k 25.83  | 1.714    51.348    75.067    0.6150    0.3000 | 1.638    28.400    0.420 | 1.589     30.000    0.442 |  2 hr 57 min 
0.00030 32.00 k 26.00  | 1.686    52.965    74.124    0.6196    0.3000 | 1.667    27.200    0.408 | 1.683     25.000    0.429 |  3 hr 01 min 
0.00030 32.20 k 26.16  | 1.661    50.000    68.059    0.5759    0.3000 | 1.710    28.100    0.407 | 1.698     25.000    0.375 |  3 hr 05 min 
0.00030 32.40 k 26.32  | 1.629    56.469    77.089    0.6499    0.3000 | 1.764    25.800    0.372 | 1.717     25.000    0.408 |  3 hr 09 min 
0.00030 32.60 k 26.48  | 1.596    54.043    75.741    0.6267    0.3000 | 1.745    26.500    0.387 | 1.929     25.000    0.338 |  3 hr 12 min 
0.00030 32.80 k 26.65  | 1.685    49.730    75.337    0.6062    0.3000 | 1.633    27.400    0.432 | 1.648     25.000    0.400 |  3 hr 16 min 
0.00030 33.00 k 26.81  | 1.715    50.674    74.798    0.6098    0.3000 | 1.671    27.700    0.422 | 1.631     30.000    0.400 |  3 hr 20 min 
0.00030 33.20 k 26.97  | 1.637    55.526    77.358    0.6499    0.3000 | 1.729    26.800    0.390 | 2.064     25.000    0.263 |  3 hr 24 min 
0.00030 33.40 k 27.13  | 1.654    55.660    78.571    0.6544    0.3000 | 1.739    27.500    0.391 | 1.940     25.000    0.348 |  3 hr 28 min 
0.00030 33.60 k 27.30  | 1.649    57.008    77.763    0.6571    0.3000 | 1.741    26.100    0.385 | 1.772     25.000    0.375 |  3 hr 31 min 
0.00030 33.80 k 27.46  | 1.610    57.547    78.032    0.6606    0.3000 | 1.598    27.100    0.448 | 1.505     30.000    0.550 |  3 hr 35 min 
0.00030 34.00 k 27.62  | 1.672    54.987    74.798    0.6322    0.3000 | 1.634    27.900    0.424 | 1.441     30.000    0.435 |  3 hr 39 min 
0.00030 34.20 k 27.78  | 1.691    51.752    71.159    0.6003    0.3000 | 1.676    27.400    0.409 | 1.503     35.000    0.442 |  3 hr 43 min 
0.00030 34.40 k 27.95  | 1.629    57.412    78.841    0.6675    0.3000 | 1.701    26.700    0.408 | 1.825     25.000    0.325 |  3 hr 47 min 
0.00030 34.60 k 28.11  | 1.584    59.299    78.841    0.6750    0.3000 | 1.727    26.500    0.370 | 1.719     30.000    0.350 |  3 hr 50 min 
0.00030 34.80 k 28.27  | 1.560    57.547    77.224    0.6572    0.3000 | 1.554    27.800    0.451 | 1.622     30.000    0.500 |  3 hr 54 min 
0.00030 35.00 k 28.43  | 1.559    57.682    77.493    0.6591    0.3000 | 1.616    28.500    0.427 | 1.722     25.000    0.410 |  3 hr 58 min 
0.00030 35.20 k 28.60  | 1.569    58.356    76.819    0.6604    0.3000 | 1.646    27.800    0.402 | 1.682     35.000    0.417 |  4 hr 02 min 
0.00030 35.40 k 28.76  | 1.608    58.086    79.245    0.6726    0.3000 | 1.692    27.100    0.404 | 1.810     25.000    0.300 |  4 hr 06 min 
0.00030 35.60 k 28.92  | 1.557    56.604    79.919    0.6631    0.3000 | 1.687    27.100    0.392 | 1.687     25.000    0.377 |  4 hr 09 min 
0.00030 35.80 k 29.08  | 1.599    56.739    78.841    0.6613    0.3000 | 1.568    29.600    0.464 | 1.521     30.000    0.479 |  4 hr 13 min 
0.00030 36.00 k 29.25  | 1.564    54.852    76.146    0.6389    0.3000 | 1.582    28.500    0.454 | 1.479     30.000    0.539 |  4 hr 17 min 
0.00030 36.20 k 29.41  | 1.563    62.399    80.458    0.7035    0.3000 | 1.645    27.800    0.425 | 1.547     25.000    0.408 |  4 hr 21 min 
0.00030 36.40 k 29.57  | 1.538    61.725    81.267    0.6979    0.3000 | 1.674    26.800    0.393 | 1.766     25.000    0.354 |  4 hr 24 min 
0.00030 36.60 k 29.73  | 1.573    56.604    77.898    0.6511    0.3000 | 1.675    27.000    0.390 | 1.626     30.000    0.438 |  4 hr 28 min 
0.00030 36.80 k 29.90  | 1.606    57.817    75.606    0.6508    0.3000 | 1.535    28.700    0.466 | 1.571     25.000    0.475 |  4 hr 32 min 
0.00030 37.00 k 30.06  | 1.569    59.704    77.224    0.6652    0.3000 | 1.599    28.000    0.432 | 1.378     45.000    0.567 |  4 hr 36 min 
0.00030 37.20 k 30.22  | 1.570    61.321    78.032    0.6829    0.3000 | 1.631    28.100    0.419 | 1.668     25.000    0.450 |  4 hr 40 min 
0.00030 37.40 k 30.38  | 1.567    63.881    81.402    0.7160    0.3000 | 1.647    27.400    0.400 | 1.606     25.000    0.375 |  4 hr 44 min 
0.00030 37.60 k 30.55  | 1.590    61.051    83.693    0.7071    0.3000 | 1.678    27.300    0.402 | 1.715     25.000    0.400 |  4 hr 47 min 
0.00030 37.80 k 30.71  | 1.583    54.178    77.358    0.6363    0.3000 | 1.546    28.100    0.462 | 1.595     25.000    0.362 |  4 hr 51 min 
0.00030 38.00 k 30.87  | 1.542    61.995    76.954    0.6843    0.3000 | 1.599    28.700    0.440 | 1.916     25.000    0.300 |  4 hr 55 min 
0.00030 38.20 k 31.03  | 1.539    60.243    77.358    0.6716    0.3000 | 1.610    29.000    0.427 | 1.563     30.000    0.421 |  4 hr 59 min 
0.00030 38.40 k 31.20  | 1.561    60.512    80.863    0.6887    0.3000 | 1.655    28.100    0.417 | 1.684     25.000    0.438 |  5 hr 03 min 
0.00030 38.60 k 31.36  | 1.585    60.782    80.054    0.6856    0.3000 | 1.647    27.000    0.408 | 1.747     25.000    0.342 |  5 hr 07 min 
0.00030 38.80 k 31.52  | 1.623    53.774    74.933    0.6280    0.3000 | 1.513    30.900    0.471 | 1.686     25.000    0.338 |  5 hr 11 min 
0.00030 39.00 k 31.68  | 1.545    55.526    75.337    0.6360    0.3000 | 1.546    30.000    0.454 | 1.538     25.000    0.450 |  5 hr 14 min 
0.00030 39.20 k 31.85  | 1.572    59.973    75.606    0.6621    0.3000 | 1.585    28.600    0.441 | 1.472     30.000    0.500 |  5 hr 18 min 
0.00030 39.40 k 32.01  | 1.562    60.108    76.011    0.6663    0.3000 | 1.620    27.700    0.415 | 1.689     25.000    0.350 |  5 hr 22 min 
0.00030 39.60 k 32.17  | 1.523    62.129    81.536    0.6998    0.3000 | 1.652    26.800    0.402 | 1.826     25.000    0.310 |  5 hr 25 min 
0.00030 39.80 k 32.33  | 1.534    60.377    80.997    0.6864    0.3000 | 1.497    29.800    0.487 | 1.470     35.000    0.470 |  5 hr 29 min 
0.00030 40.00 k 32.50  | 1.545    59.030    77.358    0.6648    0.3000 | 1.561    30.300    0.458 | 1.651     30.000    0.388 |  5 hr 33 min 
0.00030 40.20 k 32.66  | 1.492    57.547    75.606    0.6495    0.3000 | 1.547    30.100    0.462 | 1.532     25.000    0.408 |  5 hr 37 min 
0.00030 40.40 k 32.82  | 1.543    62.399    81.671    0.7039    0.3000 | 1.615    28.700    0.416 | 1.521     35.000    0.475 |  5 hr 41 min 
0.00030 40.60 k 32.98  | 1.531    53.774    72.372    0.6107    0.3000 | 1.623    28.300    0.404 | 1.772     30.000    0.417 |  5 hr 45 min 
0.00030 40.80 k 33.15  | 1.540    60.243    78.841    0.6787    0.3000 | 1.505    31.000    0.488 | 1.456     35.000    0.500 |  5 hr 49 min 
0.00030 41.00 k 33.31  | 1.551    56.334    73.854    0.6341    0.3000 | 1.541    30.100    0.449 | 1.466     25.000    0.475 |  5 hr 52 min 
0.00030 41.20 k 33.47  | 1.520    59.973    78.032    0.6774    0.3000 | 1.597    28.500    0.422 | 1.672     25.000    0.350 |  5 hr 56 min 
0.00030 41.40 k 33.63  | 1.577    58.895    78.167    0.6678    0.3000 | 1.592    29.600    0.437 | 1.579     40.000    0.446 |  6 hr 00 min 
0.00030 41.60 k 33.80  | 1.493    59.838    79.650    0.6763    0.3000 | 1.638    28.200    0.393 | 1.549     30.000    0.392 |  6 hr 04 min 
0.00030 41.80 k 33.96  | 1.580    54.717    74.124    0.6286    0.3000 | 1.481    31.200    0.480 | 1.525     25.000    0.400 |  6 hr 08 min 
0.00030 42.00 k 34.12  | 1.491    48.383    78.032    0.6192    0.4000 | 1.533    29.600    0.447 | 1.495     30.000    0.410 |  6 hr 12 min 
0.00030 42.20 k 34.28  | 1.498    59.704    78.167    0.6697    0.3000 | 1.596    29.900    0.434 | 1.675     30.000    0.425 |  6 hr 15 min 
0.00030 42.40 k 34.44  | 1.541    61.995    79.784    0.6923    0.3000 | 1.593    29.300    0.427 | 1.582     30.000    0.429 |  6 hr 19 min 
0.00030 42.60 k 34.61  | 1.496    63.747    82.075    0.7112    0.3000 | 1.603    28.100    0.417 | 1.644     25.000    0.392 |  6 hr 23 min 
0.00030 42.80 k 34.77  | 1.529    56.739    73.989    0.6334    0.3000 | 1.453    32.700    0.502 | 1.377     45.000    0.535 |  6 hr 27 min 
0.00030 43.00 k 34.93  | 1.493    57.951    79.245    0.6613    0.3000 | 1.506    31.200    0.475 | 1.509     30.000    0.467 |  6 hr 31 min 
0.00030 43.20 k 35.09  | 1.512    56.873    74.798    0.6411    0.3000 | 1.544    30.400    0.449 | 1.468     30.000    0.492 |  6 hr 34 min 
0.00030 43.40 k 35.26  | 1.521    59.838    78.167    0.6752    0.3000 | 1.580    28.800    0.425 | 1.600     25.000    0.375 |  6 hr 38 min 
0.00030 43.60 k 35.42  | 1.513    59.299    76.819    0.6632    0.3000 | 1.588    28.100    0.415 | 1.566     30.000    0.442 |  6 hr 42 min 
0.00030 43.80 k 35.58  | 1.523    58.895    76.685    0.6624    0.3000 | 1.448    33.400    0.512 | 1.403     35.000    0.525 |  6 hr 46 min 
0.00030 44.00 k 35.74  | 1.492    55.795    74.663    0.6317    0.3000 | 1.527    30.400    0.454 | 1.509     25.000    0.442 |  6 hr 50 min 
0.00030 44.20 k 35.91  | 1.523    57.817    74.663    0.6445    0.3000 | 1.518    31.200    0.463 | 1.476     35.000    0.512 |  6 hr 54 min 
0.00030 44.40 k 36.07  | 1.463    57.682    78.571    0.6612    0.3000 | 1.548    29.900    0.442 | 1.500     30.000    0.487 |  6 hr 58 min 
0.00030 44.60 k 36.23  | 1.460    58.086    75.606    0.6504    0.3000 | 1.581    28.400    0.410 | 1.594     30.000    0.368 |  7 hr 01 min 
0.00030 44.80 k 36.39  | 1.449    50.270    79.245    0.6337    0.4000 | 1.461    32.500    0.495 | 1.492     30.000    0.438 |  7 hr 05 min 
0.00030 45.00 k 36.56  | 1.460    51.617    81.132    0.6506    0.4000 | 1.469    33.100    0.493 | 1.728     25.000    0.335 |  7 hr 09 min 
0.00030 45.20 k 36.72  | 1.463    59.973    80.458    0.6800    0.3000 | 1.541    29.600    0.445 | 1.632     25.000    0.402 |  7 hr 13 min 
0.00030 45.40 k 36.88  | 1.469    50.135    83.962    0.6534    0.4000 | 1.565    28.800    0.420 | 1.572     30.000    0.412 |  7 hr 17 min 
0.00030 45.60 k 37.04  | 1.479    64.555    82.615    0.7222    0.3000 | 1.576    28.600    0.419 | 1.555     30.000    0.402 |  7 hr 21 min 
0.00030 45.80 k 37.21  | 1.458    48.383    83.962    0.6449    0.4000 | 1.455    32.300    0.502 | 1.542     25.000    0.425 |  7 hr 25 min 
0.00030 46.00 k 37.37  | 1.499    58.625    76.146    0.6540    0.3000 | 1.460    33.000    0.488 | 1.423     40.000    0.575 |  7 hr 28 min 
0.00030 46.20 k 37.53  | 1.501    56.873    71.833    0.6316    0.3000 | 1.555    29.600    0.432 | 1.698     25.000    0.400 |  7 hr 32 min 
0.00030 46.40 k 37.69  | 1.465    64.151    80.728    0.7074    0.3000 | 1.553    29.600    0.430 | 1.633     25.000    0.374 |  7 hr 36 min 
0.00030 46.60 k 37.86  | 1.474    59.030    76.146    0.6561    0.3000 | 1.573    29.700    0.424 | 1.558     25.000    0.458 |  7 hr 40 min 
0.00030 46.80 k 38.02  | 1.462    49.596    82.884    0.6477    0.4000 | 1.429    33.800    0.520 | 1.340     40.000    0.577 |  7 hr 44 min 
0.00030 47.00 k 38.18  | 1.454    57.817    75.606    0.6474    0.3000 | 1.478    33.400    0.484 | 1.529     30.000    0.500 |  7 hr 47 min 
0.00030 47.20 k 38.34  | 1.473    47.978    80.863    0.6301    0.4000 | 1.520    30.700    0.457 | 1.559     30.000    0.439 |  7 hr 51 min 
0.00030 47.40 k 38.51  | 1.471    49.596    81.132    0.6399    0.4000 | 1.533    29.800    0.441 | 1.456     30.000    0.467 |  7 hr 55 min 
0.00030 47.60 k 38.67  | 1.450    60.108    78.167    0.6705    0.3000 | 1.560    30.600    0.437 | 1.589     30.000    0.400 |  7 hr 59 min 
0.00030 47.80 k 38.83  | 1.468    47.978    81.132    0.6321    0.4000 | 1.458    33.300    0.503 | 1.405     30.000    0.492 |  8 hr 03 min 
0.00030 48.00 k 38.99  | 1.440    54.447    80.863    0.6625    0.4000 | 1.475    33.200    0.490 | 1.403     40.000    0.550 |  8 hr 06 min 
0.00030 48.20 k 39.16  | 1.458    51.213    81.402    0.6518    0.4000 | 1.508    31.100    0.455 | 1.463     30.000    0.487 |  8 hr 10 min 
0.00030 48.40 k 39.32  | 1.522    57.951    70.755    0.6281    0.3000 | 1.540    30.300    0.437 | 1.612     25.000    0.375 |  8 hr 14 min 
0.00030 48.60 k 39.48  | 1.429    50.539    87.332    0.6756    0.4000 | 1.530    29.800    0.446 | 1.485     25.000    0.467 |  8 hr 18 min 
0.00030 48.80 k 39.64  | 1.484    48.518    80.593    0.6284    0.4000 | 1.427    33.700    0.521 | 1.416     30.000    0.489 |  8 hr 22 min 
0.00030 49.00 k 39.81  | 1.474    49.057    80.997    0.6329    0.4000 | 1.469    33.000    0.495 | 1.499     35.000    0.442 |  8 hr 25 min 
0.00030 49.20 k 39.97  | 1.445    52.965    80.593    0.6561    0.4000 | 1.458    34.100    0.493 | 1.520     30.000    0.375 |  8 hr 29 min 
0.00030 49.40 k 40.13  | 1.445    53.774    81.671    0.6646    0.4000 | 1.525    32.500    0.452 | 1.584     30.000    0.338 |  8 hr 33 min 
0.00030 49.60 k 40.29  | 1.460    61.725    75.741    0.6732    0.3000 | 1.539    29.000    0.430 | 1.619     25.000    0.425 |  8 hr 37 min 
0.00030 49.80 k 40.46  | 1.449    51.348    83.558    0.6569    0.4000 | 1.424    34.200    0.514 | 1.414     40.000    0.567 |  8 hr 41 min 
0.00030 50.00 k 40.62  | 1.450    50.000    82.210    0.6432    0.4000 | 1.467    33.200    0.486 | 1.526     30.000    0.455 |  8 hr 45 min 
0.00030 50.20 k 40.78  | 1.451    51.213    82.345    0.6530    0.4000 | 1.509    31.000    0.458 | 1.641     25.000    0.350 |  8 hr 48 min 
0.00030 50.40 k 40.94  | 1.484    58.491    73.450    0.6447    0.3000 | 1.519    30.900    0.450 | 1.435     45.000    0.533 |  8 hr 52 min 
0.00030 50.60 k 41.11  | 1.451    51.482    83.558    0.6586    0.4000 | 1.539    29.700    0.426 | 1.550     25.000    0.435 |  8 hr 56 min 
0.00030 50.80 k 41.27  | 1.426    52.156    83.693    0.6666    0.4000 | 1.428    32.900    0.516 | 1.346     35.000    0.579 |  9 hr 00 min 
0.00030 51.00 k 41.43  | 1.424    55.795    80.189    0.6659    0.4000 | 1.436    34.800    0.508 | 1.470     35.000    0.500 |  9 hr 04 min 
0.00030 51.20 k 41.59  | 1.416    56.199    81.402    0.6792    0.4000 | 1.471    34.100    0.488 | 1.371     35.000    0.575 |  9 hr 07 min 
0.00030 51.40 k 41.76  | 1.421    51.887    84.232    0.6697    0.4000 | 1.511    32.600    0.461 | 1.582     35.000    0.425 |  9 hr 11 min 
0.00030 51.60 k 41.92  | 1.472    60.782    76.685    0.6734    0.3000 | 1.541    31.400    0.431 | 1.589     25.000    0.350 |  9 hr 15 min 
0.00030 51.80 k 42.08  | 1.435    59.973    73.720    0.6517    0.3000 | 1.383    37.800    0.559 | 1.460     35.000    0.475 |  9 hr 19 min 
0.00030 52.00 k 42.24  | 1.447    49.326    79.650    0.6332    0.4000 | 1.459    33.500    0.486 | 1.371     45.000    0.621 |  9 hr 23 min 
0.00030 52.20 k 42.41  | 1.446    51.348    80.863    0.6485    0.4000 | 1.502    32.900    0.460 | 1.446     35.000    0.425 |  9 hr 27 min 
0.00030 52.40 k 42.57  | 1.481    56.604    71.968    0.6278    0.3000 | 1.495    31.400    0.457 | 1.608     30.000    0.412 |  9 hr 30 min 
0.00030 52.60 k 42.73  | 1.438    50.809    85.984    0.6710    0.4000 | 1.521    29.900    0.435 | 1.472     30.000    0.510 |  9 hr 34 min 
0.00030 52.80 k 42.89  | 1.430    51.752    82.210    0.6538    0.4000 | 1.430    35.700    0.521 | 1.235     55.000    0.700 |  9 hr 38 min 
0.00030 53.00 k 43.06  | 1.426    53.504    82.884    0.6654    0.4000 | 1.431    34.600    0.502 | 1.499     35.000    0.483 |  9 hr 42 min 
0.00030 53.20 k 43.22  | 1.432    52.561    82.480    0.6588    0.4000 | 1.462    33.600    0.479 | 1.320     30.000    0.568 |  9 hr 46 min 
0.00030 53.40 k 43.38  | 1.422    55.660    82.749    0.6783    0.4000 | 1.517    31.300    0.440 | 1.529     35.000    0.483 |  9 hr 50 min 
0.00030 53.60 k 43.54  | 1.441    52.022    83.827    0.6662    0.4000 | 1.523    31.000    0.437 | 1.508     30.000    0.400 |  9 hr 53 min 
0.00030 53.80 k 43.71  | 1.429    53.908    82.075    0.6665    0.4000 | 1.395    36.500    0.547 | 1.511     35.000    0.450 |  9 hr 57 min 
0.00030 54.00 k 43.87  | 1.418    52.830    82.749    0.6644    0.4000 | 1.441    33.600    0.498 | 1.253     40.000    0.650 | 10 hr 01 min 
0.00030 54.20 k 44.03  | 1.395    57.278    83.693    0.6922    0.4000 | 1.460    34.200    0.486 | 1.519     30.000    0.388 | 10 hr 05 min 
0.00030 54.40 k 44.19  | 1.412    54.313    85.714    0.6870    0.4000 | 1.503    32.000    0.445 | 1.482     35.000    0.510 | 10 hr 09 min 
0.00030 54.60 k 44.36  | 1.410    51.887    88.814    0.6900    0.4000 | 1.503    31.800    0.451 | 1.502     30.000    0.500 | 10 hr 13 min 
0.00030 54.80 k 44.52  | 1.412    54.043    82.480    0.6671    0.4000 | 1.407    36.100    0.525 | 1.485     25.000    0.438 | 10 hr 17 min 
0.00030 55.00 k 44.68  | 1.401    56.199    80.863    0.6735    0.4000 | 1.425    35.700    0.517 | 1.328     40.000    0.600 | 10 hr 20 min 
0.00030 55.20 k 44.84  | 1.414    56.873    80.863    0.6778    0.4000 | 1.462    33.300    0.478 | 1.494     40.000    0.463 | 10 hr 24 min 
0.00030 55.40 k 45.01  | 1.430    54.313    82.615    0.6748    0.4000 | 1.487    31.300    0.456 | 1.711     25.000    0.350 | 10 hr 28 min 
0.00030 55.60 k 45.17  | 1.413    51.348    86.388    0.6772    0.4000 | 1.511    30.900    0.443 | 1.503     25.000    0.414 | 10 hr 32 min 
0.00030 55.80 k 45.33  | 1.411    54.178    85.714    0.6808    0.4000 | 1.385    37.100    0.550 | 1.298     45.000    0.621 | 10 hr 36 min 
0.00030 56.00 k 45.49  | 1.421    55.795    82.480    0.6785    0.4000 | 1.444    35.600    0.507 | 1.468     45.000    0.583 | 10 hr 40 min 
0.00030 56.20 k 45.66  | 1.415    58.221    82.884    0.6936    0.4000 | 1.467    34.100    0.477 | 1.454     45.000    0.550 | 10 hr 43 min 
0.00030 56.40 k 45.82  | 1.406    56.739    85.714    0.7005    0.4000 | 1.477    32.200    0.456 | 1.469     25.000    0.463 | 10 hr 47 min 
0.00030 56.60 k 45.98  | 1.404    57.682    88.814    0.7186    0.4000 | 1.508    32.400    0.444 | 1.562     30.000    0.450 | 10 hr 51 min 
0.00030 56.80 k 46.14  | 1.406    55.526    85.714    0.6893    0.4000 | 1.385    37.600    0.545 | 1.299     40.000    0.579 | 10 hr 55 min 
0.00030 57.00 k 46.31  | 1.422    52.022    85.040    0.6704    0.4000 | 1.416    35.900    0.519 | 1.344     35.000    0.550 | 10 hr 59 min 
0.00030 57.20 k 46.47  | 1.395    58.221    84.367    0.7013    0.4000 | 1.434    36.500    0.496 | 1.364     45.000    0.592 | 11 hr 02 min 
0.00030 57.40 k 46.63  | 1.394    57.817    85.714    0.7053    0.4000 | 1.476    33.000    0.457 | 1.451     35.000    0.458 | 11 hr 06 min 
0.00030 57.60 k 46.79  | 1.388    57.278    87.466    0.7113    0.4000 | 1.511    30.400    0.430 | 1.622     25.000    0.425 | 11 hr 10 min 
0.00030 57.80 k 46.96  | 1.390    56.469    84.906    0.6949    0.4000 | 1.374    37.500    0.548 | 1.415     35.000    0.537 | 11 hr 14 min 
0.00030 58.00 k 47.12  | 1.390    56.469    85.984    0.6974    0.4000 | 1.426    34.800    0.500 | 1.525     25.000    0.398 | 11 hr 18 min 
0.00030 58.20 k 47.28  | 1.420    55.930    81.671    0.6766    0.4000 | 1.442    35.200    0.494 | 1.518     25.000    0.352 | 11 hr 22 min 
0.00030 58.40 k 47.44  | 1.394    59.704    85.714    0.7158    0.4000 | 1.482    33.000    0.459 | 1.600     25.000    0.300 | 11 hr 25 min 
0.00030 58.60 k 47.61  | 1.385    58.356    88.140    0.7178    0.4000 | 1.488    32.100    0.438 | 1.477     30.000    0.425 | 11 hr 29 min 
0.00030 58.80 k 47.77  | 1.388    59.164    84.906    0.7019    0.4000 | 1.371    40.300    0.553 | 1.404     45.000    0.550 | 11 hr 33 min 
0.00030 59.00 k 47.93  | 1.395    59.164    79.650    0.6821    0.4000 | 1.420    35.700    0.500 | 1.407     40.000    0.512 | 11 hr 37 min 
0.00030 59.20 k 48.09  | 1.398    59.704    80.863    0.6929    0.4000 | 1.432    37.600    0.501 | 1.387     45.000    0.600 | 11 hr 41 min 
0.00030 59.40 k 48.26  | 1.396    61.995    83.558    0.7172    0.4000 | 1.481    34.100    0.469 | 1.442     40.000    0.500 | 11 hr 45 min 
0.00030 59.60 k 48.42  | 1.398    58.086    89.084    0.7219    0.4000 | 1.486    31.100    0.446 | 1.559     30.000    0.375 | 11 hr 48 min 
0.00030 59.80 k 48.58  | 1.398    59.030    85.580    0.7051    0.4000 | 1.366    39.800    0.558 | 1.409     45.000    0.575 | 11 hr 52 min 
0.00030 60.00 k 48.74  | 1.387    59.434    84.636    0.7067    0.4000 | 1.394    39.100    0.536 | 1.398     40.000    0.496 | 11 hr 56 min 
0.00030 60.20 k 48.91  | 1.386    61.456    82.615    0.7055    0.4000 | 1.425    34.900    0.489 | 1.338     50.000    0.575 | 12 hr 00 min 
0.00030 60.40 k 49.07  | 1.381    64.286    86.119    0.7420    0.4000 | 1.461    33.600    0.466 | 1.538     40.000    0.463 | 12 hr 04 min 
0.00030 60.60 k 49.23  | 1.378    63.881    89.084    0.7513    0.4000 | 1.491    32.000    0.437 | 1.511     35.000    0.458 | 12 hr 08 min 
0.00030 60.80 k 49.39  | 1.370    64.420    85.984    0.7371    0.4000 | 1.364    39.200    0.562 | 1.398     40.000    0.521 | 12 hr 12 min 
0.00030 61.00 k 49.56  | 1.370    64.286    84.501    0.7331    0.4000 | 1.398    38.700    0.536 | 1.451     35.000    0.512 | 12 hr 15 min 
0.00030 61.20 k 49.72  | 1.373    64.151    85.849    0.7353    0.4000 | 1.425    38.700    0.519 | 1.416     40.000    0.489 | 12 hr 19 min 
0.00030 61.40 k 49.88  | 1.371    66.038    85.040    0.7443    0.4000 | 1.461    35.800    0.480 | 1.396     45.000    0.575 | 12 hr 23 min 
0.00030 61.60 k 50.04  | 1.364    64.286    90.027    0.7544    0.4000 | 1.473    33.100    0.448 | 1.600     30.000    0.375 | 12 hr 27 min 
0.00030 61.80 k 50.21  | 1.364    63.881    87.062    0.7388    0.4000 | 1.350    41.600    0.572 | 1.344     40.000    0.550 | 12 hr 31 min 
0.00030 62.00 k 50.37  | 1.363    66.712    86.658    0.7547    0.4000 | 1.397    38.700    0.524 | 1.494     40.000    0.487 | 12 hr 34 min 
0.00030 62.20 k 50.53  | 1.372    64.420    85.714    0.7395    0.4000 | 1.426    37.100    0.495 | 1.241     55.000    0.692 | 12 hr 38 min 
0.00030 62.40 k 50.69  | 1.364    67.251    85.849    0.7525    0.4000 | 1.435    35.700    0.482 | 1.446     25.000    0.475 | 12 hr 42 min 
0.00030 62.60 k 50.86  | 1.369    67.251    87.062    0.7587    0.4000 | 1.451    36.100    0.471 | 1.417     30.000    0.417 | 12 hr 46 min 
0.00030 62.80 k 51.02  | 1.364    66.173    85.849    0.7456    0.4000 | 1.349    43.600    0.587 | 1.424     40.000    0.542 | 12 hr 50 min 
0.00030 63.00 k 51.18  | 1.365    67.116    84.367    0.7419    0.4000 | 1.397    40.700    0.540 | 1.319     40.000    0.567 | 12 hr 53 min 
0.00030 63.20 k 51.34  | 1.370    66.307    83.019    0.7333    0.4000 | 1.418    38.100    0.503 | 1.425     40.000    0.489 | 12 hr 57 min 
0.00030 63.40 k 51.50  | 1.371    67.790    86.792    0.7616    0.4000 | 1.434    34.900    0.474 | 1.429     25.000    0.438 | 13 hr 01 min 
0.00030 63.60 k 51.67  | 1.367    68.059    88.544    0.7717    0.4000 | 1.462    34.700    0.451 | 1.399     40.000    0.533 | 13 hr 05 min 
0.00030 63.80 k 51.83  | 1.360    66.173    84.232    0.7353    0.4000 | 1.356    42.100    0.579 | 1.297     40.000    0.592 | 13 hr 09 min 
0.00030 64.00 k 51.99  | 1.367    67.520    82.615    0.7377    0.4000 | 1.375    41.300    0.547 | 1.293     40.000    0.602 | 13 hr 13 min 
0.00030 64.20 k 52.15  | 1.367    67.655    85.175    0.7518    0.4000 | 1.402    38.700    0.518 | 1.365     45.000    0.558 | 13 hr 16 min 
0.00030 64.40 k 52.32  | 1.364    70.081    87.332    0.7747    0.4000 | 1.452    34.600    0.467 | 1.425     30.000    0.492 | 13 hr 20 min 
0.00030 64.60 k 52.48  | 1.356    72.372    89.084    0.7928    0.4000 | 1.450    35.900    0.473 | 1.418     45.000    0.525 | 13 hr 24 min 
0.00030 64.80 k 52.64  | 1.348    69.677    85.849    0.7625    0.4000 | 1.350    43.000    0.571 | 1.395     45.000    0.542 | 13 hr 28 min 
0.00030 65.00 k 52.80  | 1.357    65.903    85.175    0.7397    0.4000 | 1.388    41.200    0.539 | 1.315     50.000    0.588 | 13 hr 31 min 
0.00030 65.20 k 52.97  | 1.361    68.598    84.097    0.7482    0.4000 | 1.423    37.500    0.491 | 1.434     50.000    0.500 | 13 hr 35 min 
0.00030 65.40 k 53.13  | 1.348    71.563    88.140    0.7859    0.4000 | 1.439    36.300    0.477 | 1.481     30.000    0.425 | 13 hr 39 min 
0.00030 65.60 k 53.29  | 1.337    73.854    90.162    0.8086    0.4000 | 1.443    36.900    0.477 | 1.440     40.000    0.467 | 13 hr 43 min 
0.00030 65.80 k 53.45  | 1.347    69.272    87.871    0.7694    0.4000 | 1.360    45.000    0.581 | 1.251     50.000    0.671 | 13 hr 46 min 
0.00030 66.00 k 53.62  | 1.355    67.251    85.310    0.7507    0.4000 | 1.383    43.300    0.554 | 1.487     30.000    0.392 | 13 hr 50 min 
0.00030 66.20 k 53.78  | 1.346    69.137    85.175    0.7589    0.4000 | 1.428    40.200    0.514 | 1.424     35.000    0.512 | 13 hr 54 min 
0.00030 66.40 k 53.94  | 1.352    71.563    87.601    0.7853    0.4000 | 1.418    39.400    0.501 | 1.450     50.000    0.575 | 13 hr 58 min 
0.00030 66.60 k 54.10  | 1.349    76.415    91.644    0.8323    0.4000 | 1.448    35.700    0.462 | 1.405     45.000    0.477 | 14 hr 02 min 
0.00030 66.80 k 54.27  | 1.351    68.464    86.792    0.7616    0.4000 | 1.343    45.400    0.594 | 1.238     55.000    0.692 | 14 hr 05 min 
0.00030 67.00 k 54.43  | 1.359    64.960    82.884    0.7224    0.4000 | 1.389    42.200    0.540 | 1.281     45.000    0.633 | 14 hr 09 min 
0.00030 67.20 k 54.59  | 1.352    68.464    83.423    0.7487    0.4000 | 1.403    40.900    0.515 | 1.385     50.000    0.560 | 14 hr 13 min 
0.00030 67.40 k 54.75  | 1.342    69.811    84.636    0.7598    0.4000 | 1.426    39.200    0.490 | 1.387     35.000    0.492 | 14 hr 17 min 
0.00030 67.60 k 54.92  | 1.339    73.046    88.679    0.7944    0.4000 | 1.450    38.000    0.468 | 1.510     35.000    0.408 | 14 hr 20 min 
0.00030 67.80 k 55.08  | 1.333    66.712    87.197    0.7504    0.4000 | 1.342    45.300    0.588 | 1.376     55.000    0.625 | 14 hr 24 min 
0.00030 68.00 k 55.24  | 1.329    65.499    84.636    0.7347    0.4000 | 1.359    43.300    0.564 | 1.399     35.000    0.492 | 14 hr 28 min 
0.00030 68.20 k 55.40  | 1.343    67.385    83.288    0.7380    0.4000 | 1.417    40.300    0.511 | 1.524     25.000    0.392 | 14 hr 32 min 
0.00030 68.40 k 55.57  | 1.345    69.542    84.906    0.7606    0.4000 | 1.437    38.600    0.493 | 1.332     45.000    0.550 | 14 hr 36 min 
0.00030 68.60 k 55.73  | 1.341    70.350    87.062    0.7737    0.4000 | 1.424    39.800    0.500 | 1.496     25.000    0.417 | 14 hr 39 min 
0.00030 68.80 k 55.89  | 1.341    63.477    82.345    0.7124    0.4000 | 1.369    45.200    0.578 | 1.463     50.000    0.575 | 14 hr 43 min 
0.00030 69.00 k 56.05  | 1.342    60.108    82.884    0.6939    0.4000 | 1.382    42.900    0.545 | 1.399     50.000    0.575 | 14 hr 47 min 
0.00030 69.20 k 56.22  | 1.341    67.520    84.906    0.7465    0.4000 | 1.414    39.000    0.499 | 1.359     40.000    0.512 | 14 hr 51 min 
0.00030 69.40 k 56.38  | 1.340    71.833    86.792    0.7774    0.4000 | 1.425    40.300    0.506 | 1.502     30.000    0.375 | 14 hr 54 min 
0.00030 69.60 k 56.54  | 1.350    66.307    86.253    0.7444    0.4000 | 1.433    39.600    0.497 | 1.336     40.000    0.560 | 14 hr 58 min 
0.00030 69.80 k 56.70  | 1.342    64.016    87.197    0.7283    0.4000 | 1.332    48.000    0.604 | 1.375     50.000    0.613 | 15 hr 02 min 
0.00030 70.00 k 56.87  | 1.346    62.264    83.288    0.7069    0.4000 | 1.378    44.400    0.550 | 1.326     40.000    0.563 | 15 hr 06 min 
0.00030 70.20 k 57.03  | 1.346    65.364    83.154    0.7271    0.4000 | 1.381    44.600    0.558 | 1.365     45.000    0.575 | 15 hr 10 min 
0.00030 70.40 k 57.19  | 1.344    63.612    85.580    0.7241    0.4000 | 1.414    40.800    0.509 | 1.408     50.000    0.554 | 15 hr 14 min 
0.00030 70.60 k 57.35  | 1.345    64.420    86.658    0.7353    0.4000 | 1.463    36.300    0.444 | 1.476     35.000    0.467 | 15 hr 17 min 
0.00030 70.80 k 57.52  | 1.346    61.321    83.019    0.6973    0.4000 | 1.347    47.500    0.594 | 1.287     50.000    0.642 | 15 hr 21 min 
0.00030 71.00 k 57.68  | 1.338    61.725    82.749    0.7009    0.4000 | 1.381    42.200    0.543 | 1.329     50.000    0.575 | 15 hr 25 min 
0.00030 71.20 k 57.84  | 1.339    58.356    81.132    0.6675    0.4000 | 1.387    42.600    0.538 | 1.373     45.000    0.554 | 15 hr 29 min 
0.00030 71.40 k 58.00  | 1.336    60.916    83.019    0.6944    0.4000 | 1.407    43.000    0.519 | 1.374     45.000    0.550 | 15 hr 32 min 
0.00030 71.60 k 58.17  | 1.331    61.456    83.288    0.6993    0.4000 | 1.440    39.300    0.481 | 1.537     40.000    0.475 | 15 hr 36 min 
0.00030 71.80 k 58.33  | 1.329    60.647    82.749    0.6892    0.4000 | 1.346    49.300    0.603 | 1.328     55.000    0.642 | 15 hr 40 min 
0.00030 72.00 k 58.49  | 1.333    47.305    82.884    0.6367    0.5000 | 1.364    46.000    0.575 | 1.323     45.000    0.596 | 15 hr 44 min 
0.00030 72.20 k 58.65  | 1.336    60.512    82.480    0.6909    0.4000 | 1.394    43.200    0.525 | 1.327     40.000    0.564 | 15 hr 47 min 
0.00030 72.40 k 58.82  | 1.347    55.256    79.784    0.6437    0.4000 | 1.428    41.800    0.507 | 1.352     45.000    0.525 | 15 hr 51 min 
0.00030 72.60 k 58.98  | 1.343    55.526    81.671    0.6500    0.4000 | 1.408    41.300    0.512 | 1.409     30.000    0.435 | 15 hr 55 min 
0.00030 72.80 k 59.14  | 1.344    45.418    84.097    0.6326    0.5000 | 1.339    49.400    0.608 | 1.372     45.000    0.475 | 15 hr 59 min 
