 start_time :2020-01-05 19:03:49 
 batch_size :5 
 rate     iter   epoch  | valid   top@1    top@5    map@5  | train    top@1    top@5    map@5 | batch    top@1    top@5    map@5 |  time          
---------------------------------------------------------------------------------------------------------------------------------------------------------------------------
0.00030  0.00 k  0.00  | 1.656    30.997    30.997    0.3100    0.6000 | 0.000    0.000    0.000 | 0.000     0.000    0.000 |  0 hr 00 min 
0.00030  0.20 k  0.16  | 1.426    30.997    31.267    0.3106    0.6000 | 1.675    0.400    0.009 | 1.540     0.000    0.000 |  0 hr 05 min 
0.00030  0.40 k  0.32  | 1.589    30.997    31.267    0.3106    0.7000 | 1.688    0.400    0.010 | 1.562     0.000    0.000 |  0 hr 10 min 
0.00030  0.60 k  0.49  | 1.508    30.997    31.806    0.3135    0.6000 | 1.648    1.000    0.020 | 1.680     5.000    0.050 |  0 hr 16 min 
0.00030  0.80 k  0.65  | 1.501    30.997    32.075    0.3144    0.6000 | 1.649    1.900    0.028 | 1.503     10.000    0.125 |  0 hr 21 min 
0.00030  1.00 k  0.81  | 1.556    30.997    32.210    0.3140    0.7000 | 1.658    2.900    0.056 | 1.757     0.000    0.010 |  0 hr 25 min 
0.00030  1.20 k  0.97  | 1.525    30.997    32.210    0.3140    0.7000 | 1.633    3.800    0.075 | 1.675     0.000    0.052 |  0 hr 31 min 
0.00030  1.40 k  1.14  | 1.584    30.997    32.480    0.3151    0.7000 | 1.608    7.400    0.121 | 1.584     5.000    0.077 |  0 hr 36 min 
0.00030  1.60 k  1.30  | 1.657    30.997    33.019    0.3186    0.7000 | 1.597    10.400    0.163 | 1.776     10.000    0.177 |  0 hr 41 min 
0.00030  1.80 k  1.46  | 1.664    30.997    33.019    0.3183    0.7000 | 1.542    15.400    0.221 | 1.527     10.000    0.150 |  0 hr 46 min 
0.00030  2.00 k  1.62  | 1.554    31.267    33.962    0.3249    0.6000 | 1.517    18.000    0.263 | 1.553     15.000    0.235 |  0 hr 51 min 
0.00030  2.20 k  1.79  | 1.571    31.267    33.693    0.3240    0.7000 | 1.458    25.800    0.348 | 1.566     20.000    0.302 |  0 hr 56 min 
0.00030  2.40 k  1.95  | 1.608    32.075    34.232    0.3311    0.7000 | 1.448    31.300    0.396 | 1.307     25.000    0.378 |  1 hr 01 min 
0.00030  2.60 k  2.11  | 1.547    31.536    34.501    0.3292    0.7000 | 1.391    39.800    0.493 | 1.256     50.000    0.579 |  1 hr 06 min 
0.00030  2.80 k  2.27  | 1.590    31.536    34.367    0.3277    0.6000 | 1.318    47.500    0.560 | 1.322     45.000    0.517 |  1 hr 11 min 
0.00030  3.00 k  2.44  | 1.545    32.210    34.367    0.3329    0.7000 | 1.318    51.600    0.600 | 1.298     55.000    0.592 |  1 hr 16 min 
0.00030  3.20 k  2.60  | 1.561    32.884    34.771    0.3375    0.7000 | 1.254    58.600    0.654 | 1.084     60.000    0.689 |  1 hr 21 min 
0.00030  3.40 k  2.76  | 1.579    33.154    34.636    0.3377    0.7000 | 1.185    62.400    0.683 | 1.010     75.000    0.795 |  1 hr 26 min 
0.00030  3.60 k  2.92  | 1.578    33.558    34.771    0.3413    0.7000 | 1.119    65.000    0.718 | 1.086     65.000    0.725 |  1 hr 31 min 
0.00030  3.80 k  3.09  | 1.579    33.558    34.636    0.3407    0.7000 | 1.091    68.300    0.740 | 1.054     75.000    0.760 |  1 hr 36 min 
0.00030  4.00 k  3.25  | 1.588    33.962    34.636    0.3428    0.7000 | 1.027    72.200    0.783 | 0.957     75.000    0.818 |  1 hr 41 min 
0.00030  4.20 k  3.41  | 1.601    34.232    34.636    0.3441    0.7000 | 1.023    72.400    0.790 | 1.028     75.000    0.825 |  1 hr 46 min 
0.00030  4.40 k  3.57  | 1.599    34.097    34.771    0.3443    0.7000 | 0.935    78.300    0.843 | 0.960     75.000    0.835 |  1 hr 51 min 
0.00030  4.60 k  3.74  | 1.621    34.367    34.771    0.3457    0.7000 | 0.902    80.500    0.867 | 0.801     85.000    0.925 |  1 hr 56 min 
0.00030  4.80 k  3.90  | 1.652    34.501    34.771    0.3464    0.7000 | 0.857    80.300    0.867 | 0.885     70.000    0.804 |  2 hr 01 min 
0.00030  5.00 k  4.06  | 1.647    34.636    34.771    0.3470    0.7000 | 0.827    84.400    0.895 | 0.780     85.000    0.904 |  2 hr 06 min 
0.00030  5.20 k  4.22  | 1.661    34.501    34.771    0.3464    0.7000 | 0.798    86.300    0.909 | 0.769     85.000    0.925 |  2 hr 11 min 
0.00030  5.40 k  4.39  | 1.668    34.501    34.771    0.3464    0.7000 | 0.741    88.500    0.926 | 0.841     95.000    0.950 |  2 hr 16 min 
0.00030  5.60 k  4.55  | 1.702    34.232    34.771    0.3450    0.7000 | 0.712    90.500    0.943 | 0.696     90.000    0.950 |  2 hr 21 min 
0.00030  5.80 k  4.71  | 1.724    34.232    34.771    0.3450    0.6000 | 0.705    90.100    0.937 | 0.838     85.000    0.875 |  2 hr 26 min 
0.00030  6.00 k  4.87  | 1.746    34.367    34.771    0.3457    0.6000 | 0.654    90.900    0.943 | 0.592     90.000    0.942 |  2 hr 32 min 
0.00030  6.20 k  5.04  | 1.772    34.501    34.771    0.3464    0.7000 | 0.636    91.200    0.946 | 0.650     95.000    0.975 |  2 hr 36 min 
0.00030  6.40 k  5.20  | 1.801    34.501    34.771    0.3464    0.6000 | 0.602    93.800    0.961 | 0.588     100.000    1.000 |  2 hr 41 min 
0.00030  6.60 k  5.36  | 1.887    34.232    34.771    0.3450    0.6000 | 0.611    92.200    0.949 | 0.563     100.000    1.000 |  2 hr 47 min 
0.00030  6.80 k  5.52  | 1.862    34.636    34.906    0.3473    0.7000 | 0.560    94.900    0.969 | 0.660     100.000    1.000 |  2 hr 52 min 
0.00030  7.00 k  5.69  | 1.904    34.636    34.771    0.3470    0.7000 | 0.524    94.600    0.967 | 0.550     95.000    0.975 |  2 hr 57 min 
0.00030  7.20 k  5.85  | 1.910    34.636    34.771    0.3470    0.6000 | 0.513    95.700    0.974 | 0.397     95.000    0.960 |  3 hr 02 min 
0.00030  7.40 k  6.01  | 1.964    34.501    34.771    0.3464    0.6000 | 0.531    94.500    0.963 | 0.470     100.000    1.000 |  3 hr 07 min 
0.00030  7.60 k  6.17  | 2.026    34.636    34.906    0.3473    0.7000 | 0.513    96.500    0.977 | 0.417     95.000    0.975 |  3 hr 12 min 
0.00030  7.80 k  6.34  | 2.031    34.636    34.906    0.3473    0.7000 | 0.456    96.200    0.977 | 0.420     100.000    1.000 |  3 hr 17 min 
0.00030  8.00 k  6.50  | 2.050    34.636    34.906    0.3475    0.6000 | 0.448    95.900    0.974 | 0.380     100.000    1.000 |  3 hr 22 min 
0.00030  8.20 k  6.66  | 2.090    34.636    34.906    0.3473    0.6000 | 0.455    96.800    0.980 | 0.432     100.000    1.000 |  3 hr 27 min 
0.00030  8.40 k  6.82  | 2.117    34.636    34.771    0.3470    0.6000 | 0.441    96.300    0.976 | 0.353     95.000    0.975 |  3 hr 32 min 
0.00030  8.60 k  6.99  | 2.142    34.501    34.771    0.3464    0.6000 | 0.431    96.300    0.977 | 0.417     100.000    1.000 |  3 hr 37 min 
0.00030  8.80 k  7.15  | 2.183    34.636    34.906    0.3473    0.7000 | 0.392    98.100    0.988 | 0.490     95.000    0.950 |  3 hr 42 min 
0.00030  9.00 k  7.31  | 2.197    34.636    34.906    0.3474    0.6000 | 0.409    96.600    0.979 | 0.334     100.000    1.000 |  3 hr 47 min 
0.00030  9.20 k  7.47  | 2.214    34.636    34.906    0.3474    0.6000 | 0.411    96.200    0.974 | 0.556     90.000    0.938 |  3 hr 52 min 
0.00030  9.40 k  7.64  | 2.250    34.636    34.906    0.3475    0.6000 | 0.396    97.100    0.980 | 0.284     100.000    1.000 |  3 hr 57 min 
0.00030  9.60 k  7.80  | 2.264    34.636    34.771    0.3470    0.7000 | 0.339    97.900    0.987 | 0.290     100.000    1.000 |  4 hr 02 min 
0.00030  9.80 k  7.96  | 2.287    34.636    34.771    0.3470    0.6000 | 0.372    97.500    0.984 | 0.292     100.000    1.000 |  4 hr 07 min 
0.00030 10.00 k  8.12  | 2.313    34.636    35.040    0.3478    0.7000 | 0.364    97.500    0.983 | 0.370     95.000    0.975 |  4 hr 12 min 
0.00030 10.20 k  8.29  | 2.324    34.636    34.906    0.3477    0.6000 | 0.358    97.500    0.984 | 0.273     95.000    0.975 |  4 hr 17 min 
0.00030 10.40 k  8.45  | 2.333    34.636    34.771    0.3470    0.7000 | 0.353    96.200    0.976 | 0.330     100.000    1.000 |  4 hr 22 min 
0.00030 10.60 k  8.61  | 2.363    34.501    34.771    0.3464    0.6000 | 0.350    97.200    0.982 | 0.583     90.000    0.950 |  4 hr 27 min 
0.00030 10.80 k  8.77  | 2.367    34.636    34.906    0.3474    0.7000 | 0.312    98.100    0.989 | 0.186     100.000    1.000 |  4 hr 32 min 
0.00030 11.00 k  8.94  | 2.387    34.367    34.906    0.3461    0.6000 | 0.338    97.000    0.980 | 0.319     95.000    0.975 |  4 hr 37 min 
0.00030 11.20 k  9.10  | 2.417    34.636    34.906    0.3477    0.6000 | 0.313    97.900    0.988 | 0.301     100.000    1.000 |  4 hr 43 min 
0.00030 11.40 k  9.26  | 2.405    34.636    35.040    0.3480    0.6000 | 0.309    98.000    0.988 | 0.241     100.000    1.000 |  4 hr 48 min 
0.00030 11.60 k  9.42  | 2.416    34.636    34.771    0.3470    0.5000 | 0.304    98.400    0.989 | 0.225     100.000    1.000 |  4 hr 52 min 
0.00030 11.80 k  9.59  | 2.421    34.636    34.906    0.3475    0.6000 | 0.282    98.100    0.989 | 0.216     100.000    1.000 |  4 hr 58 min 
0.00030 12.00 k  9.75  | 2.433    34.636    34.906    0.3475    0.6000 | 0.314    97.100    0.982 | 0.283     100.000    1.000 |  5 hr 03 min 
0.00030 12.20 k  9.91  | 2.457    34.501    34.906    0.3468    0.6000 | 0.287    98.700    0.991 | 0.323     100.000    1.000 |  5 hr 08 min 
0.00030 12.40 k 10.07  | 2.452    34.636    34.906    0.3475    0.6000 | 0.324    97.700    0.984 | 0.258     100.000    1.000 |  5 hr 13 min 
0.00030 12.60 k 10.24  | 2.475    34.636    34.906    0.3477    0.6000 | 0.299    98.300    0.988 | 0.282     100.000    1.000 |  5 hr 18 min 
0.00030 12.80 k 10.40  | 2.475    34.636    34.906    0.3475    0.7000 | 0.313    98.400    0.989 | 0.358     100.000    1.000 |  5 hr 23 min 
0.00030 13.00 k 10.56  | 2.463    34.501    34.906    0.3470    0.7000 | 0.291    98.100    0.987 | 0.349     95.000    0.950 |  5 hr 28 min 
0.00030 13.20 k 10.72  | 2.457    34.636    34.771    0.3470    0.5000 | 0.286    97.200    0.983 | 0.311     95.000    0.950 |  5 hr 33 min 
0.00030 13.40 k 10.89  | 2.469    34.636    34.906    0.3474    0.6000 | 0.264    98.500    0.990 | 0.412     95.000    0.975 |  5 hr 38 min 
0.00030 13.60 k 11.05  | 2.467    34.636    34.906    0.3474    0.5000 | 0.323    96.700    0.980 | 0.232     100.000    1.000 |  5 hr 43 min 
0.00030 13.80 k 11.21  | 2.470    34.636    34.906    0.3475    0.6000 | 0.287    97.600    0.987 | 0.219     100.000    1.000 |  5 hr 48 min 
0.00030 14.00 k 11.37  | 2.489    34.636    34.906    0.3477    0.7000 | 0.288    98.100    0.988 | 0.298     95.000    0.975 |  5 hr 53 min 
0.00030 14.20 k 11.54  | 2.495    34.636    34.906    0.3477    0.6000 | 0.279    98.300    0.991 | 0.432     100.000    1.000 |  5 hr 58 min 
0.00030 14.40 k 11.70  | 2.502    34.636    34.906    0.3477    0.6000 | 0.279    98.400    0.990 | 0.301     100.000    1.000 |  6 hr 03 min 
0.00030 14.60 k 11.86  | 2.499    34.636    34.771    0.3470    0.7000 | 0.268    98.300    0.989 | 0.273     95.000    0.960 |  6 hr 08 min 
0.00030 14.80 k 12.02  | 2.501    34.636    34.906    0.3477    0.7000 | 0.273    98.600    0.991 | 0.272     100.000    1.000 |  6 hr 13 min 
0.00030 15.00 k 12.19  | 2.492    34.636    34.906    0.3475    0.7000 | 0.275    98.100    0.989 | 0.246     100.000    1.000 |  6 hr 18 min 
0.00030 15.20 k 12.35  | 2.502    34.636    34.906    0.3474    0.6000 | 0.259    98.600    0.992 | 0.257     95.000    0.975 |  6 hr 23 min 
0.00030 15.40 k 12.51  | 2.500    34.636    35.040    0.3478    0.6000 | 0.255    98.500    0.991 | 0.301     100.000    1.000 |  6 hr 28 min 
0.00030 15.60 k 12.67  | 2.507    34.636    34.906    0.3475    0.6000 | 0.275    97.500    0.983 | 0.278     95.000    0.960 |  6 hr 33 min 
0.00030 15.80 k 12.84  | 2.534    34.636    34.771    0.3470    0.8000 | 0.275    97.100    0.983 | 0.226     95.000    0.975 |  6 hr 39 min 
0.00030 16.00 k 13.00  | 2.533    34.636    34.771    0.3470    0.6000 | 0.263    98.000    0.987 | 0.291     100.000    1.000 |  6 hr 43 min 
0.00030 16.20 k 13.16  | 2.545    34.636    34.906    0.3477    0.5000 | 0.267    97.900    0.985 | 0.351     95.000    0.975 |  6 hr 48 min 
0.00030 16.40 k 13.32  | 2.549    34.636    34.906    0.3477    0.6000 | 0.252    99.000    0.993 | 0.241     100.000    1.000 |  6 hr 54 min 
0.00030 16.60 k 13.49  | 2.569    34.636    34.906    0.3477    0.5000 | 0.249    98.300    0.991 | 0.228     100.000    1.000 |  6 hr 59 min 
0.00030 16.80 k 13.65  | 2.584    34.636    34.906    0.3477    0.7000 | 0.248    98.700    0.992 | 0.183     100.000    1.000 |  7 hr 04 min 
0.00030 17.00 k 13.81  | 2.586    34.501    34.906    0.3470    0.6000 | 0.256    98.300    0.990 | 0.199     100.000    1.000 |  7 hr 09 min 
0.00030 17.20 k 13.97  | 2.591    34.636    34.906    0.3473    0.6000 | 0.238    98.000    0.988 | 0.185     100.000    1.000 |  7 hr 14 min 
0.00030 17.40 k 14.14  | 2.586    34.636    35.040    0.3480    0.6000 | 0.235    98.700    0.992 | 0.184     100.000    1.000 |  7 hr 19 min 
0.00030 17.60 k 14.30  | 2.607    34.636    34.771    0.3470    0.7000 | 0.265    97.200    0.983 | 0.346     100.000    1.000 |  7 hr 24 min 
0.00030 17.80 k 14.46  | 2.601    34.636    34.906    0.3477    0.6000 | 0.253    98.000    0.987 | 0.194     100.000    1.000 |  7 hr 29 min 
0.00030 18.00 k 14.62  | 2.628    34.636    34.906    0.3477    0.5000 | 0.231    98.800    0.992 | 0.155     100.000    1.000 |  7 hr 34 min 
0.00030 18.20 k 14.79  | 2.633    34.636    34.906    0.3477    0.7000 | 0.249    97.700    0.986 | 0.288     100.000    1.000 |  7 hr 39 min 
0.00030 18.40 k 14.95  | 2.651    34.636    34.906    0.3477    0.7000 | 0.249    97.800    0.987 | 0.149     100.000    1.000 |  7 hr 44 min 
0.00030 18.60 k 15.11  | 2.641    34.636    34.771    0.3470    0.5000 | 0.213    98.900    0.994 | 0.177     100.000    1.000 |  7 hr 49 min 
0.00030 18.80 k 15.27  | 2.664    34.636    34.906    0.3477    0.7000 | 0.215    98.700    0.992 | 0.179     100.000    1.000 |  7 hr 54 min 
0.00030 19.00 k 15.44  | 2.644    34.636    34.771    0.3470    0.7000 | 0.257    97.700    0.984 | 0.314     100.000    1.000 |  7 hr 59 min 
0.00030 19.20 k 15.60  | 2.661    34.636    34.771    0.3470    0.6000 | 0.239    97.900    0.987 | 0.183     100.000    1.000 |  8 hr 04 min 
0.00030 19.40 k 15.76  | 2.660    34.636    34.906    0.3477    0.6000 | 0.225    98.200    0.990 | 0.175     100.000    1.000 |  8 hr 09 min 
0.00030 19.60 k 15.92  | 2.672    34.501    34.906    0.3466    0.6000 | 0.237    98.800    0.993 | 0.198     100.000    1.000 |  8 hr 14 min 
0.00030 19.80 k 16.09  | 2.670    34.636    34.906    0.3474    0.7000 | 0.227    98.300    0.990 | 0.166     100.000    1.000 |  8 hr 19 min 
0.00030 20.00 k 16.25  | 2.686    34.501    34.906    0.3470    0.6000 | 0.246    97.500    0.984 | 0.151     100.000    1.000 |  8 hr 24 min 
0.00030 20.20 k 16.41  | 2.685    34.636    34.771    0.3470    0.7000 | 0.256    97.800    0.985 | 0.183     100.000    1.000 |  8 hr 29 min 
0.00030 20.40 k 16.57  | 2.688    34.636    34.906    0.3477    0.8000 | 0.224    98.200    0.989 | 0.239     100.000    1.000 |  8 hr 34 min 
0.00030 20.60 k 16.74  | 2.689    34.636    34.906    0.3477    0.6000 | 0.229    98.200    0.989 | 0.303     100.000    1.000 |  8 hr 39 min 
0.00030 20.80 k 16.90  | 2.687    34.636    34.906    0.3477    0.5000 | 0.224    97.600    0.987 | 0.132     100.000    1.000 |  8 hr 45 min 
0.00030 21.00 k 17.06  | 2.720    34.636    34.906    0.3477    0.7000 | 0.218    98.200    0.989 | 0.173     100.000    1.000 |  8 hr 50 min 
0.00030 21.20 k 17.22  | 2.723    34.501    34.771    0.3464    0.7000 | 0.193    98.200    0.990 | 0.197     95.000    0.975 |  8 hr 55 min 
0.00030 21.40 k 17.38  | 2.727    34.636    34.771    0.3470    0.7000 | 0.247    97.100    0.981 | 0.213     100.000    1.000 |  9 hr 00 min 
0.00030 21.60 k 17.55  | 2.734    34.636    34.906    0.3477    0.6000 | 0.219    98.400    0.991 | 0.189     100.000    1.000 |  9 hr 05 min 
0.00030 21.80 k 17.71  | 2.750    34.636    34.906    0.3477    0.6000 | 0.227    98.100    0.989 | 0.204     100.000    1.000 |  9 hr 10 min 
0.00030 22.00 k 17.87  | 2.753    34.636    34.906    0.3475    0.7000 | 0.215    98.900    0.993 | 0.130     100.000    1.000 |  9 hr 15 min 
0.00030 22.20 k 18.03  | 2.754    34.636    34.906    0.3477    0.6000 | 0.200    98.200    0.990 | 0.154     100.000    1.000 |  9 hr 20 min 
0.00030 22.40 k 18.20  | 2.751    34.636    34.906    0.3475    0.7000 | 0.235    98.100    0.986 | 0.219     100.000    1.000 |  9 hr 25 min 
0.00030 22.60 k 18.36  | 2.757    34.636    35.040    0.3480    0.7000 | 0.222    97.700    0.986 | 0.193     95.000    0.975 |  9 hr 30 min 
0.00030 22.80 k 18.52  | 2.758    34.636    34.906    0.3474    0.6000 | 0.220    97.500    0.985 | 0.168     100.000    1.000 |  9 hr 35 min 
0.00030 23.00 k 18.68  | 2.763    34.501    34.771    0.3464    0.6000 | 0.210    98.100    0.989 | 0.232     95.000    0.975 |  9 hr 40 min 
0.00030 23.20 k 18.85  | 2.775    34.501    34.906    0.3470    0.8000 | 0.225    98.200    0.988 | 0.367     95.000    0.967 |  9 hr 45 min 
0.00030 23.40 k 19.01  | 2.769    34.636    34.906    0.3477    0.6000 | 0.211    98.100    0.988 | 0.133     100.000    1.000 |  9 hr 50 min 
0.00030 23.60 k 19.17  | 2.783    34.636    34.906    0.3477    0.7000 | 0.183    98.900    0.994 | 0.202     100.000    1.000 |  9 hr 55 min 
0.00030 23.80 k 19.33  | 2.785    34.636    34.906    0.3475    0.6000 | 0.205    98.600    0.992 | 0.105     100.000    1.000 | 10 hr 00 min 
0.00030 24.00 k 19.50  | 2.771    34.636    34.771    0.3470    0.5000 | 0.211    98.100    0.988 | 0.174     100.000    1.000 | 10 hr 05 min 
0.00030 24.20 k 19.66  | 2.803    34.636    34.906    0.3474    0.7000 | 0.193    98.000    0.989 | 0.235     95.000    0.975 | 10 hr 10 min 
0.00030 24.40 k 19.82  | 2.794    34.501    34.771    0.3464    0.6000 | 0.211    97.600    0.986 | 0.204     100.000    1.000 | 10 hr 15 min 
0.00030 24.60 k 19.98  | 2.800    34.501    34.906    0.3470    0.7000 | 0.182    99.000    0.994 | 0.277     100.000    1.000 | 10 hr 20 min 
0.00030 24.80 k 20.15  | 2.813    34.636    34.906    0.3477    0.6000 | 0.187    98.200    0.991 | 0.199     100.000    1.000 | 10 hr 25 min 
0.00030 25.00 k 20.31  | 2.825    34.636    34.906    0.3477    0.7000 | 0.187    98.200    0.990 | 0.121     100.000    1.000 | 10 hr 30 min 
0.00030 25.20 k 20.47  | 2.825    34.367    34.906    0.3464    0.7000 | 0.190    98.700    0.993 | 0.192     95.000    0.967 | 10 hr 36 min 
0.00030 25.40 k 20.63  | 2.823    34.636    34.771    0.3470    0.6000 | 0.199    98.600    0.991 | 0.228     95.000    0.963 | 10 hr 41 min 
0.00030 25.60 k 20.80  | 2.822    34.636    34.906    0.3475    0.7000 | 0.182    98.800    0.993 | 0.180     100.000    1.000 | 10 hr 46 min 
0.00030 25.80 k 20.96  | 2.817    34.636    34.906    0.3477    0.6000 | 0.206    98.100    0.989 | 0.145     100.000    1.000 | 10 hr 51 min 
0.00030 26.00 k 21.12  | 2.836    34.636    34.906    0.3477    0.6000 | 0.193    98.000    0.988 | 0.151     100.000    1.000 | 10 hr 56 min 
0.00030 26.20 k 21.28  | 2.823    34.636    34.906    0.3477    0.6000 | 0.184    99.000    0.994 | 0.129     100.000    1.000 | 11 hr 01 min 
0.00030 26.40 k 21.45  | 2.838    34.636    34.906    0.3477    0.7000 | 0.195    98.200    0.989 | 0.156     100.000    1.000 | 11 hr 06 min 
0.00030 26.60 k 21.61  | 2.845    34.501    34.771    0.3464    0.6000 | 0.188    98.500    0.992 | 0.202     100.000    1.000 | 11 hr 11 min 
0.00030 26.80 k 21.77  | 2.845    34.501    34.771    0.3464    0.8000 | 0.183    98.300    0.990 | 0.146     100.000    1.000 | 11 hr 16 min 
0.00030 27.00 k 21.93  | 2.858    34.501    34.771    0.3464    0.8000 | 0.188    98.800    0.993 | 0.093     100.000    1.000 | 11 hr 21 min 
0.00030 27.20 k 22.10  | 2.844    34.501    35.040    0.3474    0.5000 | 0.186    98.700    0.992 | 0.167     100.000    1.000 | 11 hr 26 min 
0.00030 27.40 k 22.26  | 2.844    34.501    34.771    0.3464    0.6000 | 0.195    98.200    0.990 | 0.111     100.000    1.000 | 11 hr 31 min 
0.00030 27.60 k 22.42  | 2.852    34.501    34.771    0.3464    0.8000 | 0.185    98.800    0.993 | 0.127     100.000    1.000 | 11 hr 36 min 
0.00030 27.80 k 22.58  | 2.856    34.501    34.771    0.3464    0.8000 | 0.199    98.200    0.989 | 0.130     100.000    1.000 | 11 hr 41 min 
0.00030 28.00 k 22.75  | 2.872    34.501    34.906    0.3468    0.7000 | 0.175    99.100    0.995 | 0.410     95.000    0.950 | 11 hr 46 min 
0.00030 28.20 k 22.91  | 2.871    34.367    34.906    0.3464    0.8000 | 0.201    98.300    0.990 | 0.134     100.000    1.000 | 11 hr 51 min 
0.00030 28.40 k 23.07  | 2.877    34.636    34.771    0.3470    0.7000 | 0.177    98.900    0.994 | 0.207     100.000    1.000 | 11 hr 56 min 
0.00030 28.60 k 23.23  | 2.877    34.501    34.906    0.3470    0.6000 | 0.191    98.500    0.990 | 0.133     100.000    1.000 | 12 hr 01 min 
0.00030 28.80 k 23.40  | 2.871    34.367    34.906    0.3464    0.5000 | 0.187    98.300    0.990 | 0.177     100.000    1.000 | 12 hr 06 min 
0.00030 29.00 k 23.56  | 2.881    34.367    34.771    0.3457    0.6000 | 0.193    98.500    0.991 | 0.185     100.000    1.000 | 12 hr 11 min 
0.00030 29.20 k 23.72  | 2.880    34.501    34.771    0.3464    0.6000 | 0.183    97.500    0.986 | 0.134     100.000    1.000 | 12 hr 16 min 
0.00030 29.40 k 23.88  | 2.882    34.501    34.906    0.3470    0.7000 | 0.188    98.600    0.991 | 0.178     95.000    0.975 | 12 hr 21 min 
0.00030 29.60 k 24.05  | 2.881    34.232    34.906    0.3457    0.7000 | 0.191    97.300    0.985 | 0.111     100.000    1.000 | 12 hr 26 min 
0.00030 29.80 k 24.21  | 2.887    34.367    34.906    0.3464    0.6000 | 0.175    98.200    0.990 | 0.206     95.000    0.975 | 12 hr 31 min 
0.00030 30.00 k 24.37  | 2.895    34.501    35.040    0.3474    0.6000 | 0.178    98.600    0.992 | 0.106     100.000    1.000 | 12 hr 37 min 
0.00030 30.20 k 24.53  | 2.894    34.367    34.906    0.3464    0.7000 | 0.178    98.600    0.991 | 0.152     100.000    1.000 | 12 hr 41 min 
0.00030 30.40 k 24.70  | 2.904    34.501    34.771    0.3464    0.7000 | 0.175    98.400    0.992 | 0.223     95.000    0.975 | 12 hr 46 min 
0.00030 30.60 k 24.86  | 2.901    34.367    34.771    0.3457    0.6000 | 0.164    98.500    0.991 | 0.132     100.000    1.000 | 12 hr 52 min 
0.00030 30.80 k 25.02  | 2.896    34.501    34.906    0.3470    0.8000 | 0.166    98.400    0.991 | 0.220     95.000    0.975 | 12 hr 57 min 
0.00030 31.00 k 25.18  | 2.912    34.367    34.906    0.3460    0.6000 | 0.178    98.600    0.992 | 0.117     100.000    1.000 | 13 hr 01 min 
0.00030 31.20 k 25.35  | 2.911    34.501    34.906    0.3470    0.6000 | 0.179    98.100    0.989 | 0.330     95.000    0.967 | 13 hr 07 min 
0.00030 31.40 k 25.51  | 2.914    34.501    34.906    0.3468    0.5000 | 0.194    98.100    0.989 | 0.113     100.000    1.000 | 13 hr 12 min 
0.00030 31.60 k 25.67  | 2.902    34.367    34.906    0.3464    0.7000 | 0.175    97.800    0.988 | 0.123     100.000    1.000 | 13 hr 17 min 
0.00030 31.80 k 25.83  | 2.915    34.367    34.906    0.3460    0.7000 | 0.193    97.700    0.987 | 0.214     95.000    0.975 | 13 hr 22 min 
0.00030 32.00 k 26.00  | 2.908    34.367    34.906    0.3461    0.7000 | 0.187    98.200    0.990 | 0.194     100.000    1.000 | 13 hr 27 min 
0.00030 32.20 k 26.16  | 2.920    34.501    34.906    0.3470    0.7000 | 0.189    98.300    0.989 | 0.149     100.000    1.000 | 13 hr 32 min 
0.00030 32.40 k 26.32  | 2.923    34.367    34.906    0.3464    0.6000 | 0.177    98.200    0.990 | 0.112     100.000    1.000 | 13 hr 37 min 
0.00030 32.60 k 26.48  | 2.932    34.367    34.771    0.3457    0.7000 | 0.189    98.200    0.989 | 0.122     100.000    1.000 | 13 hr 42 min 
0.00030 32.80 k 26.65  | 2.928    34.367    34.906    0.3460    0.8000 | 0.181    97.900    0.988 | 0.161     95.000    0.975 | 13 hr 47 min 
0.00030 33.00 k 26.81  | 2.917    34.501    34.771    0.3464    0.7000 | 0.181    97.800    0.987 | 0.216     100.000    1.000 | 13 hr 52 min 
0.00030 33.20 k 26.97  | 2.925    34.367    34.906    0.3461    0.8000 | 0.182    98.000    0.989 | 0.096     100.000    1.000 | 13 hr 57 min 
0.00030 33.40 k 27.13  | 2.923    34.501    34.906    0.3468    0.7000 | 0.173    97.600    0.986 | 0.152     100.000    1.000 | 14 hr 02 min 
0.00030 33.60 k 27.30  | 2.935    34.501    34.906    0.3466    0.6000 | 0.193    98.600    0.991 | 0.134     95.000    0.975 | 14 hr 07 min 
0.00030 33.80 k 27.46  | 2.939    34.367    34.906    0.3464    0.7000 | 0.158    98.200    0.990 | 0.264     95.000    0.975 | 14 hr 12 min 
0.00030 34.00 k 27.62  | 2.933    34.501    34.906    0.3470    0.6000 | 0.176    97.400    0.986 | 0.270     95.000    0.975 | 14 hr 17 min 
0.00030 34.20 k 27.78  | 2.938    34.501    34.906    0.3470    0.8000 | 0.185    97.800    0.988 | 0.155     95.000    0.975 | 14 hr 22 min 
0.00030 34.40 k 27.95  | 2.940    34.367    34.906    0.3461    0.7000 | 0.166    98.000    0.988 | 0.102     100.000    1.000 | 14 hr 27 min 
0.00030 34.60 k 28.11  | 2.950    34.501    34.906    0.3470    0.6000 | 0.186    97.500    0.985 | 0.188     90.000    0.942 | 14 hr 32 min 
0.00030 34.80 k 28.27  | 2.954    34.501    34.906    0.3470    0.6000 | 0.165    97.800    0.988 | 0.120     100.000    1.000 | 14 hr 37 min 
0.00030 35.00 k 28.43  | 2.955    34.501    34.906    0.3467    0.5000 | 0.184    98.200    0.991 | 0.202     95.000    0.975 | 14 hr 43 min 
0.00030 35.20 k 28.60  | 2.953    34.367    34.771    0.3457    0.6000 | 0.166    98.400    0.990 | 0.191     90.000    0.950 | 14 hr 48 min 
0.00030 35.40 k 28.76  | 2.961    34.501    34.906    0.3470    0.7000 | 0.177    97.800    0.986 | 0.287     95.000    0.950 | 14 hr 53 min 
0.00030 35.60 k 28.92  | 2.944    34.636    35.040    0.3484    0.7000 | 0.167    98.500    0.991 | 0.099     100.000    1.000 | 14 hr 58 min 
0.00030 35.80 k 29.08  | 2.969    34.501    34.771    0.3464    0.7000 | 0.161    98.100    0.990 | 0.181     95.000    0.975 | 15 hr 03 min 
0.00030 36.00 k 29.25  | 2.948    34.501    34.906    0.3470    0.7000 | 0.181    97.900    0.987 | 0.309     95.000    0.950 | 15 hr 08 min 
0.00030 36.20 k 29.41  | 2.955    34.367    34.771    0.3457    0.7000 | 0.171    97.400    0.985 | 0.225     90.000    0.950 | 15 hr 13 min 
0.00030 36.40 k 29.57  | 2.956    34.501    34.906    0.3467    0.7000 | 0.170    97.700    0.988 | 0.310     100.000    1.000 | 15 hr 18 min 
0.00030 36.60 k 29.73  | 2.960    34.636    34.906    0.3475    0.6000 | 0.172    98.200    0.988 | 0.256     100.000    1.000 | 15 hr 23 min 
0.00030 36.80 k 29.90  | 2.970    34.501    34.906    0.3466    0.8000 | 0.170    98.400    0.991 | 0.160     100.000    1.000 | 15 hr 28 min 
0.00030 37.00 k 30.06  | 2.973    34.367    34.906    0.3464    0.8000 | 0.160    98.400    0.992 | 0.151     100.000    1.000 | 15 hr 33 min 
0.00030 37.20 k 30.22  | 2.973    34.367    34.906    0.3464    0.8000 | 0.171    98.100    0.990 | 0.198     100.000    1.000 | 15 hr 38 min 
0.00030 37.40 k 30.38  | 2.978    34.501    34.906    0.3470    0.6000 | 0.174    97.900    0.987 | 0.119     100.000    1.000 | 15 hr 43 min 
0.00030 37.60 k 30.55  | 2.973    34.501    34.906    0.3470    0.7000 | 0.172    97.200    0.984 | 0.215     100.000    1.000 | 15 hr 48 min 
0.00030 37.80 k 30.71  | 2.976    34.501    34.906    0.3470    0.6000 | 0.178    97.900    0.988 | 0.212     100.000    1.000 | 15 hr 53 min 
0.00030 38.00 k 30.87  | 2.969    34.367    34.906    0.3464    0.6000 | 0.197    96.300    0.979 | 0.144     100.000    1.000 | 15 hr 58 min 
0.00030 38.20 k 31.03  | 2.984    34.501    34.906    0.3470    0.7000 | 0.181    98.000    0.988 | 0.239     100.000    1.000 | 16 hr 03 min 
0.00030 38.40 k 31.20  | 2.996    34.367    34.771    0.3457    0.7000 | 0.174    98.500    0.990 | 0.293     95.000    0.975 | 16 hr 08 min 
0.00030 38.60 k 31.36  | 3.005    34.232    34.906    0.3455    0.7000 | 0.171    98.100    0.990 | 0.153     100.000    1.000 | 16 hr 13 min 
0.00030 38.80 k 31.52  | 3.002    34.367    34.906    0.3464    0.7000 | 0.178    97.600    0.986 | 0.162     95.000    0.967 | 16 hr 19 min 
0.00030 39.00 k 31.68  | 3.001    34.501    34.906    0.3468    0.8000 | 0.168    98.000    0.989 | 0.146     100.000    1.000 | 16 hr 23 min 
0.00030 39.20 k 31.85  | 2.998    34.501    34.906    0.3470    0.6000 | 0.161    98.100    0.989 | 0.241     95.000    0.975 | 16 hr 28 min 
0.00030 39.40 k 32.01  | 2.997    34.367    34.906    0.3464    0.6000 | 0.172    97.100    0.983 | 0.174     95.000    0.975 | 16 hr 34 min 
0.00030 39.60 k 32.17  | 3.002    34.367    34.771    0.3457    0.7000 | 0.160    97.900    0.988 | 0.172     100.000    1.000 | 16 hr 39 min 
0.00030 39.80 k 32.33  | 3.011    34.501    34.906    0.3467    0.7000 | 0.164    98.200    0.989 | 0.229     100.000    1.000 | 16 hr 44 min 
0.00030 40.00 k 32.50  | 3.005    34.501    34.906    0.3470    0.6000 | 0.160    98.300    0.990 | 0.178     100.000    1.000 | 16 hr 49 min 
0.00030 40.20 k 32.66  | 3.007    34.367    35.040    0.3470    0.8000 | 0.171    97.100    0.984 | 0.484     90.000    0.925 | 16 hr 54 min 
0.00030 40.40 k 32.82  | 3.015    34.367    34.906    0.3464    0.9000 | 0.162    97.900    0.989 | 0.119     100.000    1.000 | 16 hr 59 min 
0.00030 40.60 k 32.98  | 3.011    34.232    34.906    0.3457    0.7000 | 0.164    97.900    0.988 | 0.132     95.000    0.975 | 17 hr 04 min 
