 start_time :2020-01-19 23:29:27 
 batch_size :5 
 rate     iter   epoch  | valid   top@1    top@5    map@5  | train    top@1    top@5    map@5 | batch    top@1    top@5    map@5 |  time          
---------------------------------------------------------------------------------------------------------------------------------------------------------------------------
0.00030  0.00 k  0.00  | 1.683    30.997    30.997    0.3100    0.6000 | 0.000    0.000    0.000 | 0.000     0.000    0.000 |  0 hr 00 min 
0.00030  0.20 k  0.15  | 1.436    30.997    30.997    0.3100    0.6000 | 1.655    0.100    0.004 | 1.616     0.000    0.000 |  0 hr 05 min 
0.00030  0.40 k  0.30  | 1.465    30.997    31.132    0.3103    0.6000 | 1.687    0.200    0.004 | 1.985     0.000    0.000 |  0 hr 10 min 
0.00030  0.60 k  0.45  | 1.515    30.997    31.267    0.3108    0.7000 | 1.687    0.400    0.007 | 1.560     0.000    0.000 |  0 hr 14 min 
0.00030  0.80 k  0.61  | 1.523    30.997    31.267    0.3113    0.6000 | 1.684    0.900    0.014 | 1.462     0.000    0.000 |  0 hr 19 min 
0.00030  1.00 k  0.76  | 1.641    30.997    31.806    0.3123    0.7000 | 1.700    1.200    0.033 | 1.834     0.000    0.000 |  0 hr 24 min 
0.00030  1.20 k  0.91  | 1.506    30.997    32.075    0.3142    0.6000 | 1.684    5.300    0.080 | 1.544     0.000    0.067 |  0 hr 29 min 
0.00030  1.40 k  1.06  | 1.505    30.997    32.345    0.3146    0.7000 | 1.645    4.800    0.083 | 1.525     0.000    0.025 |  0 hr 33 min 
0.00030  1.60 k  1.21  | 1.645    30.997    33.288    0.3184    0.7000 | 1.654    7.200    0.109 | 1.582     10.000    0.150 |  0 hr 38 min 
0.00030  1.80 k  1.36  | 1.508    31.132    33.423    0.3208    0.6000 | 1.631    7.700    0.117 | 1.489     15.000    0.198 |  0 hr 43 min 
0.00030  2.00 k  1.52  | 1.540    30.997    35.445    0.3285    0.7000 | 1.599    9.400    0.141 | 1.524     10.000    0.150 |  0 hr 48 min 
0.00030  2.20 k  1.67  | 1.526    30.997    35.849    0.3284    0.6000 | 1.587    12.200    0.177 | 1.525     10.000    0.142 |  0 hr 52 min 
0.00030  2.40 k  1.82  | 1.610    31.267    36.119    0.3339    0.7000 | 1.567    15.400    0.213 | 1.668     5.000    0.117 |  0 hr 57 min 
0.00030  2.60 k  1.97  | 1.631    31.806    36.119    0.3361    0.7000 | 1.542    18.200    0.258 | 1.462     10.000    0.135 |  1 hr 02 min 
0.00030  2.80 k  2.12  | 1.574    31.536    36.658    0.3378    0.6000 | 1.525    24.400    0.329 | 1.571     25.000    0.368 |  1 hr 06 min 
0.00030  3.00 k  2.27  | 1.607    32.210    36.792    0.3435    0.7000 | 1.471    30.900    0.403 | 1.377     40.000    0.497 |  1 hr 11 min 
0.00030  3.20 k  2.42  | 1.626    33.288    37.332    0.3521    0.7000 | 1.413    39.200    0.477 | 1.392     50.000    0.602 |  1 hr 16 min 
0.00030  3.40 k  2.58  | 1.600    33.288    37.197    0.3520    0.7000 | 1.386    40.900    0.499 | 1.309     60.000    0.627 |  1 hr 20 min 
0.00030  3.60 k  2.73  | 1.639    35.040    37.197    0.3608    0.7000 | 1.360    46.100    0.545 | 1.200     75.000    0.775 |  1 hr 25 min 
0.00030  3.80 k  2.88  | 1.570    35.040    37.197    0.3612    0.7000 | 1.319    53.400    0.613 | 1.165     70.000    0.792 |  1 hr 30 min 
0.00030  4.00 k  3.03  | 1.555    35.714    37.466    0.3648    0.6000 | 1.261    54.900    0.627 | 1.251     55.000    0.631 |  1 hr 35 min 
0.00030  4.20 k  3.18  | 1.571    36.253    37.601    0.3687    0.7000 | 1.202    60.300    0.677 | 1.117     55.000    0.637 |  1 hr 39 min 
0.00030  4.40 k  3.33  | 1.545    36.253    37.466    0.3681    0.7000 | 1.161    63.200    0.699 | 1.209     60.000    0.700 |  1 hr 44 min 
0.00030  4.60 k  3.49  | 1.562    35.984    37.601    0.3674    0.7000 | 1.177    65.500    0.725 | 1.133     65.000    0.747 |  1 hr 49 min 
0.00030  4.80 k  3.64  | 1.593    36.523    37.466    0.3697    0.7000 | 1.111    66.300    0.736 | 1.096     65.000    0.739 |  1 hr 53 min 
0.00030  5.00 k  3.79  | 1.569    36.792    37.466    0.3713    0.6000 | 1.038    74.100    0.801 | 0.996     85.000    0.872 |  1 hr 58 min 
0.00030  5.20 k  3.94  | 1.562    36.523    37.601    0.3703    0.6000 | 1.035    74.900    0.809 | 1.048     70.000    0.767 |  2 hr 03 min 
0.00030  5.40 k  4.09  | 1.597    37.062    37.601    0.3731    0.7000 | 0.961    78.700    0.842 | 1.083     70.000    0.833 |  2 hr 08 min 
0.00030  5.60 k  4.24  | 1.599    36.927    37.601    0.3721    0.6000 | 0.974    77.800    0.840 | 0.883     70.000    0.772 |  2 hr 12 min 
0.00030  5.80 k  4.40  | 1.609    37.062    37.601    0.3733    0.6000 | 0.913    81.700    0.873 | 0.820     90.000    0.938 |  2 hr 17 min 
0.00030  6.00 k  4.55  | 1.616    37.197    37.601    0.3740    0.7000 | 0.881    84.000    0.893 | 0.907     80.000    0.838 |  2 hr 22 min 
0.00030  6.20 k  4.70  | 1.623    37.062    37.601    0.3733    0.6000 | 0.861    82.200    0.879 | 0.934     70.000    0.783 |  2 hr 27 min 
0.00030  6.40 k  4.85  | 1.646    37.332    37.601    0.3747    0.6000 | 0.823    86.700    0.913 | 0.769     95.000    0.950 |  2 hr 31 min 
0.00030  6.60 k  5.00  | 1.663    37.332    37.601    0.3747    0.6000 | 0.760    88.200    0.921 | 0.695     95.000    0.960 |  2 hr 36 min 
0.00030  6.80 k  5.15  | 1.707    37.197    37.601    0.3740    0.7000 | 0.746    90.500    0.938 | 0.701     90.000    0.938 |  2 hr 41 min 
0.00030  7.00 k  5.30  | 1.694    37.332    37.601    0.3747    0.6000 | 0.719    88.800    0.928 | 0.694     85.000    0.887 |  2 hr 45 min 
0.00030  7.20 k  5.46  | 1.713    37.332    37.601    0.3747    0.6000 | 0.676    92.300    0.948 | 0.631     90.000    0.942 |  2 hr 50 min 
0.00030  7.40 k  5.61  | 1.743    37.466    37.601    0.3753    0.7000 | 0.673    91.400    0.947 | 0.600     95.000    0.975 |  2 hr 55 min 
0.00030  7.60 k  5.76  | 1.777    37.062    37.601    0.3733    0.6000 | 0.645    92.700    0.956 | 0.687     95.000    0.967 |  3 hr 00 min 
0.00030  7.80 k  5.91  | 1.782    37.466    37.601    0.3753    0.7000 | 0.630    92.800    0.950 | 0.830     85.000    0.875 |  3 hr 04 min 
0.00030  8.00 k  6.06  | 1.842    37.197    37.601    0.3740    0.7000 | 0.619    92.800    0.951 | 0.553     90.000    0.942 |  3 hr 09 min 
0.00030  8.20 k  6.21  | 1.852    37.332    37.601    0.3747    0.7000 | 0.571    94.800    0.968 | 0.611     100.000    1.000 |  3 hr 14 min 
0.00030  8.40 k  6.37  | 1.861    37.466    37.601    0.3753    0.6000 | 0.570    93.900    0.961 | 0.731     90.000    0.917 |  3 hr 19 min 
0.00030  8.60 k  6.52  | 1.917    37.332    37.601    0.3747    0.6000 | 0.547    94.100    0.962 | 0.481     100.000    1.000 |  3 hr 23 min 
0.00030  8.80 k  6.67  | 1.935    37.332    37.601    0.3747    0.6000 | 0.499    96.400    0.978 | 0.472     95.000    0.975 |  3 hr 28 min 
0.00030  9.00 k  6.82  | 1.940    37.466    37.601    0.3753    0.6000 | 0.500    95.500    0.972 | 0.469     100.000    1.000 |  3 hr 33 min 
0.00030  9.20 k  6.97  | 1.964    37.332    37.736    0.3750    0.6000 | 0.521    96.100    0.971 | 0.518     100.000    1.000 |  3 hr 38 min 
0.00030  9.40 k  7.12  | 1.971    37.466    37.601    0.3753    0.6000 | 0.517    95.600    0.970 | 0.440     95.000    0.967 |  3 hr 42 min 
0.00030  9.60 k  7.27  | 2.007    37.466    37.601    0.3753    0.6000 | 0.476    95.000    0.966 | 0.342     95.000    0.975 |  3 hr 47 min 
0.00030  9.80 k  7.43  | 2.029    37.466    37.601    0.3753    0.6000 | 0.502    94.900    0.968 | 0.411     95.000    0.975 |  3 hr 52 min 
0.00030 10.00 k  7.58  | 2.042    37.466    37.601    0.3753    0.7000 | 0.472    94.700    0.967 | 0.480     100.000    1.000 |  3 hr 57 min 
0.00030 10.20 k  7.73  | 2.072    37.466    37.601    0.3753    0.7000 | 0.456    95.600    0.972 | 0.358     100.000    1.000 |  4 hr 01 min 
0.00030 10.40 k  7.88  | 2.081    37.601    37.601    0.3760    0.8000 | 0.452    96.200    0.973 | 0.513     95.000    0.967 |  4 hr 06 min 
0.00030 10.60 k  8.03  | 2.116    37.466    37.601    0.3753    0.7000 | 0.430    96.800    0.977 | 0.485     95.000    0.975 |  4 hr 11 min 
0.00030 10.80 k  8.18  | 2.124    37.466    37.601    0.3753    0.7000 | 0.440    95.800    0.971 | 0.422     95.000    0.950 |  4 hr 15 min 
0.00030 11.00 k  8.34  | 2.170    37.466    37.601    0.3753    0.7000 | 0.421    97.200    0.980 | 0.283     100.000    1.000 |  4 hr 20 min 
0.00030 11.20 k  8.49  | 2.174    37.466    37.601    0.3753    0.8000 | 0.418    96.300    0.976 | 0.712     90.000    0.910 |  4 hr 25 min 
0.00030 11.40 k  8.64  | 2.193    37.466    37.601    0.3753    0.6000 | 0.401    97.400    0.982 | 0.397     95.000    0.963 |  4 hr 30 min 
0.00030 11.60 k  8.79  | 2.169    37.601    37.601    0.3760    0.8000 | 0.401    96.200    0.975 | 0.377     95.000    0.975 |  4 hr 34 min 
0.00030 11.80 k  8.94  | 2.191    37.332    37.601    0.3747    0.7000 | 0.387    96.800    0.979 | 0.277     100.000    1.000 |  4 hr 39 min 
0.00030 12.00 k  9.09  | 2.232    37.466    37.736    0.3756    0.8000 | 0.378    96.700    0.980 | 0.341     100.000    1.000 |  4 hr 44 min 
0.00030 12.20 k  9.24  | 2.247    37.466    37.601    0.3753    0.7000 | 0.374    97.100    0.980 | 0.679     95.000    0.950 |  4 hr 48 min 
0.00030 12.40 k  9.40  | 2.250    37.466    37.601    0.3753    0.6000 | 0.365    96.900    0.980 | 0.293     100.000    1.000 |  4 hr 53 min 
0.00030 12.60 k  9.55  | 2.274    37.466    37.601    0.3753    0.7000 | 0.370    97.300    0.982 | 0.307     100.000    1.000 |  4 hr 58 min 
0.00030 12.80 k  9.70  | 2.265    37.466    37.601    0.3753    0.6000 | 0.369    95.700    0.971 | 0.404     95.000    0.950 |  5 hr 03 min 
0.00030 13.00 k  9.85  | 2.284    37.466    37.601    0.3753    0.6000 | 0.365    97.600    0.985 | 0.376     100.000    1.000 |  5 hr 07 min 
0.00030 13.20 k 10.00  | 2.293    37.466    37.601    0.3753    0.8000 | 0.353    97.000    0.981 | 0.393     95.000    0.950 |  5 hr 12 min 
0.00030 13.40 k 10.15  | 2.313    37.601    37.601    0.3760    0.9000 | 0.372    97.100    0.979 | 0.487     90.000    0.942 |  5 hr 17 min 
0.00030 13.60 k 10.31  | 2.326    37.466    37.601    0.3753    0.7000 | 0.342    97.900    0.985 | 0.327     100.000    1.000 |  5 hr 22 min 
0.00030 13.80 k 10.46  | 2.328    37.601    37.601    0.3760    0.8000 | 0.336    97.800    0.985 | 0.294     100.000    1.000 |  5 hr 26 min 
0.00030 14.00 k 10.61  | 2.332    37.466    37.601    0.3753    0.7000 | 0.358    97.700    0.983 | 0.442     100.000    1.000 |  5 hr 31 min 
0.00030 14.20 k 10.76  | 2.340    37.466    37.601    0.3753    0.7000 | 0.323    97.200    0.982 | 0.401     90.000    0.942 |  5 hr 36 min 
0.00030 14.40 k 10.91  | 2.352    37.466    37.601    0.3753    0.8000 | 0.324    97.400    0.984 | 0.455     90.000    0.950 |  5 hr 41 min 
0.00030 14.60 k 11.06  | 2.355    37.466    37.601    0.3753    0.6000 | 0.303    96.700    0.981 | 0.232     100.000    1.000 |  5 hr 45 min 
0.00030 14.80 k 11.22  | 2.374    37.466    37.601    0.3753    0.6000 | 0.345    97.900    0.985 | 0.245     100.000    1.000 |  5 hr 50 min 
0.00030 15.00 k 11.37  | 2.366    37.466    37.736    0.3758    0.6000 | 0.327    96.900    0.979 | 0.364     90.000    0.925 |  5 hr 55 min 
0.00030 15.20 k 11.52  | 2.376    37.466    37.736    0.3756    0.6000 | 0.323    97.500    0.985 | 0.240     90.000    0.942 |  5 hr 59 min 
0.00030 15.40 k 11.67  | 2.363    37.466    37.736    0.3756    0.7000 | 0.328    97.800    0.986 | 0.371     100.000    1.000 |  6 hr 04 min 
0.00030 15.60 k 11.82  | 2.378    37.466    37.601    0.3753    0.6000 | 0.292    97.200    0.982 | 0.332     95.000    0.975 |  6 hr 09 min 
0.00030 15.80 k 11.97  | 2.381    37.601    37.601    0.3760    0.7000 | 0.318    97.100    0.980 | 0.262     100.000    1.000 |  6 hr 13 min 
0.00030 16.00 k 12.12  | 2.386    37.466    37.601    0.3753    0.7000 | 0.322    96.800    0.978 | 0.314     100.000    1.000 |  6 hr 18 min 
0.00030 16.20 k 12.28  | 2.381    37.466    37.601    0.3753    0.7000 | 0.312    97.800    0.986 | 0.252     100.000    1.000 |  6 hr 23 min 
0.00030 16.40 k 12.43  | 2.373    37.466    37.736    0.3756    0.5000 | 0.353    97.000    0.979 | 0.299     100.000    1.000 |  6 hr 28 min 
0.00030 16.60 k 12.58  | 2.369    37.466    37.601    0.3753    0.6000 | 0.288    97.900    0.984 | 0.434     95.000    0.950 |  6 hr 32 min 
0.00030 16.80 k 12.73  | 2.366    37.466    37.601    0.3753    0.6000 | 0.341    96.700    0.978 | 0.396     95.000    0.967 |  6 hr 37 min 
0.00030 17.00 k 12.88  | 2.377    37.466    37.601    0.3753    0.7000 | 0.294    97.400    0.983 | 0.238     100.000    1.000 |  6 hr 42 min 
0.00030 17.20 k 13.03  | 2.375    37.332    37.601    0.3747    0.6000 | 0.314    97.000    0.980 | 0.295     100.000    1.000 |  6 hr 47 min 
0.00030 17.40 k 13.19  | 2.390    37.466    37.601    0.3753    0.7000 | 0.312    96.100    0.975 | 0.215     100.000    1.000 |  6 hr 51 min 
0.00030 17.60 k 13.34  | 2.389    37.466    37.601    0.3753    0.7000 | 0.295    98.100    0.988 | 0.524     95.000    0.950 |  6 hr 56 min 
0.00030 17.80 k 13.49  | 2.386    37.466    37.736    0.3760    0.7000 | 0.292    98.200    0.990 | 0.260     100.000    1.000 |  7 hr 01 min 
0.00030 18.00 k 13.64  | 2.387    37.466    37.601    0.3753    0.8000 | 0.303    97.600    0.985 | 0.220     100.000    1.000 |  7 hr 05 min 
0.00030 18.20 k 13.79  | 2.373    37.466    37.601    0.3753    0.8000 | 0.304    97.600    0.984 | 0.259     100.000    1.000 |  7 hr 10 min 
0.00030 18.40 k 13.94  | 2.377    37.332    37.601    0.3747    0.8000 | 0.313    96.800    0.977 | 0.488     95.000    0.975 |  7 hr 15 min 
0.00030 18.60 k 14.09  | 2.386    37.466    37.601    0.3753    0.7000 | 0.295    97.100    0.983 | 0.251     100.000    1.000 |  7 hr 20 min 
0.00030 18.80 k 14.25  | 2.384    37.601    37.736    0.3767    0.8000 | 0.289    97.600    0.985 | 0.180     100.000    1.000 |  7 hr 24 min 
0.00030 19.00 k 14.40  | 2.387    37.466    37.601    0.3753    0.7000 | 0.263    98.500    0.990 | 0.358     95.000    0.950 |  7 hr 29 min 
0.00030 19.20 k 14.55  | 2.395    37.601    37.601    0.3760    0.8000 | 0.281    97.500    0.985 | 0.253     100.000    1.000 |  7 hr 34 min 
0.00030 19.40 k 14.70  | 2.392    37.601    37.601    0.3760    0.8000 | 0.268    98.200    0.989 | 0.195     100.000    1.000 |  7 hr 38 min 
0.00030 19.60 k 14.85  | 2.399    37.466    37.601    0.3753    0.8000 | 0.288    97.700    0.985 | 0.208     95.000    0.967 |  7 hr 43 min 
0.00030 19.80 k 15.00  | 2.413    37.466    37.601    0.3753    0.8000 | 0.279    98.100    0.988 | 0.335     100.000    1.000 |  7 hr 48 min 
0.00030 20.00 k 15.16  | 2.415    37.466    37.601    0.3753    0.6000 | 0.292    97.400    0.982 | 0.207     100.000    1.000 |  7 hr 52 min 
0.00030 20.20 k 15.31  | 2.408    37.466    37.601    0.3753    0.8000 | 0.272    97.400    0.984 | 0.209     100.000    1.000 |  7 hr 57 min 
0.00030 20.40 k 15.46  | 2.417    37.466    37.601    0.3753    0.9000 | 0.299    96.900    0.980 | 0.167     100.000    1.000 |  8 hr 02 min 
0.00030 20.60 k 15.61  | 2.424    37.466    37.601    0.3753    0.8000 | 0.287    97.200    0.983 | 0.298     95.000    0.975 |  8 hr 06 min 
0.00030 20.80 k 15.76  | 2.429    37.466    37.601    0.3753    0.7000 | 0.271    97.700    0.986 | 0.273     100.000    1.000 |  8 hr 11 min 
0.00030 21.00 k 15.91  | 2.437    37.466    37.601    0.3753    0.8000 | 0.264    97.700    0.985 | 0.174     100.000    1.000 |  8 hr 16 min 
0.00030 21.20 k 16.06  | 2.440    37.466    37.601    0.3753    0.8000 | 0.271    97.200    0.983 | 0.168     100.000    1.000 |  8 hr 20 min 
0.00030 21.40 k 16.22  | 2.443    37.466    37.601    0.3753    0.6000 | 0.282    97.300    0.982 | 0.321     95.000    0.967 |  8 hr 25 min 
0.00030 21.60 k 16.37  | 2.436    37.466    37.736    0.3756    0.6000 | 0.287    97.400    0.983 | 0.455     95.000    0.975 |  8 hr 30 min 
0.00030 21.80 k 16.52  | 2.443    37.466    37.601    0.3753    0.8000 | 0.282    98.000    0.987 | 0.259     100.000    1.000 |  8 hr 35 min 
0.00030 22.00 k 16.67  | 2.457    37.466    37.601    0.3753    0.8000 | 0.272    97.200    0.981 | 0.200     100.000    1.000 |  8 hr 39 min 
0.00030 22.20 k 16.82  | 2.459    37.466    37.601    0.3753    0.6000 | 0.277    97.700    0.985 | 0.172     100.000    1.000 |  8 hr 44 min 
0.00030 22.40 k 16.97  | 2.464    37.601    37.601    0.3760    0.9000 | 0.275    97.000    0.981 | 0.231     95.000    0.975 |  8 hr 49 min 
0.00030 22.60 k 17.13  | 2.469    37.466    37.601    0.3753    0.9000 | 0.291    96.300    0.976 | 0.240     95.000    0.960 |  8 hr 54 min 
0.00030 22.80 k 17.28  | 2.469    37.466    37.601    0.3753    0.8000 | 0.252    97.500    0.985 | 0.131     100.000    1.000 |  8 hr 58 min 
0.00030 23.00 k 17.43  | 2.474    37.466    37.601    0.3753    0.8000 | 0.266    97.400    0.985 | 0.199     95.000    0.975 |  9 hr 03 min 
0.00030 23.20 k 17.58  | 2.475    37.466    37.601    0.3753    0.8000 | 0.266    98.000    0.988 | 0.360     95.000    0.967 |  9 hr 08 min 
0.00030 23.40 k 17.73  | 2.477    37.466    37.601    0.3753    0.6000 | 0.273    97.600    0.986 | 0.309     95.000    0.975 |  9 hr 12 min 
0.00030 23.60 k 17.88  | 2.484    37.601    37.601    0.3760    0.9000 | 0.282    97.500    0.984 | 0.217     100.000    1.000 |  9 hr 17 min 
0.00030 23.80 k 18.04  | 2.498    37.466    37.601    0.3753    0.7000 | 0.261    97.100    0.984 | 0.184     100.000    1.000 |  9 hr 22 min 
0.00030 24.00 k 18.19  | 2.499    37.466    37.601    0.3753    0.7000 | 0.254    97.900    0.987 | 0.360     95.000    0.975 |  9 hr 27 min 
0.00030 24.20 k 18.34  | 2.506    37.466    37.736    0.3756    0.7000 | 0.270    97.500    0.986 | 0.153     100.000    1.000 |  9 hr 31 min 
0.00030 24.40 k 18.49  | 2.510    37.332    37.601    0.3747    0.7000 | 0.246    98.400    0.991 | 0.146     95.000    0.975 |  9 hr 36 min 
0.00030 24.60 k 18.64  | 2.523    37.466    37.601    0.3753    0.6000 | 0.239    97.500    0.986 | 0.217     100.000    1.000 |  9 hr 41 min 
0.00030 24.80 k 18.79  | 2.516    37.466    37.736    0.3756    0.6000 | 0.245    97.600    0.986 | 0.212     100.000    1.000 |  9 hr 46 min 
0.00030 25.00 k 18.94  | 2.525    37.601    37.601    0.3760    0.9000 | 0.237    98.400    0.990 | 0.230     100.000    1.000 |  9 hr 50 min 
0.00030 25.20 k 19.10  | 2.537    37.466    37.601    0.3753    0.6000 | 0.256    97.000    0.983 | 0.233     95.000    0.975 |  9 hr 55 min 
0.00030 25.40 k 19.25  | 2.541    37.601    37.601    0.3760    0.7000 | 0.252    97.800    0.987 | 0.198     100.000    1.000 | 10 hr 00 min 
0.00030 25.60 k 19.40  | 2.541    37.466    37.601    0.3753    0.8000 | 0.254    97.200    0.983 | 0.339     100.000    1.000 | 10 hr 04 min 
0.00030 25.80 k 19.55  | 2.530    37.466    37.601    0.3753    0.6000 | 0.235    97.800    0.987 | 0.186     100.000    1.000 | 10 hr 09 min 
0.00030 26.00 k 19.70  | 2.540    37.332    37.601    0.3747    0.6000 | 0.221    98.600    0.992 | 0.151     100.000    1.000 | 10 hr 14 min 
0.00030 26.20 k 19.85  | 2.536    37.466    37.601    0.3753    0.7000 | 0.250    97.800    0.985 | 0.240     95.000    0.975 | 10 hr 19 min 
0.00030 26.40 k 20.01  | 2.544    37.601    37.601    0.3760    0.8000 | 0.242    97.800    0.986 | 0.373     90.000    0.938 | 10 hr 23 min 
0.00030 26.60 k 20.16  | 2.551    37.466    37.601    0.3753    0.7000 | 0.237    98.100    0.988 | 0.195     100.000    1.000 | 10 hr 28 min 
0.00030 26.80 k 20.31  | 2.566    37.601    37.601    0.3760    0.9000 | 0.229    98.200    0.989 | 0.224     100.000    1.000 | 10 hr 33 min 
0.00030 27.00 k 20.46  | 2.563    37.466    37.601    0.3753    0.8000 | 0.250    97.300    0.984 | 0.179     100.000    1.000 | 10 hr 38 min 
0.00030 27.20 k 20.61  | 2.569    37.601    37.601    0.3760    0.9000 | 0.236    97.900    0.987 | 0.165     100.000    1.000 | 10 hr 42 min 
0.00030 27.40 k 20.76  | 2.576    37.332    37.601    0.3747    0.6000 | 0.248    97.700    0.985 | 0.258     100.000    1.000 | 10 hr 47 min 
0.00030 27.60 k 20.91  | 2.557    37.466    37.601    0.3753    0.8000 | 0.233    97.500    0.985 | 0.323     95.000    0.963 | 10 hr 52 min 
0.00030 27.80 k 21.07  | 2.571    37.601    37.601    0.3760    0.9000 | 0.243    97.300    0.984 | 0.467     90.000    0.942 | 10 hr 56 min 
0.00030 28.00 k 21.22  | 2.571    37.466    37.601    0.3753    0.7000 | 0.263    97.500    0.983 | 0.274     95.000    0.975 | 11 hr 01 min 
0.00030 28.20 k 21.37  | 2.577    37.601    37.601    0.3760    0.9000 | 0.226    98.000    0.989 | 0.167     100.000    1.000 | 11 hr 06 min 
0.00030 28.40 k 21.52  | 2.586    37.466    37.601    0.3753    0.7000 | 0.233    98.200    0.988 | 0.173     95.000    0.975 | 11 hr 11 min 
0.00030 28.60 k 21.67  | 2.581    37.332    37.601    0.3747    0.7000 | 0.226    98.000    0.988 | 0.261     95.000    0.975 | 11 hr 15 min 
0.00030 28.80 k 21.82  | 2.574    37.601    37.736    0.3763    0.9000 | 0.238    98.100    0.989 | 0.245     100.000    1.000 | 11 hr 20 min 
0.00030 29.00 k 21.98  | 2.579    37.466    37.601    0.3753    0.7000 | 0.236    97.200    0.982 | 0.200     95.000    0.975 | 11 hr 25 min 
0.00030 29.20 k 22.13  | 2.591    37.466    37.601    0.3753    0.7000 | 0.219    97.800    0.988 | 0.237     100.000    1.000 | 11 hr 29 min 
0.00030 29.40 k 22.28  | 2.603    37.466    37.601    0.3753    0.8000 | 0.245    97.800    0.986 | 0.154     95.000    0.975 | 11 hr 34 min 
0.00030 29.60 k 22.43  | 2.602    37.466    37.601    0.3753    0.8000 | 0.241    98.300    0.989 | 0.284     100.000    1.000 | 11 hr 39 min 
0.00030 29.80 k 22.58  | 2.605    37.601    37.601    0.3760    0.8000 | 0.229    97.600    0.985 | 0.490     95.000    0.950 | 11 hr 44 min 
0.00030 30.00 k 22.73  | 2.610    37.466    37.601    0.3753    0.6000 | 0.252    96.900    0.980 | 0.516     90.000    0.917 | 11 hr 48 min 
0.00030 30.20 k 22.88  | 2.625    37.466    37.601    0.3753    0.6000 | 0.212    98.700    0.992 | 0.149     100.000    1.000 | 11 hr 53 min 
0.00030 30.40 k 23.04  | 2.609    37.466    37.736    0.3758    0.7000 | 0.236    97.400    0.984 | 0.336     95.000    0.975 | 11 hr 58 min 
0.00030 30.60 k 23.19  | 2.620    37.466    37.601    0.3753    0.9000 | 0.240    97.600    0.986 | 0.267     95.000    0.975 | 12 hr 02 min 
0.00030 30.80 k 23.34  | 2.616    37.466    37.601    0.3753    0.8000 | 0.225    97.500    0.984 | 0.142     100.000    1.000 | 12 hr 07 min 
0.00030 31.00 k 23.49  | 2.621    37.466    37.601    0.3753    0.8000 | 0.230    96.900    0.981 | 0.229     100.000    1.000 | 12 hr 12 min 
0.00030 31.20 k 23.64  | 2.615    37.466    37.601    0.3753    0.8000 | 0.217    97.600    0.986 | 0.260     90.000    0.950 | 12 hr 17 min 
0.00030 31.40 k 23.79  | 2.615    37.601    37.601    0.3760    0.8000 | 0.225    97.900    0.987 | 0.144     100.000    1.000 | 12 hr 21 min 
0.00030 31.60 k 23.95  | 2.623    37.466    37.601    0.3753    0.7000 | 0.216    98.200    0.989 | 0.249     100.000    1.000 | 12 hr 26 min 
0.00030 31.80 k 24.10  | 2.623    37.466    37.601    0.3753    0.7000 | 0.233    97.100    0.983 | 0.475     95.000    0.950 | 12 hr 31 min 
0.00030 32.00 k 24.25  | 2.630    37.466    37.601    0.3753    0.7000 | 0.230    97.400    0.984 | 0.362     90.000    0.917 | 12 hr 36 min 
0.00030 32.20 k 24.40  | 2.635    37.466    37.601    0.3753    0.6000 | 0.220    97.900    0.988 | 0.238     95.000    0.975 | 12 hr 40 min 
0.00030 32.40 k 24.55  | 2.650    37.466    37.601    0.3753    0.7000 | 0.220    98.000    0.987 | 0.338     95.000    0.950 | 12 hr 45 min 
0.00030 32.60 k 24.70  | 2.641    37.466    37.601    0.3753    0.8000 | 0.211    97.100    0.984 | 0.189     95.000    0.975 | 12 hr 50 min 
0.00030 32.80 k 24.86  | 2.647    37.466    37.736    0.3757    0.7000 | 0.218    97.900    0.988 | 0.160     100.000    1.000 | 12 hr 54 min 
0.00030 33.00 k 25.01  | 2.646    37.466    37.601    0.3753    0.7000 | 0.217    98.400    0.989 | 0.382     95.000    0.950 | 12 hr 59 min 
0.00030 33.20 k 25.16  | 2.655    37.466    37.601    0.3753    0.6000 | 0.259    97.200    0.981 | 0.137     100.000    1.000 | 13 hr 04 min 
