 start_time :2020-01-22 00:24:19 
 batch_size :5 
  start from70000, l_rate =3e-05 
freeze=True, batch_size=5, min_num_class=0 
 rate     iter   epoch  | valid   top@1    top@5    map@5  | train    top@1    top@5    map@5 | batch    top@1    top@5    map@5 |  time          
---------------------------------------------------------------------------------------------------------------------------------------------------------------------------
0.00003 70.00 k 53.04  | 1.337    72.372    90.431    0.7996    0.4000 | 0.000    0.000    0.000 | 0.000     0.000    0.000 |  0 hr 00 min 
0.00003 70.20 k 53.20  | 1.307    74.663    92.722    0.8241    0.4000 | 1.303    51.200    0.653 | 1.223     65.000    0.767 |  0 hr 04 min 
0.00003 70.40 k 53.35  | 1.303    80.593    94.070    0.8652    0.4000 | 1.310    49.000    0.652 | 1.284     55.000    0.713 |  0 hr 08 min 
0.00003 70.60 k 53.50  | 1.306    81.402    94.070    0.8710    0.4000 | 1.323    46.700    0.623 | 1.340     50.000    0.592 |  0 hr 11 min 
0.00003 70.80 k 53.65  | 1.312    80.728    93.801    0.8663    0.4000 | 1.351    40.300    0.574 | 1.408     45.000    0.492 |  0 hr 15 min 
0.00003 71.00 k 53.80  | 1.316    81.267    94.340    0.8724    0.4000 | 1.355    39.900    0.569 | 1.438     35.000    0.521 |  0 hr 18 min 
0.00003 71.20 k 53.95  | 1.318    79.380    95.283    0.8655    0.4000 | 1.325    42.400    0.620 | 1.442     40.000    0.550 |  0 hr 22 min 
0.00003 71.40 k 54.11  | 1.325    76.954    95.283    0.8547    0.4000 | 1.328    39.000    0.606 | 1.285     40.000    0.675 |  0 hr 25 min 
0.00003 71.60 k 54.26  | 1.331    74.933    94.744    0.8426    0.4000 | 1.341    38.200    0.604 | 1.379     25.000    0.500 |  0 hr 29 min 
0.00003 71.80 k 54.41  | 1.336    72.237    95.418    0.8342    0.4000 | 1.360    35.300    0.580 | 1.366     30.000    0.562 |  0 hr 33 min 
0.00003 72.00 k 54.56  | 1.341    70.755    96.226    0.8300    0.4000 | 1.365    33.200    0.574 | 1.420     25.000    0.517 |  0 hr 36 min 
0.00003 72.20 k 54.71  | 1.349    66.577    95.553    0.8057    0.4000 | 1.344    35.400    0.598 | 1.361     40.000    0.675 |  0 hr 40 min 
0.00003 72.40 k 54.86  | 1.357    65.768    95.553    0.8002    0.4000 | 1.357    34.700    0.588 | 1.382     35.000    0.535 |  0 hr 44 min 
0.00003 72.60 k 55.01  | 1.362    64.420    95.283    0.7932    0.4000 | 1.382    31.500    0.562 | 1.314     40.000    0.650 |  0 hr 47 min 
0.00003 72.80 k 55.17  | 1.369    61.456    95.822    0.7802    0.4000 | 1.373    32.500    0.579 | 1.429     25.000    0.542 |  0 hr 51 min 
0.00003 73.00 k 55.32  | 1.373    58.895    96.631    0.7718    0.4000 | 1.389    29.900    0.555 | 1.343     35.000    0.592 |  0 hr 54 min 
0.00003 73.20 k 55.47  | 1.381    57.278    96.226    0.7619    0.4000 | 1.362    31.500    0.598 | 1.290     45.000    0.725 |  0 hr 58 min 
0.00003 73.40 k 55.62  | 1.385    54.178    95.957    0.7431    0.4000 | 1.402    28.900    0.555 | 1.435     25.000    0.575 |  1 hr 02 min 
0.00003 73.60 k 55.77  | 1.386    52.022    96.361    0.7360    0.4000 | 1.402    28.500    0.557 | 1.377     30.000    0.627 |  1 hr 05 min 
0.00003 73.80 k 55.92  | 1.389    51.078    96.226    0.7298    0.4000 | 1.404    29.600    0.553 | 1.379     30.000    0.550 |  1 hr 09 min 
0.00003 74.00 k 56.08  | 1.396    48.518    96.092    0.7169    0.4000 | 1.433    26.800    0.530 | 1.430     25.000    0.517 |  1 hr 12 min 
0.00003 74.20 k 56.23  | 1.398    47.709    96.496    0.7141    0.4000 | 1.411    27.700    0.561 | 1.405     25.000    0.567 |  1 hr 16 min 
0.00003 74.40 k 56.38  | 1.403    45.687    96.631    0.7030    0.4000 | 1.416    27.300    0.556 | 1.414     25.000    0.600 |  1 hr 20 min 
0.00003 74.60 k 56.53  | 1.404    44.744    96.092    0.6957    0.4000 | 1.428    26.300    0.544 | 1.475     25.000    0.575 |  1 hr 23 min 
0.00003 74.80 k 56.68  | 1.408    43.531    96.496    0.6938    0.4000 | 1.436    26.300    0.532 | 1.425     25.000    0.554 |  1 hr 27 min 
0.00003 75.00 k 56.83  | 1.410    42.857    96.496    0.6895    0.4000 | 1.444    27.000    0.525 | 1.461     25.000    0.467 |  1 hr 30 min 
0.00003 75.20 k 56.98  | 1.415    41.240    96.631    0.6828    0.4000 | 1.440    27.100    0.552 | 1.547     25.000    0.567 |  1 hr 34 min 
0.00003 75.40 k 57.14  | 1.416    40.970    96.496    0.6809    0.4000 | 1.438    26.400    0.554 | 1.479     25.000    0.512 |  1 hr 38 min 
0.00003 75.60 k 57.29  | 1.416    41.240    96.631    0.6830    0.4000 | 1.444    26.300    0.540 | 1.592     25.000    0.521 |  1 hr 41 min 
0.00003 75.80 k 57.44  | 1.418    39.623    96.496    0.6721    0.4000 | 1.443    26.800    0.536 | 1.462     30.000    0.512 |  1 hr 45 min 
0.00003 76.00 k 57.59  | 1.421    39.084    96.765    0.6722    0.4000 | 1.456    26.200    0.523 | 1.444     25.000    0.558 |  1 hr 48 min 
0.00003 76.20 k 57.74  | 1.425    38.679    96.765    0.6696    0.4000 | 1.435    26.100    0.561 | 1.463     30.000    0.575 |  1 hr 52 min 
0.00003 76.40 k 57.89  | 1.429    38.410    96.092    0.6623    0.4000 | 1.451    25.500    0.553 | 1.455     25.000    0.617 |  1 hr 56 min 
0.00003 76.60 k 58.05  | 1.430    37.197    96.361    0.6588    0.4000 | 1.450    26.000    0.546 | 1.496     25.000    0.517 |  1 hr 59 min 
0.00003 76.80 k 58.20  | 1.434    36.253    96.226    0.6546    0.4000 | 1.464    25.500    0.536 | 1.586     25.000    0.537 |  2 hr 03 min 
0.00003 77.00 k 58.35  | 1.438    36.658    96.496    0.6588    0.4000 | 1.477    25.400    0.524 | 1.428     25.000    0.542 |  2 hr 07 min 
0.00003 77.20 k 58.50  | 1.440    35.984    95.148    0.6486    0.4000 | 1.452    25.900    0.567 | 1.405     25.000    0.625 |  2 hr 10 min 
0.00003 77.40 k 58.65  | 1.441    35.849    94.879    0.6456    0.4000 | 1.469    25.700    0.554 | 1.554     25.000    0.546 |  2 hr 14 min 
0.00003 77.60 k 58.80  | 1.445    36.119    94.744    0.6480    0.4000 | 1.475    26.000    0.538 | 1.468     25.000    0.514 |  2 hr 17 min 
0.00003 77.80 k 58.96  | 1.447    35.445    94.744    0.6444    0.4000 | 1.466    25.300    0.533 | 1.497     25.000    0.537 |  2 hr 21 min 
0.00003 78.00 k 59.11  | 1.448    34.501    96.092    0.6459    0.4000 | 1.479    25.200    0.524 | 1.559     25.000    0.475 |  2 hr 25 min 
0.00003 78.20 k 59.26  | 1.452    34.636    96.226    0.6448    0.4000 | 1.460    25.200    0.566 | 1.418     25.000    0.542 |  2 hr 28 min 
0.00003 78.40 k 59.41  | 1.453    35.175    95.283    0.6426    0.4000 | 1.463    25.500    0.565 | 1.467     25.000    0.525 |  2 hr 32 min 
0.00003 78.60 k 59.56  | 1.452    34.501    95.553    0.6433    0.4000 | 1.471    25.400    0.545 | 1.485     25.000    0.467 |  2 hr 36 min 
0.00003 78.80 k 59.71  | 1.452    34.097    95.822    0.6410    0.4000 | 1.483    25.200    0.540 | 1.505     25.000    0.487 |  2 hr 39 min 
0.00003 79.00 k 59.86  | 1.457    33.154    96.226    0.6416    0.4000 | 1.492    25.100    0.519 | 1.500     25.000    0.463 |  2 hr 43 min 
0.00003 79.20 k 60.02  | 1.458    33.558    95.283    0.6372    0.4000 | 1.463    25.400    0.559 | 1.481     25.000    0.617 |  2 hr 46 min 
0.00003 79.40 k 60.17  | 1.457    33.693    95.822    0.6395    0.4000 | 1.472    25.100    0.546 | 1.483     25.000    0.529 |  2 hr 50 min 
0.00003 79.60 k 60.32  | 1.458    33.693    95.957    0.6400    0.4000 | 1.475    25.000    0.545 | 1.480     25.000    0.550 |  2 hr 53 min 
0.00003 79.80 k 60.47  | 1.459    61.860    68.598    0.6458    0.3000 | 1.480    25.300    0.536 | 1.489     25.000    0.533 |  2 hr 57 min 
0.00003 80.00 k 60.62  | 1.460    63.747    68.059    0.6576    0.3000 | 1.494    25.300    0.519 | 1.475     25.000    0.550 |  3 hr 00 min 
0.00003 80.20 k 60.77  | 1.460    62.668    68.868    0.6540    0.3000 | 1.467    25.200    0.562 | 1.461     25.000    0.537 |  3 hr 04 min 
0.00003 80.40 k 60.93  | 1.461    64.016    69.542    0.6638    0.3000 | 1.475    25.000    0.554 | 1.498     25.000    0.527 |  3 hr 08 min 
0.00003 80.60 k 61.08  | 1.462    64.825    69.272    0.6673    0.3000 | 1.492    25.100    0.535 | 1.491     25.000    0.510 |  3 hr 11 min 
0.00003 80.80 k 61.23  | 1.464    64.286    69.407    0.6649    0.3000 | 1.492    25.000    0.536 | 1.530     25.000    0.500 |  3 hr 15 min 
0.00003 81.00 k 61.38  | 1.462    66.173    70.620    0.6790    0.3000 | 1.485    25.200    0.522 | 1.444     25.000    0.542 |  3 hr 18 min 
0.00003 81.20 k 61.53  | 1.462    65.364    71.024    0.6770    0.3000 | 1.479    25.000    0.557 | 1.465     25.000    0.533 |  3 hr 22 min 
0.00003 81.40 k 61.68  | 1.463    65.903    71.563    0.6845    0.3000 | 1.483    25.000    0.545 | 1.566     25.000    0.554 |  3 hr 26 min 
0.00003 81.60 k 61.83  | 1.458    65.094    69.407    0.6699    0.3000 | 1.481    25.000    0.547 | 1.507     25.000    0.600 |  3 hr 29 min 
0.00003 81.80 k 61.99  | 1.460    67.116    72.642    0.6957    0.3000 | 1.481    25.100    0.531 | 1.476     25.000    0.550 |  3 hr 33 min 
0.00003 82.00 k 62.14  | 1.461    67.520    73.046    0.6999    0.3000 | 1.498    25.200    0.529 | 1.472     25.000    0.550 |  3 hr 36 min 
0.00003 82.20 k 62.29  | 1.465    66.712    73.854    0.6992    0.3000 | 1.469    25.100    0.557 | 1.406     25.000    0.600 |  3 hr 40 min 
0.00003 82.40 k 62.44  | 1.468    66.981    73.585    0.7003    0.3000 | 1.492    25.000    0.554 | 1.476     25.000    0.483 |  3 hr 44 min 
0.00003 82.60 k 62.59  | 1.468    66.442    73.720    0.6967    0.3000 | 1.486    25.000    0.548 | 1.492     25.000    0.554 |  3 hr 47 min 
0.00003 82.80 k 62.74  | 1.463    66.173    73.989    0.6958    0.3000 | 1.489    25.000    0.525 | 1.472     25.000    0.500 |  3 hr 51 min 
0.00003 83.00 k 62.90  | 1.463    67.116    73.585    0.6994    0.3000 | 1.499    25.000    0.516 | 1.503     25.000    0.542 |  3 hr 54 min 
0.00003 83.20 k 63.05  | 1.462    66.846    72.507    0.6954    0.3000 | 1.476    25.100    0.559 | 1.474     25.000    0.575 |  3 hr 58 min 
0.00003 83.40 k 63.20  | 1.467    68.194    73.585    0.7069    0.3000 | 1.488    25.000    0.541 | 1.541     25.000    0.510 |  4 hr 02 min 
0.00003 83.60 k 63.35  | 1.467    68.059    74.259    0.7057    0.3000 | 1.487    25.000    0.533 | 1.462     25.000    0.492 |  4 hr 05 min 
0.00003 83.80 k 63.50  | 1.464    68.329    73.854    0.7071    0.3000 | 1.485    25.100    0.530 | 1.477     25.000    0.542 |  4 hr 09 min 
0.00003 84.00 k 63.65  | 1.465    67.655    73.854    0.7016    0.3000 | 1.490    25.000    0.516 | 1.508     25.000    0.412 |  4 hr 12 min 
0.00003 84.20 k 63.80  | 1.468    69.137    76.954    0.7252    0.3000 | 1.475    25.000    0.558 | 1.525     25.000    0.483 |  4 hr 16 min 
0.00003 84.40 k 63.96  | 1.466    66.577    75.202    0.7015    0.3000 | 1.475    25.200    0.546 | 1.478     25.000    0.492 |  4 hr 19 min 
0.00003 84.60 k 64.11  | 1.466    67.251    73.989    0.7011    0.3000 | 1.491    25.100    0.531 | 1.536     25.000    0.497 |  4 hr 23 min 
0.00003 84.80 k 64.26  | 1.468    67.925    74.259    0.7071    0.3000 | 1.485    25.000    0.532 | 1.540     25.000    0.485 |  4 hr 27 min 
0.00003 85.00 k 64.41  | 1.467    69.003    75.606    0.7197    0.3000 | 1.492    25.000    0.500 | 1.460     25.000    0.508 |  4 hr 30 min 
0.00003 85.20 k 64.56  | 1.467    67.925    74.933    0.7111    0.3000 | 1.477    25.000    0.558 | 1.436     25.000    0.592 |  4 hr 34 min 
0.00003 85.40 k 64.71  | 1.461    66.712    73.450    0.6966    0.3000 | 1.472    25.000    0.545 | 1.546     25.000    0.517 |  4 hr 37 min 
0.00003 85.60 k 64.87  | 1.468    66.712    74.663    0.7027    0.3000 | 1.479    25.200    0.537 | 1.422     25.000    0.625 |  4 hr 41 min 
0.00003 85.80 k 65.02  | 1.461    65.094    72.642    0.6848    0.3000 | 1.498    25.000    0.521 | 1.516     25.000    0.487 |  4 hr 44 min 
0.00003 86.00 k 65.17  | 1.471    68.598    76.280    0.7218    0.3000 | 1.487    25.000    0.510 | 1.546     25.000    0.475 |  4 hr 48 min 
0.00003 86.20 k 65.32  | 1.479    66.307    75.741    0.7049    0.3000 | 1.477    25.000    0.549 | 1.485     25.000    0.560 |  4 hr 52 min 
0.00003 86.40 k 65.47  | 1.463    68.059    74.798    0.7104    0.3000 | 1.473    25.000    0.545 | 1.496     25.000    0.542 |  4 hr 55 min 
0.00003 86.60 k 65.62  | 1.465    67.520    75.337    0.7097    0.3000 | 1.486    25.000    0.531 | 1.560     25.000    0.452 |  4 hr 59 min 
0.00003 86.80 k 65.78  | 1.468    69.272    74.933    0.7181    0.3000 | 1.480    25.000    0.514 | 1.457     25.000    0.575 |  5 hr 02 min 
0.00003 87.00 k 65.93  | 1.469    69.407    76.550    0.7263    0.3000 | 1.480    25.000    0.514 | 1.503     25.000    0.512 |  5 hr 06 min 
0.00003 87.20 k 66.08  | 1.475    69.137    76.011    0.7220    0.3000 | 1.481    25.000    0.554 | 1.447     25.000    0.577 |  5 hr 10 min 
0.00003 87.40 k 66.23  | 1.458    68.059    74.663    0.7100    0.3000 | 1.475    25.000    0.548 | 1.409     25.000    0.550 |  5 hr 13 min 
0.00003 87.60 k 66.38  | 1.457    67.520    74.663    0.7066    0.3000 | 1.475    25.000    0.523 | 1.455     25.000    0.467 |  5 hr 17 min 
0.00003 87.80 k 66.53  | 1.459    69.677    76.011    0.7250    0.3000 | 1.485    25.000    0.507 | 1.509     25.000    0.577 |  5 hr 20 min 
0.00003 88.00 k 66.68  | 1.468    69.407    75.741    0.7226    0.3000 | 1.499    25.000    0.500 | 1.482     25.000    0.492 |  5 hr 24 min 
0.00003 88.20 k 66.84  | 1.465    67.655    76.280    0.7148    0.3000 | 1.480    25.000    0.545 | 1.554     25.000    0.500 |  5 hr 28 min 
0.00003 88.40 k 66.99  | 1.463    67.251    74.798    0.7058    0.3000 | 1.470    25.000    0.550 | 1.482     25.000    0.483 |  5 hr 31 min 
0.00003 88.60 k 67.14  | 1.466    67.251    73.989    0.7029    0.3000 | 1.474    25.000    0.522 | 1.568     25.000    0.418 |  5 hr 35 min 
0.00003 88.80 k 67.29  | 1.453    66.981    73.315    0.6971    0.3000 | 1.475    25.000    0.510 | 1.487     25.000    0.500 |  5 hr 38 min 
0.00003 89.00 k 67.44  | 1.456    68.868    75.202    0.7161    0.3000 | 1.494    25.000    0.512 | 1.520     25.000    0.575 |  5 hr 42 min 
0.00003 89.20 k 67.59  | 1.455    66.712    73.854    0.6986    0.3000 | 1.477    25.000    0.545 | 1.504     25.000    0.517 |  5 hr 45 min 
0.00003 89.40 k 67.75  | 1.460    66.038    73.585    0.6940    0.3000 | 1.476    25.100    0.535 | 1.468     25.000    0.520 |  5 hr 49 min 
0.00003 89.60 k 67.90  | 1.464    67.385    73.989    0.7026    0.3000 | 1.485    25.200    0.543 | 1.472     25.000    0.567 |  5 hr 53 min 
0.00003 89.80 k 68.05  | 1.444    65.768    71.968    0.6848    0.3000 | 1.487    25.000    0.497 | 1.474     25.000    0.479 |  5 hr 56 min 
0.00003 90.00 k 68.20  | 1.451    69.003    74.259    0.7143    0.3000 | 1.481    25.000    0.494 | 1.431     25.000    0.517 |  6 hr 00 min 
0.00003 90.20 k 68.35  | 1.456    67.925    74.124    0.7064    0.3000 | 1.474    25.000    0.544 | 1.493     25.000    0.575 |  6 hr 03 min 
0.00003 90.40 k 68.50  | 1.457    67.655    74.124    0.7043    0.3000 | 1.477    25.100    0.536 | 1.441     25.000    0.492 |  6 hr 07 min 
0.00003 90.60 k 68.65  | 1.444    66.038    72.237    0.6875    0.3000 | 1.467    25.000    0.515 | 1.496     25.000    0.517 |  6 hr 10 min 
0.00003 90.80 k 68.81  | 1.453    66.846    73.181    0.6974    0.3000 | 1.499    25.000    0.495 | 1.468     25.000    0.485 |  6 hr 14 min 
0.00003 91.00 k 68.96  | 1.458    66.038    72.911    0.6909    0.3000 | 1.476    25.000    0.492 | 1.475     25.000    0.442 |  6 hr 18 min 
0.00003 91.20 k 69.11  | 1.458    69.003    74.663    0.7157    0.3000 | 1.480    25.200    0.527 | 1.456     25.000    0.527 |  6 hr 21 min 
0.00003 91.40 k 69.26  | 1.482    67.251    74.933    0.7074    0.3000 | 1.475    25.000    0.531 | 1.492     25.000    0.517 |  6 hr 25 min 
0.00003 91.60 k 69.41  | 1.452    65.633    73.181    0.6890    0.3000 | 1.476    25.000    0.520 | 1.548     25.000    0.525 |  6 hr 28 min 
0.00003 91.80 k 69.56  | 1.448    67.116    73.315    0.6988    0.3000 | 1.477    25.000    0.508 | 1.435     25.000    0.442 |  6 hr 32 min 
0.00003 92.00 k 69.72  | 1.442    68.464    74.798    0.7135    0.3000 | 1.474    25.000    0.481 | 1.435     25.000    0.500 |  6 hr 36 min 
0.00003 92.20 k 69.87  | 1.441    66.712    74.528    0.7023    0.3000 | 1.469    25.000    0.535 | 1.393     25.000    0.517 |  6 hr 39 min 
0.00003 92.40 k 70.02  | 1.442    66.038    73.046    0.6903    0.3000 | 1.476    25.000    0.523 | 1.576     25.000    0.500 |  6 hr 43 min 
0.00003 92.60 k 70.17  | 1.451    66.846    73.720    0.6976    0.3000 | 1.474    25.000    0.508 | 1.553     25.000    0.442 |  6 hr 46 min 
0.00003 92.80 k 70.32  | 1.443    65.364    73.450    0.6896    0.3000 | 1.474    25.000    0.506 | 1.446     25.000    0.500 |  6 hr 50 min 
0.00003 93.00 k 70.47  | 1.445    66.173    72.642    0.6913    0.3000 | 1.494    25.000    0.478 | 1.470     25.000    0.467 |  6 hr 53 min 
0.00003 93.20 k 70.62  | 1.463    65.633    73.720    0.6922    0.3000 | 1.475    25.000    0.534 | 1.522     25.000    0.552 |  6 hr 57 min 
0.00003 93.40 k 70.78  | 1.437    64.960    70.889    0.6768    0.3000 | 1.474    25.000    0.521 | 1.423     25.000    0.514 |  7 hr 01 min 
0.00003 93.60 k 70.93  | 1.452    66.173    73.181    0.6928    0.3000 | 1.480    25.000    0.519 | 1.479     25.000    0.512 |  7 hr 04 min 
0.00003 93.80 k 71.08  | 1.465    66.981    73.854    0.7022    0.3000 | 1.483    25.000    0.502 | 1.479     25.000    0.542 |  7 hr 08 min 
0.00003 94.00 k 71.23  | 1.466    66.173    75.067    0.7022    0.3000 | 1.476    25.000    0.484 | 1.554     25.000    0.383 |  7 hr 12 min 
0.00003 94.20 k 71.38  | 1.478    65.768    74.663    0.6982    0.3000 | 1.482    25.000    0.530 | 1.461     25.000    0.525 |  7 hr 15 min 
0.00003 94.40 k 71.53  | 1.450    67.790    73.854    0.7039    0.3000 | 1.463    25.200    0.539 | 1.454     25.000    0.558 |  7 hr 19 min 
0.00003 94.60 k 71.69  | 1.462    65.499    73.585    0.6919    0.3000 | 1.476    25.000    0.527 | 1.459     25.000    0.529 |  7 hr 22 min 
0.00003 94.80 k 71.84  | 1.448    66.712    73.585    0.6991    0.3000 | 1.493    25.000    0.510 | 1.455     25.000    0.447 |  7 hr 26 min 
0.00003 95.00 k 71.99  | 1.453    66.442    75.741    0.7060    0.3000 | 1.489    25.000    0.479 | 1.431     25.000    0.510 |  7 hr 30 min 
0.00003 95.20 k 72.14  | 1.451    67.655    74.663    0.7070    0.3000 | 1.464    25.000    0.539 | 1.501     25.000    0.567 |  7 hr 33 min 
0.00003 95.40 k 72.29  | 1.449    65.903    74.259    0.6948    0.3000 | 1.466    25.000    0.512 | 1.442     25.000    0.454 |  7 hr 37 min 
0.00003 95.60 k 72.44  | 1.458    66.846    74.259    0.6989    0.3000 | 1.484    25.000    0.516 | 1.411     25.000    0.463 |  7 hr 40 min 
0.00003 95.80 k 72.60  | 1.464    64.420    71.833    0.6781    0.3000 | 1.482    25.000    0.512 | 1.771     25.000    0.525 |  7 hr 44 min 
0.00003 96.00 k 72.75  | 1.449    67.251    74.259    0.7036    0.3000 | 1.488    25.000    0.487 | 1.514     25.000    0.500 |  7 hr 47 min 
0.00003 96.20 k 72.90  | 1.445    66.442    74.394    0.7001    0.3000 | 1.488    25.000    0.529 | 1.410     25.000    0.517 |  7 hr 51 min 
0.00003 96.40 k 73.05  | 1.453    65.499    73.450    0.6898    0.3000 | 1.464    25.000    0.532 | 1.475     25.000    0.542 |  7 hr 55 min 
0.00003 96.60 k 73.20  | 1.445    66.173    73.181    0.6903    0.3000 | 1.477    25.000    0.512 | 1.470     25.000    0.585 |  7 hr 58 min 
0.00003 96.80 k 73.35  | 1.445    66.577    73.720    0.6964    0.3000 | 1.482    25.000    0.486 | 1.451     25.000    0.475 |  8 hr 02 min 
0.00003 97.00 k 73.50  | 1.443    69.137    74.259    0.7131    0.3000 | 1.486    25.000    0.481 | 1.452     25.000    0.467 |  8 hr 05 min 
0.00003 97.20 k 73.66  | 1.453    65.903    74.124    0.6954    0.3000 | 1.463    25.000    0.532 | 1.448     25.000    0.522 |  8 hr 09 min 
0.00003 97.40 k 73.81  | 1.465    63.881    72.237    0.6752    0.3000 | 1.463    25.000    0.523 | 1.429     25.000    0.613 |  8 hr 13 min 
0.00003 97.60 k 73.96  | 1.450    63.477    71.563    0.6686    0.3000 | 1.480    25.000    0.518 | 1.463     25.000    0.492 |  8 hr 16 min 
0.00003 97.80 k 74.11  | 1.455    65.364    71.833    0.6814    0.3000 | 1.479    25.200    0.499 | 1.564     25.000    0.510 |  8 hr 20 min 
0.00003 98.00 k 74.26  | 1.447    66.846    73.046    0.6980    0.3000 | 1.478    25.000    0.493 | 1.508     25.000    0.487 |  8 hr 23 min 
0.00003 98.20 k 74.41  | 1.460    65.903    72.372    0.6861    0.3000 | 1.483    25.000    0.531 | 1.446     25.000    0.617 |  8 hr 27 min 
0.00003 98.40 k 74.57  | 1.444    65.903    73.181    0.6889    0.3000 | 1.468    25.000    0.525 | 1.438     25.000    0.479 |  8 hr 31 min 
0.00003 98.60 k 74.72  | 1.451    66.981    72.237    0.6920    0.3000 | 1.462    25.000    0.508 | 1.398     25.000    0.575 |  8 hr 34 min 
0.00003 98.80 k 74.87  | 1.450    67.385    72.911    0.6984    0.3000 | 1.466    25.000    0.502 | 1.468     25.000    0.487 |  8 hr 38 min 
0.00003 99.00 k 75.02  | 1.464    68.194    75.067    0.7133    0.3000 | 1.477    25.000    0.479 | 1.484     25.000    0.475 |  8 hr 41 min 
0.00003 99.20 k 75.17  | 1.456    67.116    74.663    0.7042    0.3000 | 1.472    25.000    0.538 | 1.432     25.000    0.550 |  8 hr 45 min 
0.00003 99.40 k 75.32  | 1.458    67.655    74.259    0.7057    0.3000 | 1.473    25.000    0.517 | 1.518     25.000    0.500 |  8 hr 49 min 
0.00003 99.60 k 75.47  | 1.449    66.712    73.181    0.6954    0.3000 | 1.489    25.000    0.523 | 1.708     25.000    0.485 |  8 hr 52 min 
0.00003 99.80 k 75.63  | 1.456    67.116    72.642    0.6959    0.3000 | 1.489    25.000    0.506 | 1.574     25.000    0.408 |  8 hr 56 min 
0.00003 100.00 k 75.78  | 1.443    67.385    74.259    0.7034    0.3000 | 1.486    25.000    0.479 | 1.633     25.000    0.442 |  8 hr 59 min 
0.00003 100.20 k 75.93  | 1.464    65.633    74.394    0.6958    0.3000 | 1.460    25.000    0.528 | 1.460     25.000    0.475 |  9 hr 03 min 
0.00003 100.40 k 76.08  | 1.461    66.981    74.124    0.7013    0.3000 | 1.479    25.000    0.535 | 1.415     25.000    0.552 |  9 hr 07 min 
0.00003 100.60 k 76.23  | 1.456    66.038    73.046    0.6910    0.3000 | 1.469    25.000    0.506 | 1.475     25.000    0.517 |  9 hr 10 min 
0.00003 100.80 k 76.38  | 1.458    67.385    73.854    0.7039    0.3000 | 1.483    25.000    0.501 | 1.507     25.000    0.479 |  9 hr 14 min 
0.00003 101.00 k 76.54  | 1.440    69.137    74.259    0.7144    0.3000 | 1.478    25.000    0.466 | 1.511     25.000    0.400 |  9 hr 17 min 
0.00003 101.20 k 76.69  | 1.465    67.655    76.146    0.7134    0.3000 | 1.459    25.000    0.535 | 1.425     25.000    0.567 |  9 hr 21 min 
0.00003 101.40 k 76.84  | 1.464    66.712    74.798    0.7026    0.3000 | 1.477    25.000    0.527 | 1.433     25.000    0.550 |  9 hr 25 min 
0.00003 101.60 k 76.99  | 1.460    65.364    73.720    0.6898    0.3000 | 1.484    25.000    0.510 | 1.451     25.000    0.514 |  9 hr 29 min 
0.00003 101.80 k 77.14  | 1.457    66.846    73.989    0.6995    0.3000 | 1.479    25.000    0.496 | 1.511     25.000    0.500 |  9 hr 32 min 
0.00003 102.00 k 77.29  | 1.450    67.251    74.124    0.7008    0.3000 | 1.502    25.000    0.497 | 1.461     25.000    0.512 |  9 hr 36 min 
0.00003 102.20 k 77.44  | 1.466    66.307    73.720    0.6950    0.3000 | 1.493    25.000    0.528 | 1.431     25.000    0.525 |  9 hr 40 min 
0.00003 102.40 k 77.60  | 1.463    66.307    73.585    0.6934    0.3000 | 1.481    25.000    0.524 | 1.453     25.000    0.517 |  9 hr 43 min 
0.00003 102.60 k 77.75  | 1.442    62.938    70.485    0.6603    0.3000 | 1.471    25.000    0.498 | 1.426     25.000    0.510 |  9 hr 47 min 
0.00003 102.80 k 77.90  | 1.451    66.577    72.372    0.6916    0.3000 | 1.481    25.000    0.488 | 1.389     25.000    0.550 |  9 hr 50 min 
0.00003 103.00 k 78.05  | 1.465    66.577    73.315    0.6944    0.3000 | 1.490    25.000    0.490 | 1.417     25.000    0.475 |  9 hr 54 min 
0.00003 103.20 k 78.20  | 1.456    66.173    73.720    0.6925    0.3000 | 1.467    25.000    0.532 | 1.400     25.000    0.585 |  9 hr 58 min 
0.00003 103.40 k 78.35  | 1.455    64.286    71.968    0.6765    0.3000 | 1.479    25.000    0.509 | 1.594     25.000    0.447 | 10 hr 01 min 
0.00003 103.60 k 78.51  | 1.440    67.251    73.854    0.7007    0.3000 | 1.478    25.000    0.518 | 1.533     25.000    0.533 | 10 hr 05 min 
0.00003 103.80 k 78.66  | 1.445    65.903    73.315    0.6914    0.3000 | 1.493    25.000    0.484 | 1.451     25.000    0.450 | 10 hr 08 min 
0.00003 104.00 k 78.81  | 1.440    67.655    75.337    0.7115    0.3000 | 1.490    25.000    0.478 | 1.419     25.000    0.542 | 10 hr 12 min 
0.00003 104.20 k 78.96  | 1.459    66.307    73.046    0.6931    0.3000 | 1.468    25.000    0.538 | 1.451     25.000    0.600 | 10 hr 16 min 
0.00003 104.40 k 79.11  | 1.461    64.825    74.663    0.6898    0.3000 | 1.483    25.000    0.535 | 1.479     25.000    0.567 | 10 hr 19 min 
0.00003 104.60 k 79.26  | 1.454    65.364    71.833    0.6824    0.3000 | 1.493    25.200    0.510 | 1.427     25.000    0.483 | 10 hr 23 min 
0.00003 104.80 k 79.41  | 1.458    66.442    74.124    0.6981    0.3000 | 1.506    25.000    0.490 | 1.523     25.000    0.512 | 10 hr 27 min 
0.00003 105.00 k 79.57  | 1.458    67.251    73.181    0.6989    0.3000 | 1.496    25.000    0.495 | 1.460     25.000    0.438 | 10 hr 30 min 
