 start_time :2020-01-17 13:23:38 
 batch_size :5 
  start from22600, l_rate =0.0003 
freeze=True, batch_size=5, min_num_class=0 
 rate     iter   epoch  | valid   top@1    top@5    map@5  | train    top@1    top@5    map@5 | batch    top@1    top@5    map@5 |  time          
---------------------------------------------------------------------------------------------------------------------------------------------------------------------------
0.00030 22.60 k 18.36  | 2.654    37.736    37.871    0.3780    0.7000 | 0.000    0.000    0.000 | 0.000     0.000    0.000 |  0 hr 00 min 
0.00030 22.80 k 18.51  | 2.486    37.736    45.822    0.4058    0.4000 | 2.712    29.900    0.313 | 2.728     30.000    0.300 |  0 hr 04 min 
0.00030 23.00 k 18.66  | 2.333    37.736    51.617    0.4316    0.3000 | 2.620    27.300    0.295 | 2.590     25.000    0.283 |  0 hr 08 min 
0.00030 23.20 k 18.81  | 2.242    37.736    57.817    0.4643    0.3000 | 2.439    27.600    0.324 | 2.540     25.000    0.267 |  0 hr 11 min 
0.00030 23.40 k 18.97  | 2.227    37.601    62.534    0.4847    0.2000 | 2.397    26.000    0.328 | 2.380     25.000    0.375 |  0 hr 15 min 
0.00030 23.60 k 19.12  | 2.205    38.949    62.399    0.4909    0.2000 | 2.338    25.500    0.319 | 2.434     25.000    0.292 |  0 hr 19 min 
0.00030 23.80 k 19.27  | 2.135    42.857    66.712    0.5310    0.2000 | 2.212    25.800    0.351 | 2.241     25.000    0.302 |  0 hr 22 min 
0.00030 24.00 k 19.42  | 2.079    44.879    70.755    0.5624    0.2000 | 2.193    25.700    0.360 | 2.181     25.000    0.392 |  0 hr 26 min 
0.00030 24.20 k 19.57  | 2.030    47.709    72.102    0.5838    0.2000 | 2.220    25.400    0.349 | 2.323     25.000    0.367 |  0 hr 30 min 
0.00030 24.40 k 19.72  | 1.967    47.844    70.216    0.5719    0.2000 | 2.171    25.300    0.345 | 1.919     30.000    0.425 |  0 hr 33 min 
0.00030 24.60 k 19.88  | 1.977    46.765    72.372    0.5757    0.2000 | 2.149    25.200    0.343 | 2.276     25.000    0.325 |  0 hr 37 min 
0.00030 24.80 k 20.03  | 1.960    45.687    64.690    0.5300    0.2000 | 2.002    25.600    0.388 | 1.923     25.000    0.447 |  0 hr 41 min 
0.00030 25.00 k 20.18  | 1.945    48.113    69.137    0.5648    0.2000 | 2.016    25.100    0.370 | 1.884     25.000    0.368 |  0 hr 44 min 
0.00030 25.20 k 20.33  | 1.964    52.965    71.563    0.6075    0.2000 | 2.059    25.400    0.357 | 1.770     25.000    0.442 |  0 hr 48 min 
0.00030 25.40 k 20.48  | 1.985    51.482    71.024    0.5959    0.2000 | 2.041    25.400    0.363 | 1.916     25.000    0.375 |  0 hr 51 min 
0.00030 25.60 k 20.63  | 1.887    39.623    71.968    0.5373    0.3000 | 2.090    25.400    0.339 | 2.122     25.000    0.300 |  0 hr 55 min 
0.00030 25.80 k 20.78  | 1.894    39.353    71.563    0.5321    0.3000 | 1.900    26.100    0.396 | 2.001     30.000    0.400 |  0 hr 59 min 
0.00030 26.00 k 20.94  | 1.845    43.935    70.620    0.5546    0.3000 | 1.941    26.000    0.372 | 1.650     25.000    0.458 |  1 hr 03 min 
0.00030 26.20 k 21.09  | 1.864    42.992    72.372    0.5566    0.3000 | 1.974    26.100    0.370 | 2.016     25.000    0.335 |  1 hr 06 min 
0.00030 26.40 k 21.24  | 1.816    42.857    74.259    0.5638    0.3000 | 2.013    25.600    0.355 | 1.823     30.000    0.425 |  1 hr 10 min 
0.00030 26.60 k 21.39  | 1.805    54.582    73.720    0.6237    0.2000 | 1.990    25.400    0.352 | 1.928     25.000    0.383 |  1 hr 13 min 
0.00030 26.80 k 21.54  | 1.879    49.730    70.620    0.5807    0.2000 | 1.863    25.900    0.397 | 2.044     25.000    0.400 |  1 hr 17 min 
0.00030 27.00 k 21.69  | 1.849    50.539    69.407    0.5781    0.2000 | 1.858    26.300    0.394 | 1.735     25.000    0.450 |  1 hr 21 min 
0.00030 27.20 k 21.85  | 1.823    45.553    73.450    0.5781    0.3000 | 1.914    25.700    0.387 | 1.874     25.000    0.425 |  1 hr 25 min 
0.00030 27.40 k 22.00  | 1.811    53.100    66.307    0.5824    0.2000 | 1.931    25.200    0.370 | 1.740     25.000    0.435 |  1 hr 28 min 
0.00030 27.60 k 22.15  | 1.703    47.978    76.280    0.6004    0.3000 | 1.940    25.800    0.350 | 1.994     25.000    0.317 |  1 hr 32 min 
0.00030 27.80 k 22.30  | 1.763    47.170    72.102    0.5808    0.3000 | 1.798    26.500    0.403 | 1.792     30.000    0.417 |  1 hr 36 min 
0.00030 28.00 k 22.45  | 1.714    49.326    72.642    0.5913    0.3000 | 1.799    26.800    0.400 | 1.920     25.000    0.417 |  1 hr 39 min 
0.00030 28.20 k 22.60  | 1.800    45.553    74.798    0.5863    0.3000 | 1.889    26.100    0.373 | 1.858     25.000    0.372 |  1 hr 43 min 
0.00030 28.40 k 22.75  | 1.814    46.361    71.968    0.5759    0.3000 | 1.895    25.800    0.371 | 1.661     25.000    0.452 |  1 hr 47 min 
0.00030 28.60 k 22.91  | 1.653    50.404    72.237    0.5925    0.3000 | 1.893    25.800    0.354 | 1.832     25.000    0.375 |  1 hr 50 min 
0.00030 28.80 k 23.06  | 1.757    45.553    72.642    0.5720    0.3000 | 1.717    27.000    0.421 | 1.788     30.000    0.425 |  1 hr 54 min 
0.00030 29.00 k 23.21  | 1.695    49.326    73.450    0.5934    0.3000 | 1.809    26.400    0.390 | 1.821     25.000    0.318 |  1 hr 58 min 
0.00030 29.20 k 23.36  | 1.697    50.270    76.011    0.6082    0.3000 | 1.824    26.000    0.375 | 1.805     25.000    0.354 |  2 hr 01 min 
0.00030 29.40 k 23.51  | 1.655    51.617    76.280    0.6198    0.3000 | 1.831    26.200    0.384 | 1.879     25.000    0.308 |  2 hr 05 min 
0.00030 29.60 k 23.66  | 1.712    48.518    77.898    0.6120    0.3000 | 1.913    25.500    0.340 | 1.982     25.000    0.325 |  2 hr 08 min 
0.00030 29.80 k 23.82  | 1.691    48.248    75.606    0.6025    0.3000 | 1.733    26.600    0.405 | 1.601     25.000    0.504 |  2 hr 12 min 
0.00030 30.00 k 23.97  | 1.657    52.965    73.854    0.6168    0.3000 | 1.778    26.800    0.386 | 1.631     30.000    0.375 |  2 hr 16 min 
0.00030 30.20 k 24.12  | 1.633    55.795    73.720    0.6322    0.3000 | 1.788    26.100    0.380 | 1.745     25.000    0.398 |  2 hr 20 min 
0.00030 30.40 k 24.27  | 1.647    55.391    75.337    0.6361    0.3000 | 1.820    26.000    0.360 | 1.787     25.000    0.375 |  2 hr 23 min 
0.00030 30.60 k 24.42  | 1.584    51.348    69.272    0.5839    0.3000 | 1.815    25.400    0.351 | 1.921     25.000    0.275 |  2 hr 27 min 
0.00030 30.80 k 24.57  | 1.666    51.078    74.259    0.6049    0.3000 | 1.710    26.800    0.421 | 1.888     25.000    0.408 |  2 hr 31 min 
0.00030 31.00 k 24.73  | 1.667    51.482    73.854    0.6112    0.3000 | 1.714    26.700    0.411 | 1.642     25.000    0.452 |  2 hr 34 min 
0.00030 31.20 k 24.88  | 1.670    53.369    74.798    0.6247    0.3000 | 1.752    26.900    0.386 | 1.864     30.000    0.375 |  2 hr 38 min 
0.00030 31.40 k 25.03  | 1.611    54.582    78.032    0.6434    0.3000 | 1.759    26.200    0.371 | 1.905     25.000    0.350 |  2 hr 41 min 
0.00030 31.60 k 25.18  | 1.634    51.078    73.720    0.6063    0.3000 | 1.824    26.000    0.347 | 1.818     30.000    0.350 |  2 hr 45 min 
0.00030 31.80 k 25.33  | 1.653    51.617    75.876    0.6139    0.3000 | 1.674    27.300    0.413 | 1.863     25.000    0.304 |  2 hr 49 min 
0.00030 32.00 k 25.48  | 1.690    54.852    75.202    0.6334    0.3000 | 1.682    26.300    0.408 | 1.648     35.000    0.400 |  2 hr 53 min 
0.00030 32.20 k 25.63  | 1.637    56.739    77.493    0.6524    0.3000 | 1.718    26.700    0.392 | 1.860     25.000    0.325 |  2 hr 56 min 
0.00030 32.40 k 25.79  | 1.638    60.108    80.189    0.6865    0.3000 | 1.772    26.700    0.389 | 1.764     25.000    0.356 |  3 hr 00 min 
0.00030 32.60 k 25.94  | 1.611    52.830    74.124    0.6145    0.3000 | 1.793    26.400    0.359 | 1.861     30.000    0.335 |  3 hr 03 min 
0.00030 32.80 k 26.09  | 1.605    49.865    72.642    0.5881    0.3000 | 1.634    27.100    0.416 | 1.506     25.000    0.512 |  3 hr 07 min 
0.00030 33.00 k 26.24  | 1.626    56.604    74.259    0.6374    0.3000 | 1.654    26.700    0.418 | 1.706     30.000    0.325 |  3 hr 11 min 
0.00030 33.20 k 26.39  | 1.614    56.334    74.394    0.6362    0.3000 | 1.716    26.600    0.396 | 1.730     25.000    0.342 |  3 hr 14 min 
0.00030 33.40 k 26.54  | 1.581    58.086    75.337    0.6509    0.3000 | 1.748    27.000    0.378 | 1.959     25.000    0.325 |  3 hr 18 min 
0.00030 33.60 k 26.70  | 1.584    56.065    79.919    0.6594    0.3000 | 1.755    26.400    0.381 | 1.769     25.000    0.362 |  3 hr 21 min 
0.00030 33.80 k 26.85  | 1.621    52.022    75.202    0.6138    0.3000 | 1.606    27.600    0.444 | 1.620     25.000    0.487 |  3 hr 25 min 
0.00030 34.00 k 27.00  | 1.578    52.426    69.542    0.5938    0.3000 | 1.644    28.000    0.411 | 1.879     25.000    0.345 |  3 hr 29 min 
0.00030 34.20 k 27.15  | 1.628    57.817    78.032    0.6693    0.3000 | 1.700    27.100    0.401 | 1.841     25.000    0.425 |  3 hr 32 min 
0.00030 34.40 k 27.30  | 1.661    58.221    78.302    0.6694    0.3000 | 1.704    26.800    0.391 | 1.644     35.000    0.458 |  3 hr 36 min 
0.00030 34.60 k 27.45  | 1.565    61.051    83.423    0.7015    0.3000 | 1.716    26.400    0.379 | 1.693     25.000    0.343 |  3 hr 40 min 
0.00030 34.80 k 27.60  | 1.611    54.987    73.989    0.6282    0.3000 | 1.604    27.700    0.441 | 1.611     35.000    0.467 |  3 hr 43 min 
0.00030 35.00 k 27.76  | 1.580    55.660    74.663    0.6318    0.3000 | 1.643    27.600    0.412 | 1.612     25.000    0.422 |  3 hr 47 min 
0.00030 35.20 k 27.91  | 1.552    59.569    77.358    0.6704    0.3000 | 1.670    26.800    0.395 | 1.695     25.000    0.367 |  3 hr 51 min 
0.00030 35.40 k 28.06  | 1.551    62.264    81.267    0.7027    0.3000 | 1.713    26.800    0.387 | 1.783     30.000    0.350 |  3 hr 54 min 
0.00030 35.60 k 28.21  | 1.598    60.512    81.671    0.6954    0.3000 | 1.712    27.000    0.393 | 1.684     30.000    0.396 |  3 hr 58 min 
0.00030 35.80 k 28.36  | 1.576    56.469    75.337    0.6385    0.3000 | 1.572    29.200    0.443 | 1.538     25.000    0.463 |  4 hr 02 min 
0.00030 36.00 k 28.51  | 1.571    55.256    74.528    0.6284    0.3000 | 1.626    28.400    0.431 | 1.724     25.000    0.377 |  4 hr 05 min 
0.00030 36.20 k 28.67  | 1.642    58.625    77.089    0.6673    0.3000 | 1.657    28.500    0.412 | 1.822     25.000    0.360 |  4 hr 09 min 
0.00030 36.40 k 28.82  | 1.610    58.086    76.146    0.6552    0.3000 | 1.673    26.500    0.388 | 1.533     25.000    0.392 |  4 hr 12 min 
0.00030 36.60 k 28.97  | 1.604    59.704    83.288    0.6966    0.3000 | 1.707    26.700    0.391 | 1.749     25.000    0.410 |  4 hr 16 min 
0.00030 36.80 k 29.12  | 1.622    55.256    78.032    0.6492    0.3000 | 1.578    29.100    0.448 | 1.494     25.000    0.492 |  4 hr 20 min 
0.00030 37.00 k 29.27  | 1.582    52.156    69.946    0.5917    0.3000 | 1.581    28.200    0.433 | 1.443     25.000    0.442 |  4 hr 24 min 
0.00030 37.20 k 29.42  | 1.579    59.164    78.706    0.6753    0.3000 | 1.637    28.400    0.422 | 1.633     25.000    0.429 |  4 hr 27 min 
0.00030 37.40 k 29.57  | 1.563    61.456    77.358    0.6796    0.3000 | 1.659    27.600    0.402 | 1.746     25.000    0.317 |  4 hr 31 min 
0.00030 37.60 k 29.73  | 1.533    62.938    80.054    0.6971    0.3000 | 1.672    26.900    0.390 | 1.815     25.000    0.360 |  4 hr 34 min 
0.00030 37.80 k 29.88  | 1.540    61.995    80.728    0.6968    0.3000 | 1.540    29.600    0.473 | 1.548     30.000    0.483 |  4 hr 38 min 
0.00030 38.00 k 30.03  | 1.550    57.682    76.415    0.6534    0.3000 | 1.599    29.400    0.436 | 1.882     25.000    0.300 |  4 hr 42 min 
0.00030 38.20 k 30.18  | 1.512    64.555    79.245    0.7068    0.3000 | 1.634    29.200    0.423 | 1.663     30.000    0.417 |  4 hr 46 min 
0.00030 38.40 k 30.33  | 1.504    56.873    73.854    0.6342    0.3000 | 1.612    27.500    0.418 | 1.771     25.000    0.375 |  4 hr 49 min 
0.00030 38.60 k 30.48  | 1.550    58.356    77.763    0.6608    0.3000 | 1.652    28.200    0.395 | 1.672     30.000    0.388 |  4 hr 53 min 
0.00030 38.80 k 30.64  | 1.514    57.008    76.280    0.6475    0.3000 | 1.546    29.500    0.462 | 1.593     25.000    0.417 |  4 hr 57 min 
0.00030 39.00 k 30.79  | 1.536    57.008    72.372    0.6309    0.3000 | 1.557    29.700    0.452 | 1.543     25.000    0.442 |  5 hr 01 min 
0.00030 39.20 k 30.94  | 1.517    60.377    77.358    0.6709    0.3000 | 1.598    28.700    0.429 | 1.568     30.000    0.475 |  5 hr 04 min 
0.00030 39.40 k 31.09  | 1.524    63.073    77.224    0.6876    0.3000 | 1.639    27.900    0.407 | 1.588     30.000    0.439 |  5 hr 08 min 
0.00030 39.60 k 31.24  | 1.548    61.590    78.167    0.6818    0.3000 | 1.641    27.400    0.397 | 1.642     25.000    0.417 |  5 hr 12 min 
0.00030 39.80 k 31.39  | 1.549    56.604    77.089    0.6493    0.3000 | 1.504    30.500    0.487 | 1.330     40.000    0.571 |  5 hr 15 min 
0.00030 40.00 k 31.55  | 1.525    55.391    71.833    0.6181    0.3000 | 1.559    28.500    0.446 | 1.658     25.000    0.367 |  5 hr 19 min 
0.00030 40.20 k 31.70  | 1.555    58.356    73.989    0.6450    0.3000 | 1.600    28.900    0.421 | 1.587     30.000    0.467 |  5 hr 22 min 
0.00030 40.40 k 31.85  | 1.506    62.399    81.267    0.7001    0.3000 | 1.610    28.800    0.416 | 1.642     30.000    0.388 |  5 hr 26 min 
0.00030 40.60 k 32.00  | 1.523    61.725    79.245    0.6862    0.3000 | 1.640    28.100    0.412 | 1.681     30.000    0.417 |  5 hr 30 min 
0.00030 40.80 k 32.15  | 1.485    53.639    72.776    0.6102    0.3000 | 1.495    30.500    0.486 | 1.461     25.000    0.479 |  5 hr 33 min 
0.00030 41.00 k 32.30  | 1.499    58.895    71.968    0.6419    0.3000 | 1.568    28.900    0.446 | 1.711     25.000    0.300 |  5 hr 37 min 
0.00030 41.20 k 32.45  | 1.488    64.690    80.189    0.7119    0.3000 | 1.575    29.200    0.431 | 1.614     25.000    0.377 |  5 hr 41 min 
0.00030 41.40 k 32.61  | 1.492    63.342    80.593    0.7010    0.3000 | 1.613    27.700    0.411 | 1.792     30.000    0.385 |  5 hr 44 min 
0.00030 41.60 k 32.76  | 1.488    64.286    81.671    0.7093    0.3000 | 1.621    28.000    0.408 | 1.464     25.000    0.517 |  5 hr 48 min 
0.00030 41.80 k 32.91  | 1.488    57.951    74.124    0.6461    0.3000 | 1.503    29.900    0.475 | 1.569     30.000    0.425 |  5 hr 52 min 
0.00030 42.00 k 33.06  | 1.491    59.569    75.202    0.6580    0.3000 | 1.547    29.700    0.452 | 1.479     30.000    0.527 |  5 hr 55 min 
0.00030 42.20 k 33.21  | 1.475    61.456    77.089    0.6732    0.3000 | 1.568    30.100    0.439 | 1.657     25.000    0.350 |  5 hr 59 min 
0.00030 42.40 k 33.36  | 1.459    63.881    81.806    0.7109    0.3000 | 1.617    28.500    0.415 | 1.784     25.000    0.343 |  6 hr 02 min 
0.00030 42.60 k 33.52  | 1.452    60.243    76.146    0.6670    0.3000 | 1.610    27.400    0.407 | 1.527     30.000    0.475 |  6 hr 06 min 
0.00030 42.80 k 33.67  | 1.485    45.957    78.976    0.6108    0.4000 | 1.494    32.000    0.495 | 1.476     35.000    0.492 |  6 hr 10 min 
0.00030 43.00 k 33.82  | 1.500    61.321    79.784    0.6856    0.3000 | 1.486    31.300    0.474 | 1.573     25.000    0.412 |  6 hr 13 min 
0.00030 43.20 k 33.97  | 1.515    60.647    75.067    0.6624    0.3000 | 1.536    31.900    0.452 | 1.497     30.000    0.467 |  6 hr 17 min 
0.00030 43.40 k 34.12  | 1.482    61.725    78.841    0.6876    0.3000 | 1.603    27.900    0.414 | 1.522     35.000    0.504 |  6 hr 21 min 
0.00030 43.60 k 34.27  | 1.484    66.038    83.827    0.7331    0.3000 | 1.605    28.000    0.414 | 1.622     25.000    0.406 |  6 hr 24 min 
0.00030 43.80 k 34.42  | 1.480    58.895    77.898    0.6617    0.3000 | 1.454    32.700    0.495 | 1.500     35.000    0.500 |  6 hr 28 min 
0.00030 44.00 k 34.58  | 1.467    49.057    77.898    0.6198    0.4000 | 1.513    31.300    0.468 | 1.692     35.000    0.504 |  6 hr 32 min 
0.00030 44.20 k 34.73  | 1.505    59.973    77.493    0.6709    0.3000 | 1.550    28.700    0.441 | 1.596     25.000    0.412 |  6 hr 35 min 
0.00030 44.40 k 34.88  | 1.450    50.404    81.671    0.6434    0.4000 | 1.585    29.100    0.421 | 1.560     30.000    0.417 |  6 hr 39 min 
0.00030 44.60 k 35.03  | 1.461    62.803    80.458    0.6986    0.3000 | 1.598    27.000    0.411 | 1.517     25.000    0.442 |  6 hr 42 min 
0.00030 44.80 k 35.18  | 1.448    49.461    82.884    0.6466    0.4000 | 1.451    33.300    0.510 | 1.507     25.000    0.427 |  6 hr 46 min 
0.00030 45.00 k 35.33  | 1.453    58.491    74.124    0.6449    0.3000 | 1.510    30.100    0.461 | 1.676     25.000    0.408 |  6 hr 50 min 
0.00030 45.20 k 35.49  | 1.467    60.782    77.089    0.6712    0.3000 | 1.523    31.000    0.453 | 1.563     30.000    0.417 |  6 hr 53 min 
0.00030 45.40 k 35.64  | 1.461    62.938    79.111    0.6914    0.3000 | 1.571    29.300    0.431 | 1.564     30.000    0.425 |  6 hr 57 min 
0.00030 45.60 k 35.79  | 1.438    65.499    85.175    0.7353    0.3000 | 1.572    29.800    0.428 | 1.613     25.000    0.400 |  7 hr 01 min 
0.00030 45.80 k 35.94  | 1.494    59.299    77.493    0.6627    0.3000 | 1.448    33.100    0.508 | 1.624     30.000    0.500 |  7 hr 04 min 
0.00030 46.00 k 36.09  | 1.476    62.264    76.550    0.6809    0.3000 | 1.499    32.000    0.471 | 1.419     25.000    0.450 |  7 hr 08 min 
0.00030 46.20 k 36.24  | 1.452    59.973    75.202    0.6572    0.3000 | 1.539    30.500    0.443 | 1.577     35.000    0.454 |  7 hr 12 min 
0.00030 46.40 k 36.39  | 1.447    50.943    84.771    0.6656    0.4000 | 1.553    28.900    0.431 | 1.480     35.000    0.450 |  7 hr 15 min 
0.00030 46.60 k 36.55  | 1.444    63.477    78.706    0.6930    0.3000 | 1.571    29.100    0.416 | 1.521     30.000    0.471 |  7 hr 19 min 
0.00030 46.80 k 36.70  | 1.468    59.030    75.472    0.6527    0.3000 | 1.459    31.800    0.494 | 1.573     25.000    0.392 |  7 hr 23 min 
0.00030 47.00 k 36.85  | 1.482    49.057    80.863    0.6376    0.4000 | 1.464    32.100    0.486 | 1.553     25.000    0.417 |  7 hr 26 min 
0.00030 47.20 k 37.00  | 1.483    59.434    74.394    0.6516    0.3000 | 1.523    30.500    0.451 | 1.522     30.000    0.442 |  7 hr 30 min 
0.00030 47.40 k 37.15  | 1.468    49.865    82.884    0.6510    0.4000 | 1.535    30.400    0.439 | 1.793     30.000    0.325 |  7 hr 34 min 
0.00030 47.60 k 37.30  | 1.449    50.135    86.792    0.6711    0.4000 | 1.583    28.400    0.417 | 1.699     25.000    0.367 |  7 hr 37 min 
0.00030 47.80 k 37.46  | 1.456    61.186    76.954    0.6728    0.3000 | 1.465    32.800    0.493 | 1.420     35.000    0.500 |  7 hr 41 min 
0.00030 48.00 k 37.61  | 1.450    52.156    80.863    0.6526    0.4000 | 1.473    32.700    0.481 | 1.411     25.000    0.500 |  7 hr 45 min 
0.00030 48.20 k 37.76  | 1.453    52.291    80.323    0.6511    0.4000 | 1.489    32.600    0.478 | 1.449     30.000    0.467 |  7 hr 48 min 
0.00030 48.40 k 37.91  | 1.447    62.129    73.585    0.6678    0.3000 | 1.557    30.300    0.426 | 1.619     25.000    0.385 |  7 hr 52 min 
0.00030 48.60 k 38.06  | 1.449    61.590    76.550    0.6776    0.3000 | 1.562    28.500    0.408 | 1.645     25.000    0.400 |  7 hr 55 min 
0.00030 48.80 k 38.21  | 1.456    50.000    79.380    0.6314    0.4000 | 1.442    32.700    0.506 | 1.434     35.000    0.550 |  7 hr 59 min 
0.00030 49.00 k 38.37  | 1.453    51.348    79.380    0.6371    0.4000 | 1.477    32.000    0.483 | 1.535     35.000    0.500 |  8 hr 03 min 
0.00030 49.20 k 38.52  | 1.443    51.752    80.863    0.6499    0.4000 | 1.517    30.900    0.456 | 1.615     40.000    0.450 |  8 hr 07 min 
0.00030 49.40 k 38.67  | 1.425    64.151    76.550    0.6897    0.3000 | 1.528    30.100    0.440 | 1.576     25.000    0.385 |  8 hr 10 min 
0.00030 49.60 k 38.82  | 1.428    65.768    80.997    0.7165    0.3000 | 1.532    30.000    0.433 | 1.434     35.000    0.483 |  8 hr 14 min 
0.00030 49.80 k 38.97  | 1.413    53.369    84.367    0.6735    0.4000 | 1.409    34.000    0.534 | 1.606     35.000    0.450 |  8 hr 18 min 
0.00030 50.00 k 39.12  | 1.425    53.774    86.119    0.6834    0.4000 | 1.460    33.800    0.490 | 1.595     25.000    0.350 |  8 hr 21 min 
0.00030 50.20 k 39.27  | 1.424    52.695    84.906    0.6753    0.4000 | 1.512    30.100    0.453 | 1.623     30.000    0.408 |  8 hr 25 min 
0.00030 50.40 k 39.43  | 1.427    52.965    85.175    0.6804    0.4000 | 1.529    29.600    0.438 | 1.534     25.000    0.412 |  8 hr 29 min 
0.00030 50.60 k 39.58  | 1.453    50.135    84.771    0.6611    0.4000 | 1.552    30.400    0.425 | 1.565     30.000    0.460 |  8 hr 32 min 
0.00030 50.80 k 39.73  | 1.435    53.504    82.884    0.6650    0.4000 | 1.430    33.900    0.517 | 1.468     30.000    0.467 |  8 hr 36 min 
0.00030 51.00 k 39.88  | 1.435    54.852    81.671    0.6720    0.4000 | 1.472    34.500    0.487 | 1.458     35.000    0.525 |  8 hr 40 min 
0.00030 51.20 k 40.03  | 1.434    56.199    81.806    0.6769    0.4000 | 1.503    31.500    0.454 | 1.629     25.000    0.362 |  8 hr 43 min 
0.00030 51.40 k 40.18  | 1.422    55.391    85.580    0.6919    0.4000 | 1.526    29.600    0.433 | 1.513     25.000    0.410 |  8 hr 47 min 
0.00030 51.60 k 40.34  | 1.410    54.313    88.679    0.6989    0.4000 | 1.544    29.300    0.424 | 1.618     25.000    0.325 |  8 hr 50 min 
0.00030 51.80 k 40.49  | 1.421    54.043    83.019    0.6683    0.4000 | 1.424    32.900    0.510 | 1.350     35.000    0.567 |  8 hr 54 min 
0.00030 52.00 k 40.64  | 1.414    56.334    81.132    0.6737    0.4000 | 1.447    33.000    0.490 | 1.361     30.000    0.571 |  8 hr 58 min 
0.00030 52.20 k 40.79  | 1.410    56.334    82.210    0.6804    0.4000 | 1.496    32.100    0.462 | 1.503     30.000    0.425 |  9 hr 02 min 
0.00030 52.40 k 40.94  | 1.430    55.660    81.536    0.6764    0.4000 | 1.499    31.700    0.451 | 1.295     45.000    0.637 |  9 hr 05 min 
0.00030 52.60 k 41.09  | 1.394    54.178    92.049    0.7184    0.4000 | 1.537    30.600    0.421 | 1.404     45.000    0.542 |  9 hr 09 min 
0.00030 52.80 k 41.24  | 1.410    55.121    85.040    0.6843    0.4000 | 1.399    36.600    0.534 | 1.418     35.000    0.463 |  9 hr 13 min 
0.00030 53.00 k 41.40  | 1.431    55.930    81.267    0.6742    0.4000 | 1.431    35.700    0.519 | 1.422     30.000    0.500 |  9 hr 16 min 
0.00030 53.20 k 41.55  | 1.430    55.660    83.558    0.6841    0.4000 | 1.479    31.900    0.464 | 1.460     30.000    0.442 |  9 hr 20 min 
0.00030 53.40 k 41.70  | 1.441    52.561    82.210    0.6639    0.4000 | 1.507    32.000    0.450 | 1.499     40.000    0.525 |  9 hr 23 min 
0.00030 53.60 k 41.85  | 1.423    50.809    86.523    0.6719    0.4000 | 1.539    29.600    0.431 | 1.425     45.000    0.500 |  9 hr 27 min 
0.00030 53.80 k 42.00  | 1.413    55.930    84.232    0.6843    0.4000 | 1.411    34.300    0.532 | 1.423     40.000    0.575 |  9 hr 31 min 
0.00030 54.00 k 42.15  | 1.428    55.391    82.345    0.6757    0.4000 | 1.426    33.800    0.502 | 1.428     40.000    0.500 |  9 hr 34 min 
0.00030 54.20 k 42.31  | 1.423    55.121    84.501    0.6874    0.4000 | 1.465    33.900    0.483 | 1.520     35.000    0.463 |  9 hr 38 min 
0.00030 54.40 k 42.46  | 1.433    55.795    82.480    0.6806    0.4000 | 1.496    31.700    0.451 | 1.563     30.000    0.392 |  9 hr 42 min 
0.00030 54.60 k 42.61  | 1.420    56.065    87.197    0.7028    0.4000 | 1.506    30.600    0.439 | 1.458     35.000    0.492 |  9 hr 45 min 
0.00030 54.80 k 42.76  | 1.431    56.469    80.728    0.6703    0.4000 | 1.406    36.700    0.527 | 1.453     35.000    0.475 |  9 hr 49 min 
0.00030 55.00 k 42.91  | 1.422    60.512    81.536    0.6974    0.4000 | 1.434    34.200    0.503 | 1.395     25.000    0.479 |  9 hr 53 min 
0.00030 55.20 k 43.06  | 1.417    59.838    83.019    0.6985    0.4000 | 1.477    32.800    0.472 | 1.565     25.000    0.348 |  9 hr 57 min 
0.00030 55.40 k 43.21  | 1.410    58.221    86.253    0.7079    0.4000 | 1.480    32.900    0.469 | 1.546     30.000    0.417 | 10 hr 00 min 
0.00030 55.60 k 43.37  | 1.397    58.356    88.005    0.7198    0.4000 | 1.523    30.200    0.425 | 1.589     30.000    0.392 | 10 hr 04 min 
0.00030 55.80 k 43.52  | 1.388    61.456    85.984    0.7244    0.4000 | 1.380    38.400    0.556 | 1.326     45.000    0.592 | 10 hr 08 min 
0.00030 56.00 k 43.67  | 1.407    59.434    84.367    0.7086    0.4000 | 1.439    36.800    0.500 | 1.466     35.000    0.450 | 10 hr 11 min 
0.00030 56.20 k 43.82  | 1.395    59.569    84.367    0.7098    0.4000 | 1.450    33.800    0.484 | 1.474     35.000    0.475 | 10 hr 15 min 
0.00030 56.40 k 43.97  | 1.393    60.916    88.679    0.7329    0.4000 | 1.473    32.900    0.463 | 1.504     35.000    0.467 | 10 hr 19 min 
0.00030 56.60 k 44.12  | 1.382    60.916    89.892    0.7372    0.4000 | 1.501    31.400    0.453 | 1.391     35.000    0.529 | 10 hr 22 min 
0.00030 56.80 k 44.28  | 1.381    57.951    86.388    0.7050    0.4000 | 1.386    39.500    0.545 | 1.319     45.000    0.567 | 10 hr 26 min 
0.00030 57.00 k 44.43  | 1.401    60.243    82.075    0.6955    0.4000 | 1.412    37.400    0.522 | 1.448     35.000    0.468 | 10 hr 30 min 
0.00030 57.20 k 44.58  | 1.397    61.725    82.884    0.7097    0.4000 | 1.457    34.000    0.475 | 1.393     40.000    0.537 | 10 hr 33 min 
0.00030 57.40 k 44.73  | 1.382    61.590    87.466    0.7320    0.4000 | 1.470    34.200    0.473 | 1.511     25.000    0.442 | 10 hr 37 min 
0.00030 57.60 k 44.88  | 1.379    64.016    88.814    0.7529    0.4000 | 1.476    32.000    0.448 | 1.428     30.000    0.450 | 10 hr 41 min 
0.00030 57.80 k 45.03  | 1.397    59.973    85.445    0.7101    0.4000 | 1.396    37.400    0.542 | 1.281     50.000    0.610 | 10 hr 44 min 
0.00030 58.00 k 45.19  | 1.390    63.073    80.863    0.7058    0.4000 | 1.443    35.900    0.489 | 1.528     40.000    0.467 | 10 hr 48 min 
0.00030 58.20 k 45.34  | 1.379    63.073    84.906    0.7273    0.4000 | 1.437    34.900    0.496 | 1.458     30.000    0.442 | 10 hr 52 min 
0.00030 58.40 k 45.49  | 1.369    63.612    87.332    0.7430    0.4000 | 1.477    32.700    0.450 | 1.374     30.000    0.550 | 10 hr 55 min 
0.00030 58.60 k 45.64  | 1.360    62.668    90.970    0.7543    0.4000 | 1.483    30.900    0.434 | 1.492     30.000    0.412 | 10 hr 59 min 
0.00030 58.80 k 45.79  | 1.356    62.938    87.197    0.7301    0.4000 | 1.371    39.800    0.562 | 1.263     50.000    0.667 | 11 hr 03 min 
0.00030 59.00 k 45.94  | 1.357    66.846    83.423    0.7402    0.4000 | 1.408    37.400    0.524 | 1.241     45.000    0.683 | 11 hr 06 min 
0.00030 59.20 k 46.09  | 1.370    65.229    83.962    0.7374    0.4000 | 1.423    37.900    0.509 | 1.334     50.000    0.573 | 11 hr 10 min 
0.00030 59.40 k 46.25  | 1.361    67.116    87.332    0.7613    0.4000 | 1.461    32.600    0.459 | 1.463     35.000    0.454 | 11 hr 13 min 
0.00030 59.60 k 46.40  | 1.367    67.655    88.005    0.7677    0.4000 | 1.476    33.800    0.453 | 1.553     30.000    0.392 | 11 hr 17 min 
0.00030 59.80 k 46.55  | 1.362    64.825    86.658    0.7419    0.4000 | 1.364    41.300    0.576 | 1.417     30.000    0.485 | 11 hr 21 min 
0.00030 60.00 k 46.70  | 1.362    65.094    84.636    0.7339    0.4000 | 1.403    38.400    0.527 | 1.459     30.000    0.421 | 11 hr 24 min 
0.00030 60.20 k 46.85  | 1.367    65.768    87.062    0.7497    0.4000 | 1.428    35.500    0.491 | 1.451     35.000    0.485 | 11 hr 28 min 
0.00030 60.40 k 47.00  | 1.353    69.272    87.062    0.7702    0.4000 | 1.474    33.900    0.451 | 1.505     30.000    0.400 | 11 hr 32 min 
0.00030 60.60 k 47.16  | 1.348    70.755    89.892    0.7913    0.4000 | 1.471    35.000    0.458 | 1.537     35.000    0.412 | 11 hr 35 min 
0.00030 60.80 k 47.31  | 1.351    66.981    86.927    0.7529    0.4000 | 1.377    40.700    0.555 | 1.354     35.000    0.589 | 11 hr 39 min 
0.00030 61.00 k 47.46  | 1.342    69.272    86.523    0.7669    0.4000 | 1.402    38.700    0.517 | 1.223     65.000    0.792 | 11 hr 43 min 
0.00030 61.20 k 47.61  | 1.354    67.925    84.367    0.7511    0.4000 | 1.413    37.400    0.507 | 1.402     35.000    0.550 | 11 hr 46 min 
0.00030 61.40 k 47.76  | 1.345    70.216    89.084    0.7839    0.4000 | 1.445    33.600    0.457 | 1.296     40.000    0.621 | 11 hr 50 min 
0.00030 61.60 k 47.91  | 1.351    71.563    90.431    0.7958    0.4000 | 1.454    35.600    0.470 | 1.483     35.000    0.442 | 11 hr 53 min 
0.00030 61.80 k 48.06  | 1.346    63.477    82.749    0.7133    0.4000 | 1.363    41.700    0.563 | 1.383     35.000    0.542 | 11 hr 57 min 
0.00030 62.00 k 48.22  | 1.346    66.981    86.523    0.7551    0.4000 | 1.414    37.400    0.503 | 1.399     40.000    0.575 | 12 hr 01 min 
0.00030 62.20 k 48.37  | 1.357    66.846    84.771    0.7438    0.4000 | 1.427    36.300    0.493 | 1.403     50.000    0.568 | 12 hr 04 min 
0.00030 62.40 k 48.52  | 1.346    71.294    86.658    0.7794    0.4000 | 1.450    35.100    0.471 | 1.508     30.000    0.410 | 12 hr 08 min 
0.00030 62.60 k 48.67  | 1.346    71.429    89.623    0.7957    0.4000 | 1.454    35.600    0.467 | 1.443     35.000    0.479 | 12 hr 12 min 
0.00030 62.80 k 48.82  | 1.349    66.307    86.119    0.7464    0.4000 | 1.380    42.100    0.556 | 1.371     45.000    0.567 | 12 hr 15 min 
0.00030 63.00 k 48.97  | 1.348    65.364    83.827    0.7332    0.4000 | 1.398    39.600    0.525 | 1.411     45.000    0.517 | 12 hr 19 min 
0.00030 63.20 k 49.13  | 1.352    66.981    83.693    0.7411    0.4000 | 1.410    39.100    0.511 | 1.420     35.000    0.517 | 12 hr 23 min 
0.00030 63.40 k 49.28  | 1.341    71.833    87.601    0.7842    0.4000 | 1.415    38.200    0.496 | 1.299     45.000    0.650 | 12 hr 26 min 
0.00030 63.60 k 49.43  | 1.343    73.181    90.431    0.8031    0.4000 | 1.444    35.000    0.468 | 1.475     25.000    0.375 | 12 hr 30 min 
0.00030 63.80 k 49.58  | 1.339    68.329    86.658    0.7633    0.4000 | 1.366    43.000    0.571 | 1.308     40.000    0.613 | 12 hr 34 min 
0.00030 64.00 k 49.73  | 1.356    65.768    84.636    0.7366    0.4000 | 1.404    38.500    0.516 | 1.404     30.000    0.447 | 12 hr 37 min 
0.00030 64.20 k 49.88  | 1.361    69.003    83.827    0.7539    0.4000 | 1.415    37.500    0.499 | 1.437     40.000    0.514 | 12 hr 41 min 
0.00030 64.40 k 50.03  | 1.364    68.329    85.580    0.7548    0.4000 | 1.447    35.100    0.466 | 1.391     45.000    0.550 | 12 hr 44 min 
0.00030 64.60 k 50.19  | 1.348    74.798    90.162    0.8138    0.4000 | 1.436    37.400    0.485 | 1.414     35.000    0.425 | 12 hr 48 min 
0.00030 64.80 k 50.34  | 1.352    64.151    86.388    0.7307    0.4000 | 1.364    44.100    0.573 | 1.355     45.000    0.550 | 12 hr 52 min 
0.00030 65.00 k 50.49  | 1.347    68.329    87.062    0.7600    0.4000 | 1.379    42.100    0.546 | 1.361     30.000    0.525 | 12 hr 55 min 
0.00030 65.20 k 50.64  | 1.343    69.811    86.927    0.7696    0.4000 | 1.420    39.300    0.507 | 1.362     30.000    0.502 | 12 hr 59 min 
0.00030 65.40 k 50.79  | 1.341    71.968    88.949    0.7913    0.4000 | 1.442    36.900    0.482 | 1.400     30.000    0.463 | 13 hr 03 min 
0.00030 65.60 k 50.94  | 1.340    75.337    91.105    0.8186    0.4000 | 1.443    36.500    0.469 | 1.468     35.000    0.450 | 13 hr 06 min 
0.00030 65.80 k 51.10  | 1.336    69.677    88.275    0.7711    0.4000 | 1.350    44.700    0.590 | 1.311     35.000    0.589 | 13 hr 10 min 
0.00030 66.00 k 51.25  | 1.352    66.173    84.232    0.7360    0.4000 | 1.385    41.900    0.536 | 1.267     55.000    0.671 | 13 hr 14 min 
0.00030 66.20 k 51.40  | 1.351    68.464    83.288    0.7466    0.4000 | 1.411    40.500    0.509 | 1.455     30.000    0.442 | 13 hr 17 min 
0.00030 66.40 k 51.55  | 1.345    69.272    85.445    0.7580    0.4000 | 1.435    37.500    0.483 | 1.394     30.000    0.496 | 13 hr 21 min 
0.00030 66.60 k 51.70  | 1.341    69.407    88.679    0.7701    0.4000 | 1.449    35.600    0.465 | 1.464     30.000    0.479 | 13 hr 25 min 
0.00030 66.80 k 51.85  | 1.361    47.709    81.536    0.6319    0.5000 | 1.369    43.100    0.571 | 1.377     30.000    0.500 | 13 hr 29 min 
0.00030 67.00 k 52.01  | 1.361    60.243    78.976    0.6758    0.4000 | 1.383    43.000    0.548 | 1.390     50.000    0.650 | 13 hr 32 min 
0.00030 67.20 k 52.16  | 1.329    69.946    87.197    0.7714    0.4000 | 1.409    40.100    0.504 | 1.352     45.000    0.592 | 13 hr 36 min 
0.00030 67.40 k 52.31  | 1.341    69.407    87.062    0.7665    0.4000 | 1.422    36.800    0.481 | 1.373     45.000    0.567 | 13 hr 39 min 
0.00030 67.60 k 52.46  | 1.340    70.485    90.027    0.7859    0.4000 | 1.440    37.500    0.478 | 1.386     50.000    0.550 | 13 hr 43 min 
0.00030 67.80 k 52.61  | 1.345    57.412    81.941    0.6687    0.4000 | 1.348    46.500    0.598 | 1.494     35.000    0.487 | 13 hr 47 min 
0.00030 68.00 k 52.76  | 1.348    62.534    81.536    0.7012    0.4000 | 1.374    44.000    0.558 | 1.382     30.000    0.472 | 13 hr 51 min 
0.00030 68.20 k 52.91  | 1.351    59.030    79.515    0.6748    0.4000 | 1.393    41.400    0.520 | 1.379     35.000    0.487 | 13 hr 54 min 
0.00030 68.40 k 53.07  | 1.344    71.563    86.658    0.7800    0.4000 | 1.450    37.800    0.469 | 1.412     35.000    0.460 | 13 hr 58 min 
0.00030 68.60 k 53.22  | 1.338    67.655    88.679    0.7624    0.4000 | 1.452    36.800    0.463 | 1.465     35.000    0.410 | 14 hr 01 min 
0.00030 68.80 k 53.37  | 1.336    62.803    83.288    0.7084    0.4000 | 1.358    45.400    0.588 | 1.421     45.000    0.575 | 14 hr 05 min 
0.00030 69.00 k 53.52  | 1.339    59.838    82.480    0.6844    0.4000 | 1.381    41.800    0.543 | 1.496     40.000    0.435 | 14 hr 09 min 
0.00030 69.20 k 53.67  | 1.342    60.782    81.671    0.6909    0.4000 | 1.405    41.400    0.509 | 1.341     55.000    0.637 | 14 hr 12 min 
0.00030 69.40 k 53.82  | 1.347    65.903    85.984    0.7382    0.4000 | 1.439    38.100    0.481 | 1.389     35.000    0.500 | 14 hr 16 min 
0.00030 69.60 k 53.98  | 1.334    69.542    90.431    0.7791    0.4000 | 1.436    36.100    0.461 | 1.386     35.000    0.479 | 14 hr 20 min 
0.00030 69.80 k 54.13  | 1.336    65.768    88.140    0.7460    0.4000 | 1.366    45.300    0.577 | 1.324     50.000    0.652 | 14 hr 23 min 
